/var/spool/slurm-llnl/slurmd/job2215463/slurm_script: line 20: cd: /home/lgpu0417/deep-learning/assignment_2/part2/: Permission denied
 ------ Job mlp_pytorch is started ------- 
 
Initialize dataset with 550591 characters, 91 unique.
./Grim.txt

Epoch  1 / 100, Training Step  0 / 1000000 , Training Accuracy =  0.11145833879709244 , Training Loss =  4.489178657531738 
-----------------------------------------------
Generated text:  L                              

Epoch  1 / 100, Training Step  100 / 1000000 , Training Accuracy =  0.27916666865348816 , Training Loss =  2.6012392044067383 
-----------------------------------------------
Generated text:  ! te the the the the the the th

Epoch  1 / 100, Training Step  200 / 1000000 , Training Accuracy =  0.35729169845581055 , Training Loss =  2.2476022243499756 
-----------------------------------------------
Generated text:  4 the was the was the was the w

Epoch  1 / 100, Training Step  300 / 1000000 , Training Accuracy =  0.4114583432674408 , Training Loss =  2.0625498294830322 
-----------------------------------------------
Generated text:  und the was the was the was the

Epoch  1 / 100, Training Step  400 / 1000000 , Training Accuracy =  0.44583335518836975 , Training Loss =  1.9277232885360718 
-----------------------------------------------
Generated text:  per the said the said the said 

Epoch  1 / 100, Training Step  500 / 1000000 , Training Accuracy =  0.45625001192092896 , Training Loss =  1.8333630561828613 
-----------------------------------------------
Generated text:   said the was the was the was

Epoch  1 / 100, Training Step  600 / 1000000 , Training Accuracy =  0.476041704416275 , Training Loss =  1.782236099243164 
-----------------------------------------------
Generated text:  O she with the will the will th

Epoch  1 / 100, Training Step  700 / 1000000 , Training Accuracy =  0.5140625238418579 , Training Loss =  1.6488255262374878 
-----------------------------------------------
Generated text:   âWhat the was and said the

Epoch  1 / 100, Training Step  800 / 1000000 , Training Accuracy =  0.5203125476837158 , Training Loss =  1.6157675981521606 
-----------------------------------------------
Generated text:  % the fore the could the fore t

Epoch  1 / 100, Training Step  900 / 1000000 , Training Accuracy =  0.5083333849906921 , Training Loss =  1.664882779121399 
-----------------------------------------------
Generated text:  -he was she was she was she was

Epoch  1 / 100, Training Step  1000 / 1000000 , Training Accuracy =  0.5385416746139526 , Training Loss =  1.5617979764938354 
-----------------------------------------------
Generated text:  The said the work the work the 

Epoch  1 / 100, Training Step  1100 / 1000000 , Training Accuracy =  0.5453125238418579 , Training Loss =  1.5414106845855713 
-----------------------------------------------
Generated text:  Un the bear to the bear to the 

Epoch  1 / 100, Training Step  1200 / 1000000 , Training Accuracy =  0.5708333849906921 , Training Loss =  1.43130624294281 
-----------------------------------------------
Generated text:  , and the work the country the 

Epoch  1 / 100, Training Step  1300 / 1000000 , Training Accuracy =  0.5406250357627869 , Training Loss =  1.5087240934371948 
-----------------------------------------------
Generated text:  Lind the fire was a streated to

Epoch  1 / 100, Training Step  1400 / 1000000 , Training Accuracy =  0.5640625357627869 , Training Loss =  1.4657893180847168 
-----------------------------------------------
Generated text:  o the streed the streed the str

Epoch  1 / 100, Training Step  1500 / 1000000 , Training Accuracy =  0.5723958611488342 , Training Loss =  1.416072964668274 
-----------------------------------------------
Generated text:  Go he was a little way the gold

Epoch  1 / 100, Training Step  1600 / 1000000 , Training Accuracy =  0.5526041984558105 , Training Loss =  1.4977277517318726 
-----------------------------------------------
Generated text:  d the word to the word to the w

Epoch  1 / 100, Training Step  1700 / 1000000 , Training Accuracy =  0.5791667103767395 , Training Loss =  1.3880589008331299 
-----------------------------------------------
Generated text:  ound the should have he was a s

Epoch  1 / 100, Training Step  1800 / 1000000 , Training Accuracy =  0.5625 , Training Loss =  1.4464409351348877 
-----------------------------------------------
Generated text:  Qulen and said, âWhat are you

Epoch  1 / 100, Training Step  1900 / 1000000 , Training Accuracy =  0.589062511920929 , Training Loss =  1.3163143396377563 
-----------------------------------------------
Generated text:  one the son was alone and said:

Epoch  1 / 100, Training Step  2000 / 1000000 , Training Accuracy =  0.5791667103767395 , Training Loss =  1.3968842029571533 
-----------------------------------------------
Generated text:  ] and the world was the world w

Epoch  1 / 100, Training Step  2100 / 1000000 , Training Accuracy =  0.581250011920929 , Training Loss =  1.384374737739563 
-----------------------------------------------
Generated text:  Cand to the strange said, âI 

Epoch  1 / 100, Training Step  2200 / 1000000 , Training Accuracy =  0.5895833373069763 , Training Loss =  1.3316007852554321 
-----------------------------------------------
Generated text:  # and said, âI will not may b

Epoch  1 / 100, Training Step  2300 / 1000000 , Training Accuracy =  0.5869792103767395 , Training Loss =  1.3355597257614136 
-----------------------------------------------
Generated text:  E THE FOX THE FOX THE FOX THE F

Epoch  1 / 100, Training Step  2400 / 1000000 , Training Accuracy =  0.5817708373069763 , Training Loss =  1.3259166479110718 
-----------------------------------------------
Generated text:  8 have a little time and said, 

Epoch  1 / 100, Training Step  2500 / 1000000 , Training Accuracy =  0.5848958492279053 , Training Loss =  1.371885895729065 
-----------------------------------------------
Generated text:  ll the fine came to the finger,

Epoch  1 / 100, Training Step  2600 / 1000000 , Training Accuracy =  0.6119791865348816 , Training Loss =  1.2654261589050293 
-----------------------------------------------
Generated text:  Project Gutenberg-tm electronic

Epoch  1 / 100, Training Step  2700 / 1000000 , Training Accuracy =  0.6015625596046448 , Training Loss =  1.2781708240509033 
-----------------------------------------------
Generated text:  My head the spindle of the wind

Epoch  1 / 100, Training Step  2800 / 1000000 , Training Accuracy =  0.6192708611488342 , Training Loss =  1.2719932794570923 
-----------------------------------------------
Generated text:  Zour of the wood to the wood to

Epoch  1 / 100, Training Step  2900 / 1000000 , Training Accuracy =  0.5989583730697632 , Training Loss =  1.3220200538635254 
-----------------------------------------------
Generated text:  Project Gutenberg-tm the second

Epoch  1 / 100, Training Step  3000 / 1000000 , Training Accuracy =  0.6156250238418579 , Training Loss =  1.2738091945648193 
-----------------------------------------------
Generated text:  Project Gutenberg-tm electronic

Epoch  1 / 100, Training Step  3100 / 1000000 , Training Accuracy =  0.6286458373069763 , Training Loss =  1.2609227895736694 
-----------------------------------------------
Generated text:  My work the second was to be so

Epoch  1 / 100, Training Step  3200 / 1000000 , Training Accuracy =  0.5791667103767395 , Training Loss =  1.3457298278808594 
-----------------------------------------------
Generated text:  9 and said, âI will shall be 

Epoch  1 / 100, Training Step  3300 / 1000000 , Training Accuracy =  0.6182292103767395 , Training Loss =  1.2463569641113281 
-----------------------------------------------
Generated text:  2 and said: âWhat a country a

Epoch  1 / 100, Training Step  3400 / 1000000 , Training Accuracy =  0.6135417222976685 , Training Loss =  1.280059814453125 
-----------------------------------------------
Generated text:  ï the tailor was to the tailor 

Epoch  1 / 100, Training Step  3500 / 1000000 , Training Accuracy =  0.6140625476837158 , Training Loss =  1.2489149570465088 
-----------------------------------------------
Generated text:  _ she was so many standing and 

Epoch  1 / 100, Training Step  3600 / 1000000 , Training Accuracy =  0.6052083373069763 , Training Loss =  1.2775427103042603 
-----------------------------------------------
Generated text:  # and said: âI shall be a sta

Epoch  1 / 100, Training Step  3700 / 1000000 , Training Accuracy =  0.6291667222976685 , Training Loss =  1.2316555976867676 
-----------------------------------------------
Generated text:  ll the spit of the world. âIf

Epoch  1 / 100, Training Step  3800 / 1000000 , Training Accuracy =  0.6093750596046448 , Training Loss =  1.2795604467391968 
-----------------------------------------------
Generated text:  !â The second said: âI will

Epoch  1 / 100, Training Step  3900 / 1000000 , Training Accuracy =  0.6255208849906921 , Training Loss =  1.230041265487671 
-----------------------------------------------
Generated text:  9, and the stone was to be got 

Epoch  1 / 100, Training Step  4000 / 1000000 , Training Accuracy =  0.6062500476837158 , Training Loss =  1.2665067911148071 
-----------------------------------------------
Generated text:  joy the stream that the wolf wa

Epoch  1 / 100, Training Step  4100 / 1000000 , Training Accuracy =  0.6161458492279053 , Training Loss =  1.2215380668640137 
-----------------------------------------------
Generated text:   âI will go into the wood wa

Epoch  1 / 100, Training Step  4200 / 1000000 , Training Accuracy =  0.6213542222976685 , Training Loss =  1.2437422275543213 
-----------------------------------------------
Generated text:  $ what had happened to him, and

Epoch  1 / 100, Training Step  4300 / 1000000 , Training Accuracy =  0.6078125238418579 , Training Loss =  1.2513444423675537 
-----------------------------------------------
Generated text:   the window and said: âI will

Epoch  1 / 100, Training Step  4400 / 1000000 , Training Accuracy =  0.6265625357627869 , Training Loss =  1.204983115196228 
-----------------------------------------------
Generated text:  591, 1812 and go to the world a

Epoch  1 / 100, Training Step  4500 / 1000000 , Training Accuracy =  0.604687511920929 , Training Loss =  1.2393909692764282 
-----------------------------------------------
Generated text:  2 the second thing that she was

Epoch  1 / 100, Training Step  4600 / 1000000 , Training Accuracy =  0.6135417222976685 , Training Loss =  1.2468960285186768 
-----------------------------------------------
Generated text:  Hans and the straw that she had

Epoch  1 / 100, Training Step  4700 / 1000000 , Training Accuracy =  0.6104167103767395 , Training Loss =  1.2306500673294067 
-----------------------------------------------
Generated text:  r the world was so fastened the

Epoch  1 / 100, Training Step  4800 / 1000000 , Training Accuracy =  0.6130208373069763 , Training Loss =  1.2429842948913574 
-----------------------------------------------
Generated text:  ped the stable and said: âI w

Epoch  1 / 100, Training Step  4900 / 1000000 , Training Accuracy =  0.6296875476837158 , Training Loss =  1.1569300889968872 
-----------------------------------------------
Generated text:  Zead of the stairs were all the

Epoch  1 / 100, Training Step  5000 / 1000000 , Training Accuracy =  0.6192708611488342 , Training Loss =  1.1962635517120361 
-----------------------------------------------
Generated text:   said the fisherman, âand th

Epoch  1 / 100, Training Step  5100 / 1000000 , Training Accuracy =  0.6354166865348816 , Training Loss =  1.1853294372558594 
-----------------------------------------------
Generated text:  @ she was all the spring on the

Epoch  1 / 100, Training Step  5200 / 1000000 , Training Accuracy =  0.635937511920929 , Training Loss =  1.167159914970398 
-----------------------------------------------
Generated text:  Gretel said, âI am going to t

Epoch  1 / 100, Training Step  5300 / 1000000 , Training Accuracy =  0.6328125596046448 , Training Loss =  1.2108654975891113 
-----------------------------------------------
Generated text:  y was all the seash of the wind

Epoch  1 / 100, Training Step  5400 / 1000000 , Training Accuracy =  0.6151041984558105 , Training Loss =  1.252811312675476 
-----------------------------------------------
Generated text:  9, and the cook said, âI will

Epoch  1 / 100, Training Step  5500 / 1000000 , Training Accuracy =  0.6182292103767395 , Training Loss =  1.2329845428466797 
-----------------------------------------------
Generated text:  X      THE FOX AND THE SAOK-CEA

Epoch  1 / 100, Training Step  5600 / 1000000 , Training Accuracy =  0.6354166865348816 , Training Loss =  1.189670205116272 
-----------------------------------------------
Generated text:  And the second came to the cast

Epoch  1 / 100, Training Step  5700 / 1000000 , Training Accuracy =  0.6302083730697632 , Training Loss =  1.2479190826416016 
-----------------------------------------------
Generated text:  !â said the fisherman was alr

Epoch  1 / 100, Training Step  5800 / 1000000 , Training Accuracy =  0.6291667222976685 , Training Loss =  1.211568832397461 
-----------------------------------------------
Generated text:  pearest and the soldier stopped

Epoch  1 / 100, Training Step  5900 / 1000000 , Training Accuracy =  0.6291667222976685 , Training Loss =  1.1884534358978271 
-----------------------------------------------
Generated text:  X      THE STORY OF THE WITTLE 

Epoch  1 / 100, Training Step  6000 / 1000000 , Training Accuracy =  0.6208333373069763 , Training Loss =  1.1986099481582642 
-----------------------------------------------
Generated text:  0 work in the world who was sti

Epoch  1 / 100, Training Step  6100 / 1000000 , Training Accuracy =  0.6031250357627869 , Training Loss =  1.2467268705368042 
-----------------------------------------------
Generated text:   and the stored of the window,

Epoch  1 / 100, Training Step  6200 / 1000000 , Training Accuracy =  0.6375000476837158 , Training Loss =  1.175373911857605 
-----------------------------------------------
Generated text:  ****

THE WELTLET ROLING MRS FO

Epoch  1 / 100, Training Step  6300 / 1000000 , Training Accuracy =  0.6338542103767395 , Training Loss =  1.1582213640213013 
-----------------------------------------------
Generated text:  My father will be a big the win

Epoch  1 / 100, Training Step  6400 / 1000000 , Training Accuracy =  0.6447917222976685 , Training Loss =  1.1596896648406982 
-----------------------------------------------
Generated text:  be a great way of the world, an

Epoch  1 / 100, Training Step  6500 / 1000000 , Training Accuracy =  0.6255208849906921 , Training Loss =  1.2184697389602661 
-----------------------------------------------
Generated text:  What do you shall be a strang

Epoch  1 / 100, Training Step  6600 / 1000000 , Training Accuracy =  0.6432291865348816 , Training Loss =  1.148269534111023 
-----------------------------------------------
Generated text:  /cked the star-gazer to the spa

Epoch  1 / 100, Training Step  6700 / 1000000 , Training Accuracy =  0.6364583373069763 , Training Loss =  1.1722385883331299 
-----------------------------------------------
Generated text:   said the fisherman, âI wil

Epoch  1 / 100, Training Step  6800 / 1000000 , Training Accuracy =  0.6401041746139526 , Training Loss =  1.1554416418075562 
-----------------------------------------------
Generated text:  1.  It may not stand the world 

Epoch  1 / 100, Training Step  6900 / 1000000 , Training Accuracy =  0.6286458373069763 , Training Loss =  1.1999590396881104 
-----------------------------------------------
Generated text:  ?â âI am so much to see the

Epoch  1 / 100, Training Step  7000 / 1000000 , Training Accuracy =  0.6338542103767395 , Training Loss =  1.15618896484375 
-----------------------------------------------
Generated text:  quite straight the stairs were 

Epoch  1 / 100, Training Step  7100 / 1000000 , Training Accuracy =  0.6526042222976685 , Training Loss =  1.117897868156433 
-----------------------------------------------
Generated text:  : âWhat a child was to be the

Epoch  1 / 100, Training Step  7200 / 1000000 , Training Accuracy =  0.6406250596046448 , Training Loss =  1.1459025144577026 
-----------------------------------------------
Generated text:  I will not be a fine thing to m

Epoch  1 / 100, Training Step  7300 / 1000000 , Training Accuracy =  0.6286458373069763 , Training Loss =  1.160330057144165 
-----------------------------------------------
Generated text:  1.  If you are seen it is to be

Epoch  1 / 100, Training Step  7400 / 1000000 , Training Accuracy =  0.6291667222976685 , Training Loss =  1.177966833114624 
-----------------------------------------------
Generated text:  Project Gutenberg-tm electronic

Epoch  1 / 100, Training Step  7500 / 1000000 , Training Accuracy =  0.6223958730697632 , Training Loss =  1.1892532110214233 
-----------------------------------------------
Generated text:  But the second time the second 

Epoch  1 / 100, Training Step  7600 / 1000000 , Training Accuracy =  0.6395833492279053 , Training Loss =  1.1190236806869507 
-----------------------------------------------
Generated text:  X THE WITH WHET TOREN AND THE S

Epoch  1 / 100, Training Step  7700 / 1000000 , Training Accuracy =  0.6416667103767395 , Training Loss =  1.1366629600524902 
-----------------------------------------------
Generated text:   âWhat a beautiful bird am 

Epoch  1 / 100, Training Step  7800 / 1000000 , Training Accuracy =  0.6520833969116211 , Training Loss =  1.1220569610595703 
-----------------------------------------------
Generated text:  the wolf was asked him and said

Epoch  1 / 100, Training Step  7900 / 1000000 , Training Accuracy =  0.6114583611488342 , Training Loss =  1.2541489601135254 
-----------------------------------------------
Generated text:  was a good morning and we will 

Epoch  1 / 100, Training Step  8000 / 1000000 , Training Accuracy =  0.6322916746139526 , Training Loss =  1.150846004486084 
-----------------------------------------------
Generated text:  _ said the cat, âit was not t

Epoch  1 / 100, Training Step  8100 / 1000000 , Training Accuracy =  0.6473958492279053 , Training Loss =  1.1294095516204834 
-----------------------------------------------
Generated text:  ) strange castle was to be the 

Epoch  1 / 100, Training Step  8200 / 1000000 , Training Accuracy =  0.6541666984558105 , Training Loss =  1.0954302549362183 
-----------------------------------------------
Generated text:  ked the seaming and said, âI 

Epoch  1 / 100, Training Step  8300 / 1000000 , Training Accuracy =  0.6572917103767395 , Training Loss =  1.1294816732406616 
-----------------------------------------------
Generated text:  pereally a dear little son was 

Epoch  1 / 100, Training Step  8400 / 1000000 , Training Accuracy =  0.6427083611488342 , Training Loss =  1.1430641412734985 
-----------------------------------------------
Generated text:  On the tree and said: âI have

Epoch  1 / 100, Training Step  8500 / 1000000 , Training Accuracy =  0.6385416984558105 , Training Loss =  1.1304280757904053 
-----------------------------------------------
Generated text:  ï the bird was so beautiful tha

Epoch  1 / 100, Training Step  8600 / 1000000 , Training Accuracy =  0.6531250476837158 , Training Loss =  1.1044495105743408 
-----------------------------------------------
Generated text:  When they had been a stone and 
srun: Job step aborted: Waiting up to 32 seconds for job step to finish.
slurmstepd: error: *** JOB 2215463 ON r30n4 CANCELLED AT 2019-04-28T14:53:24 ***
