/var/spool/slurm-llnl/slurmd/job2215413/slurm_script: line 19: cd: /home/lgpu0417/deep-learning/assignment_2/part2/: Permission denied
 ------ Job mlp_pytorch is started ------- 
 
Initialize dataset with 550591 characters, 91 unique.
./Grim.txt

Epoch  1 / 100, Training Step  0 / 1000000 , Training Accuracy =  0.008333333767950535 , Training Loss =  4.514090538024902 
-----------------------------------------------
Generated text:  O                              

Epoch  1 / 100, Training Step  100 / 1000000 , Training Accuracy =  0.17864584922790527 , Training Loss =  3.079075813293457 
-----------------------------------------------
Generated text:  U                              

Epoch  1 / 100, Training Step  200 / 1000000 , Training Accuracy =  0.3031250238418579 , Training Loss =  2.538039445877075 
-----------------------------------------------
Generated text:  . the the the the the the the t

Epoch  1 / 100, Training Step  300 / 1000000 , Training Accuracy =  0.3916666805744171 , Training Loss =  2.121312379837036 
-----------------------------------------------
Generated text:  8 he was the was the was the wa

Epoch  1 / 100, Training Step  400 / 1000000 , Training Accuracy =  0.44218751788139343 , Training Loss =  1.9208382368087769 
-----------------------------------------------
Generated text:  y the wing the wing the wing th

Epoch  1 / 100, Training Step  500 / 1000000 , Training Accuracy =  0.42656251788139343 , Training Loss =  1.926222324371338 
-----------------------------------------------
Generated text:  # the said the said the said th

Epoch  1 / 100, Training Step  600 / 1000000 , Training Accuracy =  0.483854204416275 , Training Loss =  1.8037763833999634 
-----------------------------------------------
Generated text:  Jout the was the was the was th

Epoch  1 / 100, Training Step  700 / 1000000 , Training Accuracy =  0.5015625357627869 , Training Loss =  1.6850054264068604 
-----------------------------------------------
Generated text:  * when the was the was the was 

Epoch  1 / 100, Training Step  800 / 1000000 , Training Accuracy =  0.5130208730697632 , Training Loss =  1.6606566905975342 
-----------------------------------------------
Generated text:  ø the could the carring the cam

Epoch  1 / 100, Training Step  900 / 1000000 , Training Accuracy =  0.5218750238418579 , Training Loss =  1.620257019996643 
-----------------------------------------------
Generated text:  _ and the could the could the c

Epoch  1 / 100, Training Step  1000 / 1000000 , Training Accuracy =  0.5322917103767395 , Training Loss =  1.543738603591919 
-----------------------------------------------
Generated text:  -the was and said to the was an

Epoch  1 / 100, Training Step  1100 / 1000000 , Training Accuracy =  0.5338541865348816 , Training Loss =  1.6032187938690186 
-----------------------------------------------
Generated text:  per the bearth the stread to th

Epoch  1 / 100, Training Step  1200 / 1000000 , Training Accuracy =  0.5442708730697632 , Training Loss =  1.5188918113708496 
-----------------------------------------------
Generated text:  _ and said: ‚ÄòThe cat she was 

Epoch  1 / 100, Training Step  1300 / 1000000 , Training Accuracy =  0.5390625 , Training Loss =  1.5401417016983032 
-----------------------------------------------
Generated text:  E The seating the stone the sto

Epoch  1 / 100, Training Step  1400 / 1000000 , Training Accuracy =  0.5697916746139526 , Training Loss =  1.425904393196106 
-----------------------------------------------
Generated text:  A she was so had been to the wa

Epoch  1 / 100, Training Step  1500 / 1000000 , Training Accuracy =  0.5760416984558105 , Training Loss =  1.412273645401001 
-----------------------------------------------
Generated text:  ch the spot the spon the spot t

Epoch  1 / 100, Training Step  1600 / 1000000 , Training Accuracy =  0.5619791746139526 , Training Loss =  1.4405518770217896 
-----------------------------------------------
Generated text:  beer and said, ‚ÄòI will see to

Epoch  1 / 100, Training Step  1700 / 1000000 , Training Accuracy =  0.5619791746139526 , Training Loss =  1.4377174377441406 
-----------------------------------------------
Generated text:  úhere the starrong to the starr

Epoch  1 / 100, Training Step  1800 / 1000000 , Training Accuracy =  0.5848958492279053 , Training Loss =  1.392228603363037 
-----------------------------------------------
Generated text:  Hans was a said, ‚ÄòI will soon

Epoch  1 / 100, Training Step  1900 / 1000000 , Training Accuracy =  0.5807291865348816 , Training Loss =  1.404636263847351 
-----------------------------------------------
Generated text:  1 THE THE THE THE THE THE THE T

Epoch  1 / 100, Training Step  2000 / 1000000 , Training Accuracy =  0.5692708492279053 , Training Loss =  1.397194743156433 
-----------------------------------------------
Generated text:  3 should not see it into the co

Epoch  1 / 100, Training Step  2100 / 1000000 , Training Accuracy =  0.581250011920929 , Training Loss =  1.3873028755187988 
-----------------------------------------------
Generated text:  Lied the world the second was t

Epoch  1 / 100, Training Step  2200 / 1000000 , Training Accuracy =  0.5854166746139526 , Training Loss =  1.3427503108978271 
-----------------------------------------------
Generated text:  You shall be a little man and s

Epoch  1 / 100, Training Step  2300 / 1000000 , Training Accuracy =  0.6010416746139526 , Training Loss =  1.3075873851776123 
-----------------------------------------------
Generated text:  joy and the soldier was all the

Epoch  1 / 100, Training Step  2400 / 1000000 , Training Accuracy =  0.5953125357627869 , Training Loss =  1.3253180980682373 
-----------------------------------------------
Generated text:  When the morning to the king of

Epoch  1 / 100, Training Step  2500 / 1000000 , Training Accuracy =  0.5973958373069763 , Training Loss =  1.315994381904602 
-----------------------------------------------
Generated text:  _ and went out of the world was

Epoch  1 / 100, Training Step  2600 / 1000000 , Training Accuracy =  0.5911458730697632 , Training Loss =  1.3564685583114624 
-----------------------------------------------
Generated text:  But the work was to be so many 

Epoch  1 / 100, Training Step  2700 / 1000000 , Training Accuracy =  0.5869792103767395 , Training Loss =  1.3615189790725708 
-----------------------------------------------
Generated text:  : ‚ÄòWhat are you the second wa

Epoch  1 / 100, Training Step  2800 / 1000000 , Training Accuracy =  0.5869792103767395 , Training Loss =  1.305646300315857 
-----------------------------------------------
Generated text:  Now the princess were the princ

Epoch  1 / 100, Training Step  2900 / 1000000 , Training Accuracy =  0.6083333492279053 , Training Loss =  1.2798694372177124 
-----------------------------------------------
Generated text:  ù ‚ÄòI will go and said, ‚ÄòI h

Epoch  1 / 100, Training Step  3000 / 1000000 , Training Accuracy =  0.5994791984558105 , Training Loss =  1.3346909284591675 
-----------------------------------------------
Generated text:  K I am so heard the work with t

Epoch  1 / 100, Training Step  3100 / 1000000 , Training Accuracy =  0.5994791984558105 , Training Loss =  1.311131238937378 
-----------------------------------------------
Generated text:  And the king was so had been th

Epoch  1 / 100, Training Step  3200 / 1000000 , Training Accuracy =  0.5989583730697632 , Training Loss =  1.3379167318344116 
-----------------------------------------------
Generated text:  1.  In the golden court of the 

Epoch  1 / 100, Training Step  3300 / 1000000 , Training Accuracy =  0.6156250238418579 , Training Loss =  1.2603459358215332 
-----------------------------------------------
Generated text:  One of the fire, and then the f

Epoch  1 / 100, Training Step  3400 / 1000000 , Training Accuracy =  0.6276041865348816 , Training Loss =  1.2032874822616577 
-----------------------------------------------
Generated text:  ; and the king of the sealle of

Epoch  1 / 100, Training Step  3500 / 1000000 , Training Accuracy =  0.6015625596046448 , Training Loss =  1.302400827407837 
-----------------------------------------------
Generated text:  Then the second said, ‚ÄòI will

Epoch  1 / 100, Training Step  3600 / 1000000 , Training Accuracy =  0.6109375357627869 , Training Loss =  1.2562298774719238 
-----------------------------------------------
Generated text:  X THE WILLE AND THE SUNTTHE BRO

Epoch  1 / 100, Training Step  3700 / 1000000 , Training Accuracy =  0.6104167103767395 , Training Loss =  1.2660329341888428 
-----------------------------------------------
Generated text:  . The king said, ‚ÄòI will go t

Epoch  1 / 100, Training Step  3800 / 1000000 , Training Accuracy =  0.6223958730697632 , Training Loss =  1.2327880859375 
-----------------------------------------------
Generated text:  X THE STORTE TOR THE SOLE
     

Epoch  1 / 100, Training Step  3900 / 1000000 , Training Accuracy =  0.6104167103767395 , Training Loss =  1.2556427717208862 
-----------------------------------------------
Generated text:  4 was a gold came to the world,

Epoch  1 / 100, Training Step  4000 / 1000000 , Training Accuracy =  0.6333333849906921 , Training Loss =  1.2088754177093506 
-----------------------------------------------
Generated text:  !‚Äô said the man who had to be

Epoch  1 / 100, Training Step  4100 / 1000000 , Training Accuracy =  0.6343750357627869 , Training Loss =  1.1974204778671265 
-----------------------------------------------
Generated text:  VER THE SEVEN AND THE SEVEN AND

Epoch  1 / 100, Training Step  4200 / 1000000 , Training Accuracy =  0.6177083849906921 , Training Loss =  1.2470506429672241 
-----------------------------------------------
Generated text:  




THE FOX AND THE SEVEN AND 

Epoch  1 / 100, Training Step  4300 / 1000000 , Training Accuracy =  0.620312511920929 , Training Loss =  1.24538254737854 
-----------------------------------------------
Generated text:  D THE STORY THE BUS AND THE SHO

Epoch  1 / 100, Training Step  4400 / 1000000 , Training Accuracy =  0.6114583611488342 , Training Loss =  1.283931851387024 
-----------------------------------------------
Generated text:  -when the wolf was a golden cas

Epoch  1 / 100, Training Step  4500 / 1000000 , Training Accuracy =  0.6291667222976685 , Training Loss =  1.2175225019454956 
-----------------------------------------------
Generated text:  : ‚ÄòI will give you a little w

Epoch  1 / 100, Training Step  4600 / 1000000 , Training Accuracy =  0.6234375238418579 , Training Loss =  1.253247618675232 
-----------------------------------------------
Generated text:  /th the wolf was all the soldie

Epoch  1 / 100, Training Step  4700 / 1000000 , Training Accuracy =  0.620312511920929 , Training Loss =  1.2644035816192627 
-----------------------------------------------
Generated text:  pen the stone the strange was a

Epoch  1 / 100, Training Step  4800 / 1000000 , Training Accuracy =  0.6270833611488342 , Training Loss =  1.2018907070159912 
-----------------------------------------------
Generated text:  2 ‚ÄòI will go into the cow he 

Epoch  1 / 100, Training Step  4900 / 1000000 , Training Accuracy =  0.6364583373069763 , Training Loss =  1.1991311311721802 
-----------------------------------------------
Generated text:  0 was so beautiful that he was 

Epoch  1 / 100, Training Step  5000 / 1000000 , Training Accuracy =  0.6234375238418579 , Training Loss =  1.2328517436981201 
-----------------------------------------------
Generated text:  # we will take you the fish wer

Epoch  1 / 100, Training Step  5100 / 1000000 , Training Accuracy =  0.6218750476837158 , Training Loss =  1.2221537828445435 
-----------------------------------------------
Generated text:  Cat said the stars, and the sol

Epoch  1 / 100, Training Step  5200 / 1000000 , Training Accuracy =  0.6348958611488342 , Training Loss =  1.2335858345031738 
-----------------------------------------------
Generated text:  Good day, and the peasant was a

Epoch  1 / 100, Training Step  5300 / 1000000 , Training Accuracy =  0.6322916746139526 , Training Loss =  1.2159687280654907 
-----------------------------------------------
Generated text:  ù ‚ÄòI will give you a long to 

Epoch  1 / 100, Training Step  5400 / 1000000 , Training Accuracy =  0.6250000596046448 , Training Loss =  1.2724738121032715 
-----------------------------------------------
Generated text:  Now the second son should have 

Epoch  1 / 100, Training Step  5500 / 1000000 , Training Accuracy =  0.6109375357627869 , Training Loss =  1.248618483543396 
-----------------------------------------------
Generated text:  One day the second son was all 

Epoch  1 / 100, Training Step  5600 / 1000000 , Training Accuracy =  0.6333333849906921 , Training Loss =  1.2049858570098877 
-----------------------------------------------
Generated text:  King Grisly-beard will be a gre

Epoch  1 / 100, Training Step  5700 / 1000000 , Training Accuracy =  0.6406250596046448 , Training Loss =  1.1637934446334839 
-----------------------------------------------
Generated text:  7 And the second stood and said

Epoch  1 / 100, Training Step  5800 / 1000000 , Training Accuracy =  0.6520833969116211 , Training Loss =  1.1297576427459717 
-----------------------------------------------
Generated text:  $ the stars, and the second sto

Epoch  1 / 100, Training Step  5900 / 1000000 , Training Accuracy =  0.6192708611488342 , Training Loss =  1.2242540121078491 
-----------------------------------------------
Generated text:  Chanticleer and see where the w

Epoch  1 / 100, Training Step  6000 / 1000000 , Training Accuracy =  0.6218750476837158 , Training Loss =  1.2021450996398926 
-----------------------------------------------
Generated text:  6 The second son was always sai

Epoch  1 / 100, Training Step  6100 / 1000000 , Training Accuracy =  0.6390625238418579 , Training Loss =  1.1630805730819702 
-----------------------------------------------
Generated text:  ?‚Äô ‚ÄòI am not to do so have 

Epoch  1 / 100, Training Step  6200 / 1000000 , Training Accuracy =  0.6583333611488342 , Training Loss =  1.1193487644195557 
-----------------------------------------------
Generated text:  Marleen said: ‚ÄòI will give yo

Epoch  1 / 100, Training Step  6300 / 1000000 , Training Accuracy =  0.643750011920929 , Training Loss =  1.1451780796051025 
-----------------------------------------------
Generated text:  [ THE STORY

There was once a l

Epoch  1 / 100, Training Step  6400 / 1000000 , Training Accuracy =  0.6234375238418579 , Training Loss =  1.191038966178894 
-----------------------------------------------
Generated text:  y the cook was a golden bird an

Epoch  1 / 100, Training Step  6500 / 1000000 , Training Accuracy =  0.6255208849906921 , Training Loss =  1.188650131225586 
-----------------------------------------------
Generated text:  came to the king, and said, ‚Äò

Epoch  1 / 100, Training Step  6600 / 1000000 , Training Accuracy =  0.6177083849906921 , Training Loss =  1.2320799827575684 
-----------------------------------------------
Generated text:  òI will soon set out the bride 

Epoch  1 / 100, Training Step  6700 / 1000000 , Training Accuracy =  0.6406250596046448 , Training Loss =  1.1422288417816162 
-----------------------------------------------
Generated text:  o the cart, and said, ‚ÄòI will

Epoch  1 / 100, Training Step  6800 / 1000000 , Training Accuracy =  0.6307291984558105 , Training Loss =  1.1730059385299683 
-----------------------------------------------
Generated text:  he was to be made the country a

Epoch  1 / 100, Training Step  6900 / 1000000 , Training Accuracy =  0.6453125476837158 , Training Loss =  1.1424230337142944 
-----------------------------------------------
Generated text:  (IN AND THE SEVEN AND THE SEVEN

Epoch  1 / 100, Training Step  7000 / 1000000 , Training Accuracy =  0.6447917222976685 , Training Loss =  1.169080138206482 
-----------------------------------------------
Generated text:  -to the king‚Äôs daughter and t

Epoch  1 / 100, Training Step  7100 / 1000000 , Training Accuracy =  0.620312511920929 , Training Loss =  1.2080825567245483 
-----------------------------------------------
Generated text:  zed the courtyard, and said, ‚Ä

Epoch  1 / 100, Training Step  7200 / 1000000 , Training Accuracy =  0.6343750357627869 , Training Loss =  1.1613430976867676 
-----------------------------------------------
Generated text:  -took the whole day that the wo

Epoch  1 / 100, Training Step  7300 / 1000000 , Training Accuracy =  0.6625000238418579 , Training Loss =  1.1028125286102295 
-----------------------------------------------
Generated text:  !‚Äô Then the king was so see w

Epoch  1 / 100, Training Step  7400 / 1000000 , Training Accuracy =  0.6270833611488342 , Training Loss =  1.2515263557434082 
-----------------------------------------------
Generated text:  For anything to me in the wood 

Epoch  1 / 100, Training Step  7500 / 1000000 , Training Accuracy =  0.6380208730697632 , Training Loss =  1.1560224294662476 
-----------------------------------------------
Generated text:  And the second son was all the 

Epoch  1 / 100, Training Step  7600 / 1000000 , Training Accuracy =  0.6520833969116211 , Training Loss =  1.1354817152023315 
-----------------------------------------------
Generated text:  # when the woman went to the bo

Epoch  1 / 100, Training Step  7700 / 1000000 , Training Accuracy =  0.6447917222976685 , Training Loss =  1.142966628074646 
-----------------------------------------------
Generated text:  and the wife stood still and sa

Epoch  1 / 100, Training Step  7800 / 1000000 , Training Accuracy =  0.6411458849906921 , Training Loss =  1.176949143409729 
-----------------------------------------------
Generated text:  $ with the forest, and the sold

Epoch  1 / 100, Training Step  7900 / 1000000 , Training Accuracy =  0.6302083730697632 , Training Loss =  1.1857566833496094 
-----------------------------------------------
Generated text:  E AND THE SEVEN

There was once

Epoch  1 / 100, Training Step  8000 / 1000000 , Training Accuracy =  0.6166666746139526 , Training Loss =  1.221834659576416 
-----------------------------------------------
Generated text:  ?‚Äô ‚ÄòWhat do you see the pri

Epoch  1 / 100, Training Step  8100 / 1000000 , Training Accuracy =  0.6552083492279053 , Training Loss =  1.121578335762024 
-----------------------------------------------
Generated text:  f the work in the cart, and sai

Epoch  1 / 100, Training Step  8200 / 1000000 , Training Accuracy =  0.6447917222976685 , Training Loss =  1.1429176330566406 
-----------------------------------------------
Generated text:  . The man was all the wind had 

Epoch  1 / 100, Training Step  8300 / 1000000 , Training Accuracy =  0.6505208611488342 , Training Loss =  1.11532723903656 
-----------------------------------------------
Generated text:  g the spot where the woman was 

Epoch  1 / 100, Training Step  8400 / 1000000 , Training Accuracy =  0.6468750238418579 , Training Loss =  1.1390656232833862 
-----------------------------------------------
Generated text:  ou must go into the world, and 

Epoch  1 / 100, Training Step  8500 / 1000000 , Training Accuracy =  0.6562500596046448 , Training Loss =  1.0753841400146484 
-----------------------------------------------
Generated text:  The little man was all that he 

Epoch  1 / 100, Training Step  8600 / 1000000 , Training Accuracy =  0.628125011920929 , Training Loss =  1.1819021701812744 
-----------------------------------------------
Generated text:  ªther and said: ‚ÄòThe wolf was

Epoch  2 / 100, Training Step  0 / 1000000 , Training Accuracy =  0.6395833492279053 , Training Loss =  1.1553840637207031 
-----------------------------------------------
Generated text:  g the wolf was all the princess

Epoch  2 / 100, Training Step  100 / 1000000 , Training Accuracy =  0.643750011920929 , Training Loss =  1.1480077505111694 
-----------------------------------------------
Generated text:  /charge and the bear had to be 

Epoch  2 / 100, Training Step  200 / 1000000 , Training Accuracy =  0.643750011920929 , Training Loss =  1.1637823581695557 
-----------------------------------------------
Generated text:  1.  Information and see the bea

Epoch  2 / 100, Training Step  300 / 1000000 , Training Accuracy =  0.6333333849906921 , Training Loss =  1.172326683998108 
-----------------------------------------------
Generated text:  ª the shepherd was a good fores

Epoch  2 / 100, Training Step  400 / 1000000 , Training Accuracy =  0.6494792103767395 , Training Loss =  1.1077412366867065 
-----------------------------------------------
Generated text:  e should be a fine strewthing h

Epoch  2 / 100, Training Step  500 / 1000000 , Training Accuracy =  0.6244791746139526 , Training Loss =  1.182213544845581 
-----------------------------------------------
Generated text:  und him to see the castle of th

Epoch  2 / 100, Training Step  600 / 1000000 , Training Accuracy =  0.6317708492279053 , Training Loss =  1.1683343648910522 
-----------------------------------------------
Generated text:   the sea. The woman was a littl

Epoch  2 / 100, Training Step  700 / 1000000 , Training Accuracy =  0.6401041746139526 , Training Loss =  1.1381069421768188 
-----------------------------------------------
Generated text:  




THE WATER OF THIS WIFE
   

Epoch  2 / 100, Training Step  800 / 1000000 , Training Accuracy =  0.643750011920929 , Training Loss =  1.1236237287521362 
-----------------------------------------------
Generated text:  you are the children were so ha

Epoch  2 / 100, Training Step  900 / 1000000 , Training Accuracy =  0.6442708373069763 , Training Loss =  1.1324883699417114 
-----------------------------------------------
Generated text:  He was so should be a frest and

Epoch  2 / 100, Training Step  1000 / 1000000 , Training Accuracy =  0.6510416865348816 , Training Loss =  1.116813063621521 
-----------------------------------------------
Generated text:  and the second son said, ‚ÄòI w

Epoch  2 / 100, Training Step  1100 / 1000000 , Training Accuracy =  0.6526042222976685 , Training Loss =  1.136189341545105 
-----------------------------------------------
Generated text:  ?‚Äô ‚ÄòYes,‚Äô said the man, ‚

Epoch  2 / 100, Training Step  1200 / 1000000 , Training Accuracy =  0.6536458730697632 , Training Loss =  1.1107794046401978 
-----------------------------------------------
Generated text:  out to her mother was all the s

Epoch  2 / 100, Training Step  1300 / 1000000 , Training Accuracy =  0.6312500238418579 , Training Loss =  1.1775317192077637 
-----------------------------------------------
Generated text:  just as the wolf was still and 

Epoch  2 / 100, Training Step  1400 / 1000000 , Training Accuracy =  0.6677083969116211 , Training Loss =  1.0442428588867188 
-----------------------------------------------
Generated text:  $ will be a fress of precious t

Epoch  2 / 100, Training Step  1500 / 1000000 , Training Accuracy =  0.6692708730697632 , Training Loss =  1.0781207084655762 
-----------------------------------------------
Generated text:  $ with the first permies of the

Epoch  2 / 100, Training Step  1600 / 1000000 , Training Accuracy =  0.6343750357627869 , Training Loss =  1.1293138265609741 
-----------------------------------------------
Generated text:  x to the tailor, and the prince

Epoch  2 / 100, Training Step  1700 / 1000000 , Training Accuracy =  0.6442708373069763 , Training Loss =  1.1170605421066284 
-----------------------------------------------
Generated text:  ) said, ‚ÄòI will give you a li

Epoch  2 / 100, Training Step  1800 / 1000000 , Training Accuracy =  0.6677083969116211 , Training Loss =  1.0754799842834473 
-----------------------------------------------
Generated text:  me to the king, and the soldier

Epoch  2 / 100, Training Step  1900 / 1000000 , Training Accuracy =  0.6614583730697632 , Training Loss =  1.1041067838668823 
-----------------------------------------------
Generated text:  Go something to eat and sounder

Epoch  2 / 100, Training Step  2000 / 1000000 , Training Accuracy =  0.643750011920929 , Training Loss =  1.1268730163574219 
-----------------------------------------------
Generated text:  My mother knew not what had hap

Epoch  2 / 100, Training Step  2100 / 1000000 , Training Accuracy =  0.6489583849906921 , Training Loss =  1.1204334497451782 
-----------------------------------------------
Generated text:  Then the king said, ‚ÄòI will s

Epoch  2 / 100, Training Step  2200 / 1000000 , Training Accuracy =  0.6630208492279053 , Training Loss =  1.0859646797180176 
-----------------------------------------------
Generated text:  KING GRISLEE

There was once a 

Epoch  2 / 100, Training Step  2300 / 1000000 , Training Accuracy =  0.659375011920929 , Training Loss =  1.0797916650772095 
-----------------------------------------------
Generated text:  @gg at the forest, and the sold

Epoch  2 / 100, Training Step  2400 / 1000000 , Training Accuracy =  0.667187511920929 , Training Loss =  1.069931149482727 
-----------------------------------------------
Generated text:  quite done, and the seven dwarf

Epoch  2 / 100, Training Step  2500 / 1000000 , Training Accuracy =  0.6531250476837158 , Training Loss =  1.1089177131652832 
-----------------------------------------------
Generated text:  [NITY OF THE GOLDEN MOUNTAINS T

Epoch  2 / 100, Training Step  2600 / 1000000 , Training Accuracy =  0.6541666984558105 , Training Loss =  1.131125807762146 
-----------------------------------------------
Generated text:  ; and the son said: ‚ÄòI will g

Epoch  2 / 100, Training Step  2700 / 1000000 , Training Accuracy =  0.6666666865348816 , Training Loss =  1.1121736764907837 
-----------------------------------------------
Generated text:  ing the beard with the shoes we

Epoch  2 / 100, Training Step  2800 / 1000000 , Training Accuracy =  0.6588541865348816 , Training Loss =  1.1011093854904175 
-----------------------------------------------
Generated text:  He was so beautiful that he had

Epoch  2 / 100, Training Step  2900 / 1000000 , Training Accuracy =  0.6578125357627869 , Training Loss =  1.0864322185516357 
-----------------------------------------------
Generated text:  xer again. ‚ÄòWhat a clever Els

Epoch  2 / 100, Training Step  3000 / 1000000 , Training Accuracy =  0.6505208611488342 , Training Loss =  1.1114728450775146 
-----------------------------------------------
Generated text:  Äô said the fish, ‚Äòthat is no

Epoch  2 / 100, Training Step  3100 / 1000000 , Training Accuracy =  0.6526042222976685 , Training Loss =  1.1088210344314575 
-----------------------------------------------
Generated text:  7 LIMITED RIDING OF THE GOLDEN 

Epoch  2 / 100, Training Step  3200 / 1000000 , Training Accuracy =  0.6468750238418579 , Training Loss =  1.136170744895935 
-----------------------------------------------
Generated text:  he world were all of the forest

Epoch  2 / 100, Training Step  3300 / 1000000 , Training Accuracy =  0.659375011920929 , Training Loss =  1.058624505996704 
-----------------------------------------------
Generated text:  ] a good forest and said: ‚ÄòI 

Epoch  2 / 100, Training Step  3400 / 1000000 , Training Accuracy =  0.6619791984558105 , Training Loss =  1.0530246496200562 
-----------------------------------------------
Generated text:  --the cat, and the sound of the

Epoch  2 / 100, Training Step  3500 / 1000000 , Training Accuracy =  0.6520833969116211 , Training Loss =  1.0988948345184326 
-----------------------------------------------
Generated text:  ve him a golden clothes were st

