/var/spool/slurm-llnl/slurmd/job2215450/slurm_script: line 20: cd: /home/lgpu0417/deep-learning/assignment_2/part2/: Permission denied
 ------ Job mlp_pytorch is started ------- 
 
Initialize dataset with 550591 characters, 91 unique.
./Grim.txt

Epoch  1 / 100, Training Step  0 / 1000000 , Training Accuracy =  0.0 , Training Loss =  4.525954723358154 
-----------------------------------------------
Generated text:  Qaaaa                          

Epoch  1 / 100, Training Step  100 / 1000000 , Training Accuracy =  0.17656250298023224 , Training Loss =  3.0894291400909424 
-----------------------------------------------
Generated text:  »                              

Epoch  1 / 100, Training Step  200 / 1000000 , Training Accuracy =  0.3619791865348816 , Training Loss =  2.253582239151001 
-----------------------------------------------
Generated text:  N he the the the the the the th

Epoch  1 / 100, Training Step  300 / 1000000 , Training Accuracy =  0.40156251192092896 , Training Loss =  2.1127607822418213 
-----------------------------------------------
Generated text:  re the wing the wing the wing t

Epoch  1 / 100, Training Step  400 / 1000000 , Training Accuracy =  0.4385416805744171 , Training Loss =  1.9225183725357056 
-----------------------------------------------
Generated text:  ! The was the was the was the w

Epoch  1 / 100, Training Step  500 / 1000000 , Training Accuracy =  0.4645833671092987 , Training Loss =  1.9129658937454224 
-----------------------------------------------
Generated text:  s the was the was the was the w

Epoch  1 / 100, Training Step  600 / 1000000 , Training Accuracy =  0.4958333671092987 , Training Loss =  1.7092868089675903 
-----------------------------------------------
Generated text:  y the was he was he was he was 

Epoch  1 / 100, Training Step  700 / 1000000 , Training Accuracy =  0.5041667222976685 , Training Loss =  1.7031745910644531 
-----------------------------------------------
Generated text:  _ the could to the could to the

Epoch  1 / 100, Training Step  800 / 1000000 , Training Accuracy =  0.5140625238418579 , Training Loss =  1.6704788208007812 
-----------------------------------------------
Generated text:  [ the still the still the still

Epoch  1 / 100, Training Step  900 / 1000000 , Training Accuracy =  0.534375011920929 , Training Loss =  1.5813299417495728 
-----------------------------------------------
Generated text:  the should to the could not th

Epoch  1 / 100, Training Step  1000 / 1000000 , Training Accuracy =  0.5437500476837158 , Training Loss =  1.5486496686935425 
-----------------------------------------------
Generated text:  . Then the with the word, and t

Epoch  1 / 100, Training Step  1100 / 1000000 , Training Accuracy =  0.534375011920929 , Training Loss =  1.5411001443862915 
-----------------------------------------------
Generated text:  4 the word and said: âI will 

Epoch  1 / 100, Training Step  1200 / 1000000 , Training Accuracy =  0.5416666865348816 , Training Loss =  1.4930839538574219 
-----------------------------------------------
Generated text:  
and said, âI will not she wa

Epoch  1 / 100, Training Step  1300 / 1000000 , Training Accuracy =  0.5458333492279053 , Training Loss =  1.5091718435287476 
-----------------------------------------------
Generated text:  the stone when the street of th

Epoch  1 / 100, Training Step  1400 / 1000000 , Training Accuracy =  0.5510417222976685 , Training Loss =  1.4910861253738403 
-----------------------------------------------
Generated text:  _ the seap of the stood and sai

Epoch  1 / 100, Training Step  1500 / 1000000 , Training Accuracy =  0.5677083730697632 , Training Loss =  1.4240761995315552 
-----------------------------------------------
Generated text:  e with the water, and the beaut

Epoch  1 / 100, Training Step  1600 / 1000000 , Training Accuracy =  0.5432292222976685 , Training Loss =  1.5105589628219604 
-----------------------------------------------
Generated text:  I will be a little to the fores

Epoch  1 / 100, Training Step  1700 / 1000000 , Training Accuracy =  0.565625011920929 , Training Loss =  1.4150832891464233 
-----------------------------------------------
Generated text:  2 The second and said: âIf yo

Epoch  1 / 100, Training Step  1800 / 1000000 , Training Accuracy =  0.5838541984558105 , Training Loss =  1.3974019289016724 
-----------------------------------------------
Generated text:  /great for the bear was the spr

Epoch  1 / 100, Training Step  1900 / 1000000 , Training Accuracy =  0.5729166865348816 , Training Loss =  1.4070372581481934 
-----------------------------------------------
Generated text:  ¿ the window, and said: âI wi

Epoch  1 / 100, Training Step  2000 / 1000000 , Training Accuracy =  0.573437511920929 , Training Loss =  1.423905611038208 
-----------------------------------------------
Generated text:  ) the seall of the seal and sai

Epoch  1 / 100, Training Step  2100 / 1000000 , Training Accuracy =  0.5755208730697632 , Training Loss =  1.366835117340088 
-----------------------------------------------
Generated text:  8 and the wild had the words of

Epoch  1 / 100, Training Step  2200 / 1000000 , Training Accuracy =  0.5760416984558105 , Training Loss =  1.4059666395187378 
-----------------------------------------------
Generated text:  he work and set the forest and 

Epoch  1 / 100, Training Step  2300 / 1000000 , Training Accuracy =  0.5755208730697632 , Training Loss =  1.4298850297927856 
-----------------------------------------------
Generated text:  [ the world was a great day and

Epoch  1 / 100, Training Step  2400 / 1000000 , Training Accuracy =  0.5885416865348816 , Training Loss =  1.3178752660751343 
-----------------------------------------------
Generated text:  e the stream to the stream to t

Epoch  1 / 100, Training Step  2500 / 1000000 , Training Accuracy =  0.5848958492279053 , Training Loss =  1.3492852449417114 
-----------------------------------------------
Generated text:  /ght out of the strange too she

Epoch  1 / 100, Training Step  2600 / 1000000 , Training Accuracy =  0.589062511920929 , Training Loss =  1.3445490598678589 
-----------------------------------------------
Generated text:  6 the seal was to the stars, an

Epoch  1 / 100, Training Step  2700 / 1000000 , Training Accuracy =  0.6015625596046448 , Training Loss =  1.32175874710083 
-----------------------------------------------
Generated text:  Now the searched her heart the 

Epoch  1 / 100, Training Step  2800 / 1000000 , Training Accuracy =  0.6000000238418579 , Training Loss =  1.3196702003479004 
-----------------------------------------------
Generated text:  ; and the princess that the thi

Epoch  1 / 100, Training Step  2900 / 1000000 , Training Accuracy =  0.6020833849906921 , Training Loss =  1.294755458831787 
-----------------------------------------------
Generated text:  ut the boy was a little day wit

Epoch  1 / 100, Training Step  3000 / 1000000 , Training Accuracy =  0.6088541746139526 , Training Loss =  1.2717500925064087 
-----------------------------------------------
Generated text:  joy the cat sat down to the win

Epoch  1 / 100, Training Step  3100 / 1000000 , Training Accuracy =  0.6286458373069763 , Training Loss =  1.2342121601104736 
-----------------------------------------------
Generated text:  Catherine had been a great son 

Epoch  1 / 100, Training Step  3200 / 1000000 , Training Accuracy =  0.5994791984558105 , Training Loss =  1.324902892112732 
-----------------------------------------------
Generated text:  King the world was a beautiful 

Epoch  1 / 100, Training Step  3300 / 1000000 , Training Accuracy =  0.6057292222976685 , Training Loss =  1.2861560583114624 
-----------------------------------------------
Generated text:  UND THE GOLDEN AND THE THE BEAR

Epoch  1 / 100, Training Step  3400 / 1000000 , Training Accuracy =  0.6062500476837158 , Training Loss =  1.2732051610946655 
-----------------------------------------------
Generated text:  I am so that the man who had a

Epoch  1 / 100, Training Step  3500 / 1000000 , Training Accuracy =  0.5994791984558105 , Training Loss =  1.278735637664795 
-----------------------------------------------
Generated text:  the world and the fire and the 

Epoch  1 / 100, Training Step  3600 / 1000000 , Training Accuracy =  0.6223958730697632 , Training Loss =  1.2296373844146729 
-----------------------------------------------
Generated text:  n the world was the second thin

Epoch  1 / 100, Training Step  3700 / 1000000 , Training Accuracy =  0.6104167103767395 , Training Loss =  1.2353965044021606 
-----------------------------------------------
Generated text:  Found as the wolf was the spind

Epoch  1 / 100, Training Step  3800 / 1000000 , Training Accuracy =  0.6130208373069763 , Training Loss =  1.2785440683364868 
-----------------------------------------------
Generated text:  REANT THE SO THE BULD THE SOOT 

Epoch  1 / 100, Training Step  3900 / 1000000 , Training Accuracy =  0.6182292103767395 , Training Loss =  1.2614891529083252 
-----------------------------------------------
Generated text:  joy at the door she was to be a

Epoch  1 / 100, Training Step  4000 / 1000000 , Training Accuracy =  0.5984375476837158 , Training Loss =  1.3270426988601685 
-----------------------------------------------
Generated text:  
the straw where the straw wher

Epoch  1 / 100, Training Step  4100 / 1000000 , Training Accuracy =  0.6031250357627869 , Training Loss =  1.23628568649292 
-----------------------------------------------
Generated text:  /of meas and began to be seen t

Epoch  1 / 100, Training Step  4200 / 1000000 , Training Accuracy =  0.6244791746139526 , Training Loss =  1.2183443307876587 
-----------------------------------------------
Generated text:  d the wolf was standing the bea

Epoch  1 / 100, Training Step  4300 / 1000000 , Training Accuracy =  0.628125011920929 , Training Loss =  1.1858344078063965 
-----------------------------------------------
Generated text:  D CAT GRIED GRIEN

A can stop o

Epoch  1 / 100, Training Step  4400 / 1000000 , Training Accuracy =  0.6151041984558105 , Training Loss =  1.2366769313812256 
-----------------------------------------------
Generated text:  _ the second came to the window

Epoch  1 / 100, Training Step  4500 / 1000000 , Training Accuracy =  0.6187500357627869 , Training Loss =  1.2191636562347412 
-----------------------------------------------
Generated text:  /when they were so that the wol

Epoch  1 / 100, Training Step  4600 / 1000000 , Training Accuracy =  0.6317708492279053 , Training Loss =  1.1889970302581787 
-----------------------------------------------
Generated text:  was to seek of the starls of th

Epoch  1 / 100, Training Step  4700 / 1000000 , Training Accuracy =  0.6239583492279053 , Training Loss =  1.213907241821289 
-----------------------------------------------
Generated text:  was the sea, and the sea, and t

Epoch  1 / 100, Training Step  4800 / 1000000 , Training Accuracy =  0.628125011920929 , Training Loss =  1.1905854940414429 
-----------------------------------------------
Generated text:  » and the search of the tree, a

Epoch  1 / 100, Training Step  4900 / 1000000 , Training Accuracy =  0.6223958730697632 , Training Loss =  1.1996628046035767 
-----------------------------------------------
Generated text:  g the bird said, âI will give

Epoch  1 / 100, Training Step  5000 / 1000000 , Training Accuracy =  0.6239583492279053 , Training Loss =  1.2046993970870972 
-----------------------------------------------
Generated text:  s the wood and the shoemaker, a

Epoch  1 / 100, Training Step  5100 / 1000000 , Training Accuracy =  0.6218750476837158 , Training Loss =  1.2289899587631226 
-----------------------------------------------
Generated text:  he was the wood to the third da

Epoch  1 / 100, Training Step  5200 / 1000000 , Training Accuracy =  0.6432291865348816 , Training Loss =  1.166142225265503 
-----------------------------------------------
Generated text:  Mr King Grisly-beard, and the s

Epoch  1 / 100, Training Step  5300 / 1000000 , Training Accuracy =  0.6234375238418579 , Training Loss =  1.2271400690078735 
-----------------------------------------------
Generated text:  --you shall be a little tailor 

Epoch  1 / 100, Training Step  5400 / 1000000 , Training Accuracy =  0.635937511920929 , Training Loss =  1.1642898321151733 
-----------------------------------------------
Generated text:  4 and the mouse who was a good 

Epoch  1 / 100, Training Step  5500 / 1000000 , Training Accuracy =  0.6062500476837158 , Training Loss =  1.2748886346817017 
-----------------------------------------------
Generated text:  For he would not go into the wo

Epoch  1 / 100, Training Step  5600 / 1000000 , Training Accuracy =  0.6250000596046448 , Training Loss =  1.2025701999664307 
-----------------------------------------------
Generated text:  !â said the wolf, âI am goi

Epoch  1 / 100, Training Step  5700 / 1000000 , Training Accuracy =  0.6338542103767395 , Training Loss =  1.195729374885559 
-----------------------------------------------
Generated text:  Zether is a countryman came to 

Epoch  1 / 100, Training Step  5800 / 1000000 , Training Accuracy =  0.6239583492279053 , Training Loss =  1.2051819562911987 
-----------------------------------------------
Generated text:  will be a side of the world, an

Epoch  1 / 100, Training Step  5900 / 1000000 , Training Accuracy =  0.6286458373069763 , Training Loss =  1.2102338075637817 
-----------------------------------------------
Generated text:  : âI will not go and be so be

Epoch  1 / 100, Training Step  6000 / 1000000 , Training Accuracy =  0.628125011920929 , Training Loss =  1.194769263267517 
-----------------------------------------------
Generated text:  Project Gutenberg-tm electronic

Epoch  1 / 100, Training Step  6100 / 1000000 , Training Accuracy =  0.6161458492279053 , Training Loss =  1.23611319065094 
-----------------------------------------------
Generated text:  â âI will give you to the k

Epoch  1 / 100, Training Step  6200 / 1000000 , Training Accuracy =  0.6244791746139526 , Training Loss =  1.221802830696106 
-----------------------------------------------
Generated text:  $ the tree where the fire and s

Epoch  1 / 100, Training Step  6300 / 1000000 , Training Accuracy =  0.6197916865348816 , Training Loss =  1.2278873920440674 
-----------------------------------------------
Generated text:  Underounl you and said: âI am

Epoch  1 / 100, Training Step  6400 / 1000000 , Training Accuracy =  0.6302083730697632 , Training Loss =  1.1892437934875488 
-----------------------------------------------
Generated text:  e the second started and said, 

Epoch  1 / 100, Training Step  6500 / 1000000 , Training Accuracy =  0.6338542103767395 , Training Loss =  1.1580042839050293 
-----------------------------------------------
Generated text:  ut the child was the bear littl

Epoch  1 / 100, Training Step  6600 / 1000000 , Training Accuracy =  0.6557291746139526 , Training Loss =  1.1431374549865723 
-----------------------------------------------
Generated text:  ?â âYes,â said the fish, 

Epoch  1 / 100, Training Step  6700 / 1000000 , Training Accuracy =  0.6239583492279053 , Training Loss =  1.252541184425354 
-----------------------------------------------
Generated text:  When the wood he said to him, â

Epoch  1 / 100, Training Step  6800 / 1000000 , Training Accuracy =  0.6130208373069763 , Training Loss =  1.2544453144073486 
-----------------------------------------------
Generated text:  UND TO STORY OF THE CAT NUSE
  

Epoch  1 / 100, Training Step  6900 / 1000000 , Training Accuracy =  0.6635416746139526 , Training Loss =  1.1095271110534668 
-----------------------------------------------
Generated text:  Good you may all the sexton the

Epoch  1 / 100, Training Step  7000 / 1000000 , Training Accuracy =  0.6494792103767395 , Training Loss =  1.1357722282409668 
-----------------------------------------------
Generated text:  $ the stream to the bird and se

Epoch  1 / 100, Training Step  7100 / 1000000 , Training Accuracy =  0.6406250596046448 , Training Loss =  1.1975454092025757 
-----------------------------------------------
Generated text:  Mr Fox went out to the kingâs

Epoch  1 / 100, Training Step  7200 / 1000000 , Training Accuracy =  0.6510416865348816 , Training Loss =  1.1446499824523926 
-----------------------------------------------
Generated text:  % the second tails and the seco

Epoch  1 / 100, Training Step  7300 / 1000000 , Training Accuracy =  0.6375000476837158 , Training Loss =  1.1809546947479248 
-----------------------------------------------
Generated text:  I do not know what it was the 

Epoch  1 / 100, Training Step  7400 / 1000000 , Training Accuracy =  0.6317708492279053 , Training Loss =  1.17557954788208 
-----------------------------------------------
Generated text:  King that the princess was a go

Epoch  1 / 100, Training Step  7500 / 1000000 , Training Accuracy =  0.6369792222976685 , Training Loss =  1.1657339334487915 
-----------------------------------------------
Generated text:  l the window and said: âI wil

Epoch  1 / 100, Training Step  7600 / 1000000 , Training Accuracy =  0.6651042103767395 , Training Loss =  1.0806113481521606 
-----------------------------------------------
Generated text:  ; and the second steps to the t

Epoch  1 / 100, Training Step  7700 / 1000000 , Training Accuracy =  0.6432291865348816 , Training Loss =  1.1427522897720337 
-----------------------------------------------
Generated text:  g the manikin came and said: â

Epoch  1 / 100, Training Step  7800 / 1000000 , Training Accuracy =  0.6234375238418579 , Training Loss =  1.1900080442428589 
-----------------------------------------------
Generated text:  Chanticleer and said: âI will

Epoch  1 / 100, Training Step  7900 / 1000000 , Training Accuracy =  0.6510416865348816 , Training Loss =  1.0972386598587036 
-----------------------------------------------
Generated text:  ver the man who had been said, 

Epoch  1 / 100, Training Step  8000 / 1000000 , Training Accuracy =  0.6270833611488342 , Training Loss =  1.1761016845703125 
-----------------------------------------------
Generated text:  1.  Information about the top o

Epoch  1 / 100, Training Step  8100 / 1000000 , Training Accuracy =  0.6244791746139526 , Training Loss =  1.1628563404083252 
-----------------------------------------------
Generated text:   or a little beard and the sec

Epoch  1 / 100, Training Step  8200 / 1000000 , Training Accuracy =  0.6380208730697632 , Training Loss =  1.1729744672775269 
-----------------------------------------------
Generated text:  3 were sitting to the father an

Epoch  1 / 100, Training Step  8300 / 1000000 , Training Accuracy =  0.6229166984558105 , Training Loss =  1.180158257484436 
-----------------------------------------------
Generated text:  Zeth the children went to the k

Epoch  1 / 100, Training Step  8400 / 1000000 , Training Accuracy =  0.6536458730697632 , Training Loss =  1.1214975118637085 
-----------------------------------------------
Generated text:  he was the window and said, â

Epoch  1 / 100, Training Step  8500 / 1000000 , Training Accuracy =  0.6473958492279053 , Training Loss =  1.1297011375427246 
-----------------------------------------------
Generated text:  Chanticleer and said: âI will

Epoch  1 / 100, Training Step  8600 / 1000000 , Training Accuracy =  0.6390625238418579 , Training Loss =  1.1599746942520142 
-----------------------------------------------
Generated text:  The king was to be a good for m

Epoch  2 / 100, Training Step  0 / 1000000 , Training Accuracy =  0.6177083849906921 , Training Loss =  1.238160490989685 
-----------------------------------------------
Generated text:   said the old woman, âI will

Epoch  2 / 100, Training Step  100 / 1000000 , Training Accuracy =  0.6489583849906921 , Training Loss =  1.1218775510787964 
-----------------------------------------------
Generated text:  l the wood had to be a great tr

Epoch  2 / 100, Training Step  200 / 1000000 , Training Accuracy =  0.6421875357627869 , Training Loss =  1.1466766595840454 
-----------------------------------------------
Generated text:  When the sea shore the window a

Epoch  2 / 100, Training Step  300 / 1000000 , Training Accuracy =  0.6312500238418579 , Training Loss =  1.185591459274292 
-----------------------------------------------
Generated text:  And the little man said, âI w

Epoch  2 / 100, Training Step  400 / 1000000 , Training Accuracy =  0.6510416865348816 , Training Loss =  1.1184500455856323 
-----------------------------------------------
Generated text:  Oh, you must go to the forest a

Epoch  2 / 100, Training Step  500 / 1000000 , Training Accuracy =  0.6338542103767395 , Training Loss =  1.1568690538406372 
-----------------------------------------------
Generated text:  nd the king had the princess wa

Epoch  2 / 100, Training Step  600 / 1000000 , Training Accuracy =  0.6463541984558105 , Training Loss =  1.1050796508789062 
-----------------------------------------------
Generated text:  9--you must know what he was a 

Epoch  2 / 100, Training Step  700 / 1000000 , Training Accuracy =  0.6562500596046448 , Training Loss =  1.0937708616256714 
-----------------------------------------------
Generated text:  Chanticleer was so beautiful th

Epoch  2 / 100, Training Step  800 / 1000000 , Training Accuracy =  0.643750011920929 , Training Loss =  1.163216471672058 
-----------------------------------------------
Generated text:  591.  If you will never see the

Epoch  2 / 100, Training Step  900 / 1000000 , Training Accuracy =  0.667187511920929 , Training Loss =  1.0913063287734985 
-----------------------------------------------
Generated text:  g to see her, and the son was t

Epoch  2 / 100, Training Step  1000 / 1000000 , Training Accuracy =  0.6729167103767395 , Training Loss =  1.076694369316101 
-----------------------------------------------
Generated text:  _ the sea, and the second son s

Epoch  2 / 100, Training Step  1100 / 1000000 , Training Accuracy =  0.6463541984558105 , Training Loss =  1.1186683177947998 
-----------------------------------------------
Generated text:  me to eat and said, âI will g

Epoch  2 / 100, Training Step  1200 / 1000000 , Training Accuracy =  0.6395833492279053 , Training Loss =  1.126499891281128 
-----------------------------------------------
Generated text:  very morning the soldier said, 

Epoch  2 / 100, Training Step  1300 / 1000000 , Training Accuracy =  0.6406250596046448 , Training Loss =  1.1426194906234741 
-----------------------------------------------
Generated text:  E RED AND THE BEAR

Once is a g

Epoch  2 / 100, Training Step  1400 / 1000000 , Training Accuracy =  0.6588541865348816 , Training Loss =  1.0983521938323975 
-----------------------------------------------
Generated text:  _ the second son was as the sec

Epoch  2 / 100, Training Step  1500 / 1000000 , Training Accuracy =  0.6546875238418579 , Training Loss =  1.082034945487976 
-----------------------------------------------
Generated text:  zed and said: âI will give yo

Epoch  2 / 100, Training Step  1600 / 1000000 , Training Accuracy =  0.6187500357627869 , Training Loss =  1.2000066041946411 
-----------------------------------------------
Generated text:  ng the son was so fast as the s

Epoch  2 / 100, Training Step  1700 / 1000000 , Training Accuracy =  0.643750011920929 , Training Loss =  1.123678207397461 
-----------------------------------------------
Generated text:  @pperiss to see the countryman 

Epoch  2 / 100, Training Step  1800 / 1000000 , Training Accuracy =  0.6557291746139526 , Training Loss =  1.0875725746154785 
-----------------------------------------------
Generated text:  beard and said, âI will not t

Epoch  2 / 100, Training Step  1900 / 1000000 , Training Accuracy =  0.635937511920929 , Training Loss =  1.1313674449920654 
-----------------------------------------------
Generated text:  8â âWhat does not make a st

Epoch  2 / 100, Training Step  2000 / 1000000 , Training Accuracy =  0.6380208730697632 , Training Loss =  1.1644645929336548 
-----------------------------------------------
Generated text:  le to the boy to her mother sai

Epoch  2 / 100, Training Step  2100 / 1000000 , Training Accuracy =  0.6484375596046448 , Training Loss =  1.0998461246490479 
-----------------------------------------------
Generated text:  ¿ the work of the stream to the

Epoch  2 / 100, Training Step  2200 / 1000000 , Training Accuracy =  0.6489583849906921 , Training Loss =  1.1583980321884155 
-----------------------------------------------
Generated text:  

The cook she went away, and s

Epoch  2 / 100, Training Step  2300 / 1000000 , Training Accuracy =  0.6416667103767395 , Training Loss =  1.1773724555969238 
-----------------------------------------------
Generated text:  D CAT

A look at his mother sai

Epoch  2 / 100, Training Step  2400 / 1000000 , Training Accuracy =  0.6463541984558105 , Training Loss =  1.1124342679977417 
-----------------------------------------------
Generated text:  me to the forest with the fores

Epoch  2 / 100, Training Step  2500 / 1000000 , Training Accuracy =  0.6562500596046448 , Training Loss =  1.1017824411392212 
-----------------------------------------------
Generated text:  Project Gutenberg-tm electronic

Epoch  2 / 100, Training Step  2600 / 1000000 , Training Accuracy =  0.6500000357627869 , Training Loss =  1.13226318359375 
-----------------------------------------------
Generated text:  ing a shepherd when the fish sa

Epoch  2 / 100, Training Step  2700 / 1000000 , Training Accuracy =  0.6661458611488342 , Training Loss =  1.0868892669677734 
-----------------------------------------------
Generated text:  with the stairs white doves cam

Epoch  2 / 100, Training Step  2800 / 1000000 , Training Accuracy =  0.6510416865348816 , Training Loss =  1.10938560962677 
-----------------------------------------------
Generated text:  Queen to himself, âI will giv

Epoch  2 / 100, Training Step  2900 / 1000000 , Training Accuracy =  0.6536458730697632 , Training Loss =  1.0841947793960571 
-----------------------------------------------
Generated text:  ing and said: âI have already

Epoch  2 / 100, Training Step  3000 / 1000000 , Training Accuracy =  0.6760417222976685 , Training Loss =  1.0668871402740479 
-----------------------------------------------
Generated text:  Now we will not be able to find

Epoch  2 / 100, Training Step  3100 / 1000000 , Training Accuracy =  0.667187511920929 , Training Loss =  1.0714524984359741 
-----------------------------------------------
Generated text:  f the work of the stairs, and t

Epoch  2 / 100, Training Step  3200 / 1000000 , Training Accuracy =  0.6557291746139526 , Training Loss =  1.1279733180999756 
-----------------------------------------------
Generated text:  Catherine had to be found. Then

Epoch  2 / 100, Training Step  3300 / 1000000 , Training Accuracy =  0.6578125357627869 , Training Loss =  1.0821062326431274 
-----------------------------------------------
Generated text:  Foundations the words that the 

Epoch  2 / 100, Training Step  3400 / 1000000 , Training Accuracy =  0.6390625238418579 , Training Loss =  1.1071406602859497 
-----------------------------------------------
Generated text:  # When the first said, âI wil

Epoch  2 / 100, Training Step  3500 / 1000000 , Training Accuracy =  0.6500000357627869 , Training Loss =  1.1170955896377563 
-----------------------------------------------
Generated text:  be able to the king, and said t

Epoch  2 / 100, Training Step  3600 / 1000000 , Training Accuracy =  0.6625000238418579 , Training Loss =  1.063103437423706 
-----------------------------------------------
Generated text:  ZEL
     THE FOX AND THE SHOEMA

Epoch  2 / 100, Training Step  3700 / 1000000 , Training Accuracy =  0.6635416746139526 , Training Loss =  1.0604628324508667 
-----------------------------------------------
Generated text:  Foundation and said: âWhat ar

Epoch  2 / 100, Training Step  3800 / 1000000 , Training Accuracy =  0.6541666984558105 , Training Loss =  1.1040313243865967 
-----------------------------------------------
Generated text:  ****

The cook went to the fire

Epoch  2 / 100, Training Step  3900 / 1000000 , Training Accuracy =  0.6625000238418579 , Training Loss =  1.0765609741210938 
-----------------------------------------------
Generated text:  ZEL

There was once a man who h

Epoch  2 / 100, Training Step  4000 / 1000000 , Training Accuracy =  0.6354166865348816 , Training Loss =  1.1739239692687988 
-----------------------------------------------
Generated text:  % day was a garden and the stra

Epoch  2 / 100, Training Step  4100 / 1000000 , Training Accuracy =  0.6432291865348816 , Training Loss =  1.0916575193405151 
-----------------------------------------------
Generated text:  he saw a little daughter said t

Epoch  2 / 100, Training Step  4200 / 1000000 , Training Accuracy =  0.6598958969116211 , Training Loss =  1.0705859661102295 
-----------------------------------------------
Generated text:  ; and when the boy was so proud

Epoch  2 / 100, Training Step  4300 / 1000000 , Training Accuracy =  0.6645833849906921 , Training Loss =  1.0544580221176147 
-----------------------------------------------
Generated text:  can do bedit with the first was

Epoch  2 / 100, Training Step  4400 / 1000000 , Training Accuracy =  0.6505208611488342 , Training Loss =  1.099056363105774 
-----------------------------------------------
Generated text:  ut the stairs were still alive,

Epoch  2 / 100, Training Step  4500 / 1000000 , Training Accuracy =  0.6645833849906921 , Training Loss =  1.061420202255249 
-----------------------------------------------
Generated text:  » should not go to the room to 

Epoch  2 / 100, Training Step  4600 / 1000000 , Training Accuracy =  0.6739583611488342 , Training Loss =  1.0620789527893066 
-----------------------------------------------
Generated text:  just the second day the salad o

Epoch  2 / 100, Training Step  4700 / 1000000 , Training Accuracy =  0.6640625596046448 , Training Loss =  1.0521057844161987 
-----------------------------------------------
Generated text:  9. âAlas!â said the man, â

Epoch  2 / 100, Training Step  4800 / 1000000 , Training Accuracy =  0.6723958849906921 , Training Loss =  1.0619187355041504 
-----------------------------------------------
Generated text:  âWhat a beautiful bird am I!â

Epoch  2 / 100, Training Step  4900 / 1000000 , Training Accuracy =  0.6598958969116211 , Training Loss =  1.0558124780654907 
-----------------------------------------------
Generated text:  Hans?â âI see no farther th

Epoch  2 / 100, Training Step  5000 / 1000000 , Training Accuracy =  0.6572917103767395 , Training Loss =  1.0790051221847534 
-----------------------------------------------
Generated text:  x as the wind and the fairy too

Epoch  2 / 100, Training Step  5100 / 1000000 , Training Accuracy =  0.6546875238418579 , Training Loss =  1.1035304069519043 
-----------------------------------------------
Generated text:  _ the wood that he was to be su

Epoch  2 / 100, Training Step  5200 / 1000000 , Training Accuracy =  0.6718750596046448 , Training Loss =  1.0548940896987915 
-----------------------------------------------
Generated text:  E RED AND PARTLET


1. HOW THEY

Epoch  2 / 100, Training Step  5300 / 1000000 , Training Accuracy =  0.6604167222976685 , Training Loss =  1.0891307592391968 
-----------------------------------------------
Generated text:  (began to be solesn for the win

Epoch  2 / 100, Training Step  5400 / 1000000 , Training Accuracy =  0.6802083849906921 , Training Loss =  1.0323851108551025 
-----------------------------------------------
Generated text:  was a great feathers were so st

Epoch  2 / 100, Training Step  5500 / 1000000 , Training Accuracy =  0.6442708373069763 , Training Loss =  1.1248118877410889 
-----------------------------------------------
Generated text:  ing any more cap off with the f

Epoch  2 / 100, Training Step  5600 / 1000000 , Training Accuracy =  0.6536458730697632 , Training Loss =  1.0796244144439697 
-----------------------------------------------
Generated text:  Just live into the water. Then 

Epoch  2 / 100, Training Step  5700 / 1000000 , Training Accuracy =  0.6729167103767395 , Training Loss =  1.0489708185195923 
-----------------------------------------------
Generated text:  just on the sea, and the soldie

Epoch  2 / 100, Training Step  5800 / 1000000 , Training Accuracy =  0.6531250476837158 , Training Loss =  1.1067187786102295 
-----------------------------------------------
Generated text:  7 and when he had to see her to

Epoch  2 / 100, Training Step  5900 / 1000000 , Training Accuracy =  0.6520833969116211 , Training Loss =  1.105149507522583 
-----------------------------------------------
Generated text:  the first dish and spring at th

Epoch  2 / 100, Training Step  6000 / 1000000 , Training Accuracy =  0.6505208611488342 , Training Loss =  1.0901241302490234 
-----------------------------------------------
Generated text:  

The cook said: âI have long

Epoch  2 / 100, Training Step  6100 / 1000000 , Training Accuracy =  0.6458333730697632 , Training Loss =  1.1213322877883911 
-----------------------------------------------
Generated text:  

Then the old man was so beaut

Epoch  2 / 100, Training Step  6200 / 1000000 , Training Accuracy =  0.6572917103767395 , Training Loss =  1.084455966949463 
-----------------------------------------------
Generated text:  peasant said, âI will give yo

Epoch  2 / 100, Training Step  6300 / 1000000 , Training Accuracy =  0.6468750238418579 , Training Loss =  1.1399495601654053 
-----------------------------------------------
Generated text:  I will come with me and said, â

Epoch  2 / 100, Training Step  6400 / 1000000 , Training Accuracy =  0.6614583730697632 , Training Loss =  1.0627843141555786 
-----------------------------------------------
Generated text:  The second princess was said to

Epoch  2 / 100, Training Step  6500 / 1000000 , Training Accuracy =  0.6817708611488342 , Training Loss =  1.0494213104248047 
-----------------------------------------------
Generated text:  

The cook shook himself a beau

Epoch  2 / 100, Training Step  6600 / 1000000 , Training Accuracy =  0.6765625476837158 , Training Loss =  1.0411077737808228 
-----------------------------------------------
Generated text:  xt day the countryman carried t

Epoch  2 / 100, Training Step  6700 / 1000000 , Training Accuracy =  0.6447917222976685 , Training Loss =  1.1373738050460815 
-----------------------------------------------
Generated text:  Just be a singing in the wood t

Epoch  2 / 100, Training Step  6800 / 1000000 , Training Accuracy =  0.643750011920929 , Training Loss =  1.1389394998550415 
-----------------------------------------------
Generated text:  ) are you a fine that the wind 

Epoch  2 / 100, Training Step  6900 / 1000000 , Training Accuracy =  0.6854166984558105 , Training Loss =  1.0245038270950317 
-----------------------------------------------
Generated text:  just the spindle and the spindl

Epoch  2 / 100, Training Step  7000 / 1000000 , Training Accuracy =  0.6770833730697632 , Training Loss =  1.0402921438217163 
-----------------------------------------------
Generated text:  Project Gutenberg-tm electroni

Epoch  2 / 100, Training Step  7100 / 1000000 , Training Accuracy =  0.6557291746139526 , Training Loss =  1.0924891233444214 
-----------------------------------------------
Generated text:  Project Gutenberg-tm electroni

Epoch  2 / 100, Training Step  7200 / 1000000 , Training Accuracy =  0.6557291746139526 , Training Loss =  1.0408917665481567 
-----------------------------------------------
srun: Job step aborted: Waiting up to 32 seconds for job step to finish.
slurmstepd: error: *** JOB 2215450 ON r30n4 CANCELLED AT 2019-04-28T14:50:55 ***
slurmstepd: error: *** STEP 2215450.0 ON r30n4 CANCELLED AT 2019-04-28T14:50:55 ***
