/var/spool/slurm-llnl/slurmd/job2215397/slurm_script: line 19: cd: /home/lgpu0417/deep-learning/assignment_2/part2/: Permission denied
 ------ Job mlp_pytorch is started ------- 
 
Initialize dataset with 550591 characters, 91 unique.
./Grim.txt

Epoch  1 / 100, Training Step  0 / 1000000 , Training Accuracy =  0.0 , Training Loss =  4.518311500549316 
-----------------------------------------------
Generated text:  @                              

Epoch  1 / 100, Training Step  100 / 1000000 , Training Accuracy =  0.2265625149011612 , Training Loss =  2.8798060417175293 
-----------------------------------------------
Generated text:  O  th th th th th th th th th t

Epoch  1 / 100, Training Step  200 / 1000000 , Training Accuracy =  0.3802083432674408 , Training Loss =  2.181575059890747 
-----------------------------------------------
Generated text:  a the the the the the the the t

Epoch  1 / 100, Training Step  300 / 1000000 , Training Accuracy =  0.4114583432674408 , Training Loss =  2.0349669456481934 
-----------------------------------------------
Generated text:  and the said the was to the sai

Epoch  1 / 100, Training Step  400 / 1000000 , Training Accuracy =  0.44947919249534607 , Training Loss =  1.8472779989242554 
-----------------------------------------------
Generated text:  he was to the was to the was to

Epoch  1 / 100, Training Step  500 / 1000000 , Training Accuracy =  0.4958333671092987 , Training Loss =  1.7520228624343872 
-----------------------------------------------
Generated text:  : ‚ÄòI and the said to the said

Epoch  1 / 100, Training Step  600 / 1000000 , Training Accuracy =  0.48854169249534607 , Training Loss =  1.7406337261199951 
-----------------------------------------------
Generated text:  5 The was some to the was to th

Epoch  1 / 100, Training Step  700 / 1000000 , Training Accuracy =  0.5130208730697632 , Training Loss =  1.6498314142227173 
-----------------------------------------------
Generated text:  5 The was some to the sonest th

Epoch  1 / 100, Training Step  800 / 1000000 , Training Accuracy =  0.5364583730697632 , Training Loss =  1.6240180730819702 
-----------------------------------------------
Generated text:  que the word and the shall the 

Epoch  1 / 100, Training Step  900 / 1000000 , Training Accuracy =  0.5515625476837158 , Training Loss =  1.5700199604034424 
-----------------------------------------------
Generated text:  re the should the should the sh

Epoch  1 / 100, Training Step  1000 / 1000000 , Training Accuracy =  0.5458333492279053 , Training Loss =  1.5130445957183838 
-----------------------------------------------
Generated text:  ø the stood and said the forest

Epoch  1 / 100, Training Step  1100 / 1000000 , Training Accuracy =  0.5437500476837158 , Training Loss =  1.538720965385437 
-----------------------------------------------
Generated text:  Sthe world and said to him to t

Epoch  1 / 100, Training Step  1200 / 1000000 , Training Accuracy =  0.5390625 , Training Loss =  1.5089393854141235 
-----------------------------------------------
Generated text:  òI will be a little man and bea

Epoch  1 / 100, Training Step  1300 / 1000000 , Training Accuracy =  0.5505208373069763 , Training Loss =  1.4905422925949097 
-----------------------------------------------
Generated text:  : ‚ÄòI will be the king and sai

Epoch  1 / 100, Training Step  1400 / 1000000 , Training Accuracy =  0.5822917222976685 , Training Loss =  1.403058409690857 
-----------------------------------------------
Generated text:  the fire that the shore the sto

Epoch  1 / 100, Training Step  1500 / 1000000 , Training Accuracy =  0.5526041984558105 , Training Loss =  1.4819984436035156 
-----------------------------------------------
Generated text:  Hans went to the beautiful beau

Epoch  1 / 100, Training Step  1600 / 1000000 , Training Accuracy =  0.5692708492279053 , Training Loss =  1.4238731861114502 
-----------------------------------------------
Generated text:  Just to the world was all the w

Epoch  1 / 100, Training Step  1700 / 1000000 , Training Accuracy =  0.5666667222976685 , Training Loss =  1.463379979133606 
-----------------------------------------------
Generated text:  ù the stone the stone the stone

Epoch  1 / 100, Training Step  1800 / 1000000 , Training Accuracy =  0.6119791865348816 , Training Loss =  1.3195894956588745 
-----------------------------------------------
Generated text:  ked him and said to her and sai

Epoch  1 / 100, Training Step  1900 / 1000000 , Training Accuracy =  0.5895833373069763 , Training Loss =  1.3576693534851074 
-----------------------------------------------
Generated text:  The wood was to be a piece of t

Epoch  1 / 100, Training Step  2000 / 1000000 , Training Accuracy =  0.5781250596046448 , Training Loss =  1.3803448677062988 
-----------------------------------------------
Generated text:  4 a little princess and said: ‚

Epoch  1 / 100, Training Step  2100 / 1000000 , Training Accuracy =  0.5921875238418579 , Training Loss =  1.361161708831787 
-----------------------------------------------
Generated text:  le to him the stones to the sto

Epoch  1 / 100, Training Step  2200 / 1000000 , Training Accuracy =  0.6041666865348816 , Training Loss =  1.274558186531067 
-----------------------------------------------
Generated text:  Zound the stars, and the seathe

Epoch  1 / 100, Training Step  2300 / 1000000 , Training Accuracy =  0.5958333611488342 , Training Loss =  1.344902753829956 
-----------------------------------------------
Generated text:  ght the world, and the stones a

Epoch  1 / 100, Training Step  2400 / 1000000 , Training Accuracy =  0.6187500357627869 , Training Loss =  1.271952748298645 
-----------------------------------------------
Generated text:  k him and said, ‚ÄòI will not d

Epoch  1 / 100, Training Step  2500 / 1000000 , Training Accuracy =  0.5927083492279053 , Training Loss =  1.3564475774765015 
-----------------------------------------------
Generated text:  was the morning the first compa

Epoch  1 / 100, Training Step  2600 / 1000000 , Training Accuracy =  0.5838541984558105 , Training Loss =  1.3208355903625488 
-----------------------------------------------
Generated text:  Gutenberg-tm electronic works o

Epoch  1 / 100, Training Step  2700 / 1000000 , Training Accuracy =  0.612500011920929 , Training Loss =  1.3012020587921143 
-----------------------------------------------
Generated text:  ou come to the forest and said:

Epoch  1 / 100, Training Step  2800 / 1000000 , Training Accuracy =  0.6026042103767395 , Training Loss =  1.2822391986846924 
-----------------------------------------------
Generated text:  her and said to himself, ‚ÄòI a

Epoch  1 / 100, Training Step  2900 / 1000000 , Training Accuracy =  0.6000000238418579 , Training Loss =  1.2884694337844849 
-----------------------------------------------
Generated text:  O The seated the stood and said

Epoch  1 / 100, Training Step  3000 / 1000000 , Training Accuracy =  0.6192708611488342 , Training Loss =  1.220703363418579 
-----------------------------------------------
Generated text:  r the second to his horse to th

Epoch  1 / 100, Training Step  3100 / 1000000 , Training Accuracy =  0.6088541746139526 , Training Loss =  1.222761869430542 
-----------------------------------------------
Generated text:  ve the wood, and the first that

Epoch  1 / 100, Training Step  3200 / 1000000 , Training Accuracy =  0.6265625357627869 , Training Loss =  1.2346065044403076 
-----------------------------------------------
Generated text:  le to himself, ‚ÄòI will give y

Epoch  1 / 100, Training Step  3300 / 1000000 , Training Accuracy =  0.6187500357627869 , Training Loss =  1.2335087060928345 
-----------------------------------------------
Generated text:  n the sparrow and said, ‚ÄòI wi

Epoch  1 / 100, Training Step  3400 / 1000000 , Training Accuracy =  0.6135417222976685 , Training Loss =  1.2565646171569824 
-----------------------------------------------
Generated text:  d the bear with the bird said: 

Epoch  1 / 100, Training Step  3500 / 1000000 , Training Accuracy =  0.6005208492279053 , Training Loss =  1.2506593465805054 
-----------------------------------------------
Generated text:  -the star-gairs was a good fair

Epoch  1 / 100, Training Step  3600 / 1000000 , Training Accuracy =  0.6265625357627869 , Training Loss =  1.208404302597046 
-----------------------------------------------
Generated text:  7 the window was so beautiful t

Epoch  1 / 100, Training Step  3700 / 1000000 , Training Accuracy =  0.6192708611488342 , Training Loss =  1.2269821166992188 
-----------------------------------------------
Generated text:  ; and the second said, ‚ÄòI wil

Epoch  1 / 100, Training Step  3800 / 1000000 , Training Accuracy =  0.6088541746139526 , Training Loss =  1.293326735496521 
-----------------------------------------------
Generated text:  peased the stones and the secon

Epoch  1 / 100, Training Step  3900 / 1000000 , Training Accuracy =  0.6265625357627869 , Training Loss =  1.2352927923202515 
-----------------------------------------------
Generated text:  Under the seven said: ‚ÄòI have

Epoch  1 / 100, Training Step  4000 / 1000000 , Training Accuracy =  0.6234375238418579 , Training Loss =  1.1985574960708618 
-----------------------------------------------
Generated text:  ?‚Äô ‚ÄòWhat a beautiful bird s

Epoch  1 / 100, Training Step  4100 / 1000000 , Training Accuracy =  0.6182292103767395 , Training Loss =  1.2558541297912598 
-----------------------------------------------
Generated text:  e the street with the tree, and

Epoch  1 / 100, Training Step  4200 / 1000000 , Training Accuracy =  0.6260417103767395 , Training Loss =  1.2137569189071655 
-----------------------------------------------
Generated text:  And the forest and said: ‚ÄòWha

Epoch  1 / 100, Training Step  4300 / 1000000 , Training Accuracy =  0.6234375238418579 , Training Loss =  1.2384425401687622 
-----------------------------------------------
Generated text:  Ô the stones and the soldier wa

Epoch  1 / 100, Training Step  4400 / 1000000 , Training Accuracy =  0.6130208373069763 , Training Loss =  1.2293044328689575 
-----------------------------------------------
Generated text:  me to his heart when he had sat

Epoch  1 / 100, Training Step  4500 / 1000000 , Training Accuracy =  0.6218750476837158 , Training Loss =  1.207315444946289 
-----------------------------------------------
Generated text:  /give me the water, and the bea

Epoch  1 / 100, Training Step  4600 / 1000000 , Training Accuracy =  0.6395833492279053 , Training Loss =  1.1795066595077515 
-----------------------------------------------
Generated text:  ound the countryman and the wor

Epoch  1 / 100, Training Step  4700 / 1000000 , Training Accuracy =  0.6223958730697632 , Training Loss =  1.2366766929626465 
-----------------------------------------------
Generated text:  # the stars, and the cook said 

Epoch  1 / 100, Training Step  4800 / 1000000 , Training Accuracy =  0.6156250238418579 , Training Loss =  1.194088339805603 
-----------------------------------------------
Generated text:  $ the sparrow, and the spit of 

Epoch  1 / 100, Training Step  4900 / 1000000 , Training Accuracy =  0.6229166984558105 , Training Loss =  1.231083631515503 
-----------------------------------------------
Generated text:  Under the world was a good for 

Epoch  1 / 100, Training Step  5000 / 1000000 , Training Accuracy =  0.6098958849906921 , Training Loss =  1.2423222064971924 
-----------------------------------------------
Generated text:   the world were the world with 

Epoch  1 / 100, Training Step  5100 / 1000000 , Training Accuracy =  0.6260417103767395 , Training Loss =  1.2162834405899048 
-----------------------------------------------
Generated text:  And the princesses and the fire

Epoch  1 / 100, Training Step  5200 / 1000000 , Training Accuracy =  0.6312500238418579 , Training Loss =  1.1721302270889282 
-----------------------------------------------
Generated text:  Little Red-Cap, and the first d

Epoch  1 / 100, Training Step  5300 / 1000000 , Training Accuracy =  0.6265625357627869 , Training Loss =  1.206347107887268 
-----------------------------------------------
Generated text:  I will be so that it was the se

Epoch  1 / 100, Training Step  5400 / 1000000 , Training Accuracy =  0.635937511920929 , Training Loss =  1.1438472270965576 
-----------------------------------------------
Generated text:  ; and the king was so blow, and

Epoch  1 / 100, Training Step  5500 / 1000000 , Training Accuracy =  0.6406250596046448 , Training Loss =  1.1722569465637207 
-----------------------------------------------
Generated text:  and the bear was to be seen int

Epoch  1 / 100, Training Step  5600 / 1000000 , Training Accuracy =  0.635937511920929 , Training Loss =  1.172868013381958 
-----------------------------------------------
Generated text:  VENT THE SALAGANTANE

A great c

Epoch  1 / 100, Training Step  5700 / 1000000 , Training Accuracy =  0.643750011920929 , Training Loss =  1.156303882598877 
-----------------------------------------------
Generated text:  ?‚Äô ‚ÄòWhat do you will get th

Epoch  1 / 100, Training Step  5800 / 1000000 , Training Accuracy =  0.6244791746139526 , Training Loss =  1.200018286705017 
-----------------------------------------------
Generated text:  ‚Äô ‚ÄòWhat do you do not do it

Epoch  1 / 100, Training Step  5900 / 1000000 , Training Accuracy =  0.6343750357627869 , Training Loss =  1.194693684577942 
-----------------------------------------------
Generated text:  He was so beautiful to the king

Epoch  1 / 100, Training Step  6000 / 1000000 , Training Accuracy =  0.628125011920929 , Training Loss =  1.1702665090560913 
-----------------------------------------------
Generated text:  Then the woman was still more t

Epoch  1 / 100, Training Step  6100 / 1000000 , Training Accuracy =  0.6552083492279053 , Training Loss =  1.1142382621765137 
-----------------------------------------------
Generated text:  

The cook was so find the wate

Epoch  1 / 100, Training Step  6200 / 1000000 , Training Accuracy =  0.6677083969116211 , Training Loss =  1.0949633121490479 
-----------------------------------------------
Generated text:  r the window, and said: ‚ÄòI wi

Epoch  1 / 100, Training Step  6300 / 1000000 , Training Accuracy =  0.6255208849906921 , Training Loss =  1.2147002220153809 
-----------------------------------------------
Generated text:  òI will go into the water, and 

Epoch  1 / 100, Training Step  6400 / 1000000 , Training Accuracy =  0.6411458849906921 , Training Loss =  1.187493920326233 
-----------------------------------------------
Generated text:  ô said the fisherman, ‚ÄòI will

Epoch  1 / 100, Training Step  6500 / 1000000 , Training Accuracy =  0.6145833730697632 , Training Loss =  1.1951922178268433 
-----------------------------------------------
Generated text:  I will give the wine world that

Epoch  1 / 100, Training Step  6600 / 1000000 , Training Accuracy =  0.6276041865348816 , Training Loss =  1.192365288734436 
-----------------------------------------------
Generated text:  Cat-skin as if the sparrow said

Epoch  1 / 100, Training Step  6700 / 1000000 , Training Accuracy =  0.6463541984558105 , Training Loss =  1.1367056369781494 
-----------------------------------------------
Generated text:  xe was a great deal of the cast

Epoch  1 / 100, Training Step  6800 / 1000000 , Training Accuracy =  0.6333333849906921 , Training Loss =  1.188517451286316 
-----------------------------------------------
Generated text:  $ the shoes and said: ‚ÄòI will

Epoch  1 / 100, Training Step  6900 / 1000000 , Training Accuracy =  0.6208333373069763 , Training Loss =  1.1888041496276855 
-----------------------------------------------
Generated text:  UNTINT LITTLE PARTANT OF THE BE

Epoch  1 / 100, Training Step  7000 / 1000000 , Training Accuracy =  0.6369792222976685 , Training Loss =  1.1469805240631104 
-----------------------------------------------
Generated text:  !‚Äô said the man, ‚Äòyou shall

Epoch  1 / 100, Training Step  7100 / 1000000 , Training Accuracy =  0.6380208730697632 , Training Loss =  1.179887056350708 
-----------------------------------------------
Generated text:  2.  Information about the world

Epoch  1 / 100, Training Step  7200 / 1000000 , Training Accuracy =  0.6380208730697632 , Training Loss =  1.1612292528152466 
-----------------------------------------------
Generated text:  5016

1.F.3.  LIMITED GRISE

A 

Epoch  1 / 100, Training Step  7300 / 1000000 , Training Accuracy =  0.6468750238418579 , Training Loss =  1.169920802116394 
-----------------------------------------------
Generated text:  Now the others were still and s

Epoch  1 / 100, Training Step  7400 / 1000000 , Training Accuracy =  0.635937511920929 , Training Loss =  1.1653200387954712 
-----------------------------------------------
Generated text:  (and the window and said, ‚ÄòTh

Epoch  1 / 100, Training Step  7500 / 1000000 , Training Accuracy =  0.6260417103767395 , Training Loss =  1.2064615488052368 
-----------------------------------------------
Generated text:  Äô ‚ÄòI am sure to him that he 

Epoch  1 / 100, Training Step  7600 / 1000000 , Training Accuracy =  0.6296875476837158 , Training Loss =  1.135439157485962 
-----------------------------------------------
Generated text:  (for the second tower, and said

Epoch  1 / 100, Training Step  7700 / 1000000 , Training Accuracy =  0.6520833969116211 , Training Loss =  1.1539760828018188 
-----------------------------------------------
Generated text:  _ the street to see the street 

Epoch  1 / 100, Training Step  7800 / 1000000 , Training Accuracy =  0.6447917222976685 , Training Loss =  1.1768324375152588 
-----------------------------------------------
Generated text:  % the stars, and the soldier wa

Epoch  1 / 100, Training Step  7900 / 1000000 , Training Accuracy =  0.6494792103767395 , Training Loss =  1.1474674940109253 
-----------------------------------------------
Generated text:  ) and the sparrow said, ‚ÄòI wi

Epoch  1 / 100, Training Step  8000 / 1000000 , Training Accuracy =  0.6447917222976685 , Training Loss =  1.16353178024292 
-----------------------------------------------
Generated text:  Jorice, and the stairs were so 

Epoch  1 / 100, Training Step  8100 / 1000000 , Training Accuracy =  0.6552083492279053 , Training Loss =  1.0988678932189941 
-----------------------------------------------
Generated text:  zed a little calf, and said: ‚Ä

Epoch  1 / 100, Training Step  8200 / 1000000 , Training Accuracy =  0.6583333611488342 , Training Loss =  1.1236512660980225 
-----------------------------------------------
Generated text:  ª the wolf was as he was to be 

Epoch  1 / 100, Training Step  8300 / 1000000 , Training Accuracy =  0.6651042103767395 , Training Loss =  1.0811508893966675 
-----------------------------------------------
Generated text:  he sat stood a little blood, an

Epoch  1 / 100, Training Step  8400 / 1000000 , Training Accuracy =  0.6312500238418579 , Training Loss =  1.177186131477356 
-----------------------------------------------
Generated text:  More will be a fine things to b

Epoch  1 / 100, Training Step  8500 / 1000000 , Training Accuracy =  0.6619791984558105 , Training Loss =  1.1264270544052124 
-----------------------------------------------
Generated text:  y the stream and the straw the 

Epoch  1 / 100, Training Step  8600 / 1000000 , Training Accuracy =  0.651562511920929 , Training Loss =  1.1148972511291504 
-----------------------------------------------
Generated text:  0 distribution of the sea, and 

Epoch  2 / 100, Training Step  0 / 1000000 , Training Accuracy =  0.6692708730697632 , Training Loss =  1.0925909280776978 
-----------------------------------------------
Generated text:  !‚Äô said the man, ‚Äòthat is t

Epoch  2 / 100, Training Step  100 / 1000000 , Training Accuracy =  0.6697916984558105 , Training Loss =  1.0808759927749634 
-----------------------------------------------
Generated text:  501. 
The second princess saw t

Epoch  2 / 100, Training Step  200 / 1000000 , Training Accuracy =  0.6567708849906921 , Training Loss =  1.1175968647003174 
-----------------------------------------------
Generated text:  nd the second done the second t

Epoch  2 / 100, Training Step  300 / 1000000 , Training Accuracy =  0.6447917222976685 , Training Loss =  1.0891841650009155 
-----------------------------------------------
Generated text:  VENTLE RED-CAP [LITTLE RED-CAP 

Epoch  2 / 100, Training Step  400 / 1000000 , Training Accuracy =  0.6442708373069763 , Training Loss =  1.1148909330368042 
-----------------------------------------------
Generated text:  f the window, and the first loo

Epoch  2 / 100, Training Step  500 / 1000000 , Training Accuracy =  0.6307291984558105 , Training Loss =  1.1378873586654663 
-----------------------------------------------
Generated text:  Now the work was to be so that 

Epoch  2 / 100, Training Step  600 / 1000000 , Training Accuracy =  0.6401041746139526 , Training Loss =  1.1626415252685547 
-----------------------------------------------
Generated text:  pened to his song of the water,

Epoch  2 / 100, Training Step  700 / 1000000 , Training Accuracy =  0.6645833849906921 , Training Loss =  1.0905787944793701 
-----------------------------------------------
Generated text:   the stream the castle of the s

Epoch  2 / 100, Training Step  800 / 1000000 , Training Accuracy =  0.6635416746139526 , Training Loss =  1.0869643688201904 
-----------------------------------------------
Generated text:  _ the forest, and the son was t

Epoch  2 / 100, Training Step  900 / 1000000 , Training Accuracy =  0.651562511920929 , Training Loss =  1.0898807048797607 
-----------------------------------------------
Generated text:  úHere is a little piece of my h

Epoch  2 / 100, Training Step  1000 / 1000000 , Training Accuracy =  0.6583333611488342 , Training Loss =  1.0827001333236694 
-----------------------------------------------
Generated text:  s to the tree, and the first sa

Epoch  2 / 100, Training Step  1100 / 1000000 , Training Accuracy =  0.6489583849906921 , Training Loss =  1.1311393976211548 
-----------------------------------------------
Generated text:  g the second son was to be so t

Epoch  2 / 100, Training Step  1200 / 1000000 , Training Accuracy =  0.6562500596046448 , Training Loss =  1.108819603919983 
-----------------------------------------------
Generated text:  úHere is a little child was ask

Epoch  2 / 100, Training Step  1300 / 1000000 , Training Accuracy =  0.6484375596046448 , Training Loss =  1.1126580238342285 
-----------------------------------------------
Generated text:  ø the stairs, and said: ‚ÄòI wi

Epoch  2 / 100, Training Step  1400 / 1000000 , Training Accuracy =  0.6666666865348816 , Training Loss =  1.0749573707580566 
-----------------------------------------------
Generated text:  And the king said, ‚ÄòI will no

Epoch  2 / 100, Training Step  1500 / 1000000 , Training Accuracy =  0.6526042222976685 , Training Loss =  1.127927303314209 
-----------------------------------------------
Generated text:  So they went on to the bed, and

Epoch  2 / 100, Training Step  1600 / 1000000 , Training Accuracy =  0.6510416865348816 , Training Loss =  1.1167144775390625 
-----------------------------------------------
Generated text:  For something to see her and sa

Epoch  2 / 100, Training Step  1700 / 1000000 , Training Accuracy =  0.6541666984558105 , Training Loss =  1.1199872493743896 
-----------------------------------------------
Generated text:  D THE STRAW OF THE GOLDEN MOUNT

Epoch  2 / 100, Training Step  1800 / 1000000 , Training Accuracy =  0.6786458492279053 , Training Loss =  1.0618587732315063 
-----------------------------------------------
Generated text:  # she was to be seen and said: 

Epoch  2 / 100, Training Step  1900 / 1000000 , Training Accuracy =  0.6729167103767395 , Training Loss =  1.0824719667434692 
-----------------------------------------------
Generated text:  /guests were so far as the sold

Epoch  2 / 100, Training Step  2000 / 1000000 , Training Accuracy =  0.6458333730697632 , Training Loss =  1.1174490451812744 
-----------------------------------------------
Generated text:  ù down to the forest, and said:

Epoch  2 / 100, Training Step  2100 / 1000000 , Training Accuracy =  0.6494792103767395 , Training Loss =  1.1185832023620605 
-----------------------------------------------
Generated text:  o the stars, and the soldier wa

Epoch  2 / 100, Training Step  2200 / 1000000 , Training Accuracy =  0.6625000238418579 , Training Loss =  1.0723778009414673 
-----------------------------------------------
Generated text:  _ the world were so much that h

Epoch  2 / 100, Training Step  2300 / 1000000 , Training Accuracy =  0.6635416746139526 , Training Loss =  1.1067765951156616 
-----------------------------------------------
Generated text:  You have said, ‚ÄòI will soon f

Epoch  2 / 100, Training Step  2400 / 1000000 , Training Accuracy =  0.6760417222976685 , Training Loss =  1.042899489402771 
-----------------------------------------------
Generated text:  Fox was come to the second time

Epoch  2 / 100, Training Step  2500 / 1000000 , Training Accuracy =  0.6536458730697632 , Training Loss =  1.0952658653259277 
-----------------------------------------------
Generated text:  s the window, and the mother sa

Epoch  2 / 100, Training Step  2600 / 1000000 , Training Accuracy =  0.6307291984558105 , Training Loss =  1.1175402402877808 
-----------------------------------------------
Generated text:  y were the mouse he said: ‚ÄòIf

Epoch  2 / 100, Training Step  2700 / 1000000 , Training Accuracy =  0.6546875238418579 , Training Loss =  1.096116542816162 
-----------------------------------------------
Generated text:  D THE SEVEN LITTLE KINS LINT AN

Epoch  2 / 100, Training Step  2800 / 1000000 , Training Accuracy =  0.6562500596046448 , Training Loss =  1.1212944984436035 
-----------------------------------------------
Generated text:  501), of the world were sitting

Epoch  2 / 100, Training Step  2900 / 1000000 , Training Accuracy =  0.659375011920929 , Training Loss =  1.0993916988372803 
-----------------------------------------------
Generated text:  ø the beard was as long as he w

Epoch  2 / 100, Training Step  3000 / 1000000 , Training Accuracy =  0.6765625476837158 , Training Loss =  1.0410773754119873 
-----------------------------------------------
Generated text:  with the same time to the tree,

Epoch  2 / 100, Training Step  3100 / 1000000 , Training Accuracy =  0.6583333611488342 , Training Loss =  1.0524367094039917 
-----------------------------------------------
Generated text:  and the stone that the window a

Epoch  2 / 100, Training Step  3200 / 1000000 , Training Accuracy =  0.6666666865348816 , Training Loss =  1.0813883543014526 
-----------------------------------------------
Generated text:  ù down and said: ‚ÄòI have not 

Epoch  2 / 100, Training Step  3300 / 1000000 , Training Accuracy =  0.6666666865348816 , Training Loss =  1.0650862455368042 
-----------------------------------------------
Generated text:  , and said, ‚ÄòI will give you 

Epoch  2 / 100, Training Step  3400 / 1000000 , Training Accuracy =  0.6645833849906921 , Training Loss =  1.060219407081604 
-----------------------------------------------
Generated text:  ) was a great feast to his hat 

Epoch  2 / 100, Training Step  3500 / 1000000 , Training Accuracy =  0.6473958492279053 , Training Loss =  1.089565396308899 
-----------------------------------------------
Generated text:  (and the star-gazer said, ‚ÄòWh

Epoch  2 / 100, Training Step  3600 / 1000000 , Training Accuracy =  0.6718750596046448 , Training Loss =  1.0444074869155884 
-----------------------------------------------
Generated text:  4 do so, the king came the sea,

Epoch  2 / 100, Training Step  3700 / 1000000 , Training Accuracy =  0.6630208492279053 , Training Loss =  1.0651909112930298 
-----------------------------------------------
Generated text:  ô ‚ÄòI am sure something to do 

Epoch  2 / 100, Training Step  3800 / 1000000 , Training Accuracy =  0.651562511920929 , Training Loss =  1.12836754322052 
-----------------------------------------------
Generated text:  d to him to the boy, and the so

Epoch  2 / 100, Training Step  3900 / 1000000 , Training Accuracy =  0.6677083969116211 , Training Loss =  1.0756276845932007 
-----------------------------------------------
Generated text:  He was already dancing and said

Epoch  2 / 100, Training Step  4000 / 1000000 , Training Accuracy =  0.6598958969116211 , Training Loss =  1.0619356632232666 
-----------------------------------------------
Generated text:  just like more and more gone on

Epoch  2 / 100, Training Step  4100 / 1000000 , Training Accuracy =  0.6567708849906921 , Training Loss =  1.092077612876892 
-----------------------------------------------
Generated text:  Cap sired, and the soldier said

Epoch  2 / 100, Training Step  4200 / 1000000 , Training Accuracy =  0.6614583730697632 , Training Loss =  1.073165774345398 
-----------------------------------------------
Generated text:  2.  Information about the world

Epoch  2 / 100, Training Step  4300 / 1000000 , Training Accuracy =  0.6583333611488342 , Training Loss =  1.084276556968689 
-----------------------------------------------
Generated text:  Hansel said, ‚ÄòWhat a clever E

Epoch  2 / 100, Training Step  4400 / 1000000 , Training Accuracy =  0.6666666865348816 , Training Loss =  1.062947392463684 
-----------------------------------------------
Generated text:  501), Gretel, who had been so h

Epoch  2 / 100, Training Step  4500 / 1000000 , Training Accuracy =  0.6708333492279053 , Training Loss =  1.074654221534729 
-----------------------------------------------
Generated text:  0 day she was to be seen and sa

Epoch  2 / 100, Training Step  4600 / 1000000 , Training Accuracy =  0.6812500357627869 , Training Loss =  1.049013614654541 
-----------------------------------------------
Generated text:  Little Red-Cap, and said: ‚ÄòI 

Epoch  2 / 100, Training Step  4700 / 1000000 , Training Accuracy =  0.6484375596046448 , Training Loss =  1.1055701971054077 
-----------------------------------------------
Generated text:  for the boy the stable, and sai

Epoch  2 / 100, Training Step  4800 / 1000000 , Training Accuracy =  0.6463541984558105 , Training Loss =  1.083213210105896 
-----------------------------------------------
Generated text:  be so many years, and the sparr

Epoch  2 / 100, Training Step  4900 / 1000000 , Training Accuracy =  0.6598958969116211 , Training Loss =  1.0937496423721313 
-----------------------------------------------
Generated text:  ; and the mother said to him: ‚

Epoch  2 / 100, Training Step  5000 / 1000000 , Training Accuracy =  0.6468750238418579 , Training Loss =  1.1213150024414062 
-----------------------------------------------
Generated text:  You must be a fine things to me

Epoch  2 / 100, Training Step  5100 / 1000000 , Training Accuracy =  0.6578125357627869 , Training Loss =  1.0909068584442139 
-----------------------------------------------
Generated text:  3 a short time the second son s

Epoch  2 / 100, Training Step  5200 / 1000000 , Training Accuracy =  0.6651042103767395 , Training Loss =  1.0482062101364136 
-----------------------------------------------
Generated text:  2000), where the wolf was gone,

Epoch  2 / 100, Training Step  5300 / 1000000 , Training Accuracy =  0.6562500596046448 , Training Loss =  1.093935489654541 
-----------------------------------------------
Generated text:  She was to be seen, and the son

Epoch  2 / 100, Training Step  5400 / 1000000 , Training Accuracy =  0.6598958969116211 , Training Loss =  1.0448166131973267 
-----------------------------------------------
Generated text:  RED KIDIN AND THE SAUSAGE

Afte

Epoch  2 / 100, Training Step  5500 / 1000000 , Training Accuracy =  0.6744791865348816 , Training Loss =  1.056463360786438 
-----------------------------------------------
Generated text:  (and said: ‚ÄòIt is a princess 

Epoch  2 / 100, Training Step  5600 / 1000000 , Training Accuracy =  0.6625000238418579 , Training Loss =  1.0623849630355835 
-----------------------------------------------
Generated text:  ‚ÄòI will give you some wine wo

Epoch  2 / 100, Training Step  5700 / 1000000 , Training Accuracy =  0.6661458611488342 , Training Loss =  1.0681722164154053 
-----------------------------------------------
Generated text:  6 THE FOUR CLEVER BROTHER BEAR 

Epoch  2 / 100, Training Step  5800 / 1000000 , Training Accuracy =  0.651562511920929 , Training Loss =  1.0929306745529175 
-----------------------------------------------
Generated text:  -home with the wood to the bed,

Epoch  2 / 100, Training Step  5900 / 1000000 , Training Accuracy =  0.6739583611488342 , Training Loss =  1.0524964332580566 
-----------------------------------------------
Generated text:  Little Red-Cap, and said, ‚ÄòI 

Epoch  2 / 100, Training Step  6000 / 1000000 , Training Accuracy =  0.6645833849906921 , Training Loss =  1.0621031522750854 
-----------------------------------------------
Generated text:  for the work of the world with 

Epoch  2 / 100, Training Step  6100 / 1000000 , Training Accuracy =  0.6890625357627869 , Training Loss =  1.0083439350128174 
-----------------------------------------------
Generated text:  You have saw that they were to 

Epoch  2 / 100, Training Step  6200 / 1000000 , Training Accuracy =  0.6875000596046448 , Training Loss =  1.0101735591888428 
-----------------------------------------------
Generated text:  ?‚Äô ‚ÄòWhat does your grandmot

Epoch  2 / 100, Training Step  6300 / 1000000 , Training Accuracy =  0.6489583849906921 , Training Loss =  1.1117794513702393 
-----------------------------------------------
Generated text:  _ the world with her father and

Epoch  2 / 100, Training Step  6400 / 1000000 , Training Accuracy =  0.6598958969116211 , Training Loss =  1.0820471048355103 
-----------------------------------------------
Generated text:  VER HIS IN LINT AND THE CAT IND

Epoch  2 / 100, Training Step  6500 / 1000000 , Training Accuracy =  0.6484375596046448 , Training Loss =  1.092936635017395 
-----------------------------------------------
Generated text:  , and the soldier said to him, 

Epoch  2 / 100, Training Step  6600 / 1000000 , Training Accuracy =  0.6630208492279053 , Training Loss =  1.0839409828186035 
-----------------------------------------------
Generated text:  2591-0.zip *****
This and took 

Epoch  2 / 100, Training Step  6700 / 1000000 , Training Accuracy =  0.6619791984558105 , Training Loss =  1.0377713441848755 
-----------------------------------------------
Generated text:  X AND THE SALAD

There was once

Epoch  2 / 100, Training Step  6800 / 1000000 , Training Accuracy =  0.6567708849906921 , Training Loss =  1.0768650770187378 
-----------------------------------------------
Generated text:  the shoes were so fairs to be a

Epoch  2 / 100, Training Step  6900 / 1000000 , Training Accuracy =  0.6520833969116211 , Training Loss =  1.0832618474960327 
-----------------------------------------------
Generated text:  (for the shoes were the star-ga

Epoch  2 / 100, Training Step  7000 / 1000000 , Training Accuracy =  0.6723958849906921 , Training Loss =  1.0559344291687012 
-----------------------------------------------
Generated text:  What a little daughter again.‚Ä

Epoch  2 / 100, Training Step  7100 / 1000000 , Training Accuracy =  0.6760417222976685 , Training Loss =  1.0803414583206177 
-----------------------------------------------
Generated text:  @pglaf.org.




THE WOLLE

Once

Epoch  2 / 100, Training Step  7200 / 1000000 , Training Accuracy =  0.6677083969116211 , Training Loss =  1.067629337310791 
-----------------------------------------------
Generated text:  Zuntel, and said, ‚ÄòI will giv

Epoch  2 / 100, Training Step  7300 / 1000000 , Training Accuracy =  0.6692708730697632 , Training Loss =  1.070495843887329 
-----------------------------------------------
Generated text:  d the wolf was going to him tha

Epoch  2 / 100, Training Step  7400 / 1000000 , Training Accuracy =  0.6708333492279053 , Training Loss =  1.0721487998962402 
-----------------------------------------------
Generated text:  ! Hans takes the children were 

Epoch  2 / 100, Training Step  7500 / 1000000 , Training Accuracy =  0.6609375476837158 , Training Loss =  1.0929628610610962 
-----------------------------------------------
Generated text:  E THUMB

There was once a man w

Epoch  2 / 100, Training Step  7600 / 1000000 , Training Accuracy =  0.6583333611488342 , Training Loss =  1.0421792268753052 
-----------------------------------------------
Generated text:  ?‚Äô ‚ÄòI do not know what to m

Epoch  2 / 100, Training Step  7700 / 1000000 , Training Accuracy =  0.6822916865348816 , Training Loss =  1.0689034461975098 
-----------------------------------------------
Generated text:  1.  Information about Project G

Epoch  2 / 100, Training Step  7800 / 1000000 , Training Accuracy =  0.6567708849906921 , Training Loss =  1.1027547121047974 
-----------------------------------------------
Generated text:  was to be the water, and the so

Epoch  2 / 100, Training Step  7900 / 1000000 , Training Accuracy =  0.6687500476837158 , Training Loss =  1.0647419691085815 
-----------------------------------------------
Generated text:  ] the stars, and the stars of t

Epoch  2 / 100, Training Step  8000 / 1000000 , Training Accuracy =  0.6656250357627869 , Training Loss =  1.0849567651748657 
-----------------------------------------------
Generated text:  f the stable to the tree and sa

Epoch  2 / 100, Training Step  8100 / 1000000 , Training Accuracy =  0.6911458969116211 , Training Loss =  1.0234274864196777 
-----------------------------------------------
Generated text:  VENT OR UNDEL OR GRENECT OU EAD

Epoch  2 / 100, Training Step  8200 / 1000000 , Training Accuracy =  0.6791666746139526 , Training Loss =  1.0414352416992188 
-----------------------------------------------
Generated text:  per-tree where the golden hair 

Epoch  2 / 100, Training Step  8300 / 1000000 , Training Accuracy =  0.6833333969116211 , Training Loss =  0.9997159242630005 
-----------------------------------------------
Generated text:  the cat said: ‚ÄòIf I get to th

Epoch  2 / 100, Training Step  8400 / 1000000 , Training Accuracy =  0.6463541984558105 , Training Loss =  1.0918693542480469 
-----------------------------------------------
Generated text:  re the stairs were so still ali

Epoch  2 / 100, Training Step  8500 / 1000000 , Training Accuracy =  0.6734375357627869 , Training Loss =  1.0615520477294922 
-----------------------------------------------
Generated text:  When the king said, ‚ÄòThe bett

Epoch  2 / 100, Training Step  8600 / 1000000 , Training Accuracy =  0.6729167103767395 , Training Loss =  1.0282407999038696 
-----------------------------------------------
Generated text:  The fisherman went home to the 

Epoch  3 / 100, Training Step  0 / 1000000 , Training Accuracy =  0.682812511920929 , Training Loss =  1.0196388959884644 
-----------------------------------------------
Generated text:  r the world. I have a broye of 

Epoch  3 / 100, Training Step  100 / 1000000 , Training Accuracy =  0.6796875596046448 , Training Loss =  0.989493191242218 
-----------------------------------------------
Generated text:   the stomach remained standing 

Epoch  3 / 100, Training Step  200 / 1000000 , Training Accuracy =  0.6734375357627869 , Training Loss =  1.0484421253204346 
-----------------------------------------------
Generated text:  -home again. The king said to h

Epoch  3 / 100, Training Step  300 / 1000000 , Training Accuracy =  0.6661458611488342 , Training Loss =  1.0218786001205444 
-----------------------------------------------
Generated text:  zel.‚Äô ‚ÄòGoodbye, Hans.‚Äô Ha

Epoch  3 / 100, Training Step  400 / 1000000 , Training Accuracy =  0.6708333492279053 , Training Loss =  1.020809292793274 
-----------------------------------------------
Generated text:  One came to the forest, and the

Epoch  3 / 100, Training Step  500 / 1000000 , Training Accuracy =  0.6697916984558105 , Training Loss =  1.059527039527893 
-----------------------------------------------
Generated text:  One can tearer to the tree, and

Epoch  3 / 100, Training Step  600 / 1000000 , Training Accuracy =  0.6546875238418579 , Training Loss =  1.0774554014205933 
-----------------------------------------------
Generated text:  $1 to $5,000) are part of the f

Epoch  3 / 100, Training Step  700 / 1000000 , Training Accuracy =  0.6802083849906921 , Training Loss =  1.0185487270355225 
-----------------------------------------------
Generated text:  ke a spindly to the bed, and th

Epoch  3 / 100, Training Step  800 / 1000000 , Training Accuracy =  0.675000011920929 , Training Loss =  1.0170124769210815 
-----------------------------------------------
Generated text:  carrying the work was overjoyed

Epoch  3 / 100, Training Step  900 / 1000000 , Training Accuracy =  0.6786458492279053 , Training Loss =  1.0161710977554321 
-----------------------------------------------
Generated text:  úHere will she should be a fine

Epoch  3 / 100, Training Step  1000 / 1000000 , Training Accuracy =  0.675000011920929 , Training Loss =  1.0287538766860962 
-----------------------------------------------
Generated text:  r the tree with the tailor was 

Epoch  3 / 100, Training Step  1100 / 1000000 , Training Accuracy =  0.6666666865348816 , Training Loss =  1.0654386281967163 
-----------------------------------------------
Generated text:  The giant said: ‚ÄòI will give 

Epoch  3 / 100, Training Step  1200 / 1000000 , Training Accuracy =  0.6697916984558105 , Training Loss =  1.052225947380066 
-----------------------------------------------
Generated text:  I will be the most beautiful fo

Epoch  3 / 100, Training Step  1300 / 1000000 , Training Accuracy =  0.6760417222976685 , Training Loss =  1.0418230295181274 
-----------------------------------------------
Generated text:  VEN AND THE BEAN

Properly ther

Epoch  3 / 100, Training Step  1400 / 1000000 , Training Accuracy =  0.6947916746139526 , Training Loss =  1.0019158124923706 
-----------------------------------------------
Generated text:  You shall still see what she ha

Epoch  3 / 100, Training Step  1500 / 1000000 , Training Accuracy =  0.6791666746139526 , Training Loss =  1.0408698320388794 
-----------------------------------------------
Generated text:  e the second to you to the bed,

Epoch  3 / 100, Training Step  1600 / 1000000 , Training Accuracy =  0.6734375357627869 , Training Loss =  1.042258620262146 
-----------------------------------------------
Generated text:  quite him that the stars--fathe

Epoch  3 / 100, Training Step  1700 / 1000000 , Training Accuracy =  0.6697916984558105 , Training Loss =  1.0567638874053955 
-----------------------------------------------
Generated text:  6-1814, blow! I will give you s

Epoch  3 / 100, Training Step  1800 / 1000000 , Training Accuracy =  0.6765625476837158 , Training Loss =  1.0014338493347168 
-----------------------------------------------
Generated text:  Queen stood and said: ‚ÄòI have

Epoch  3 / 100, Training Step  1900 / 1000000 , Training Accuracy =  0.6895833611488342 , Training Loss =  1.0147901773452759 
-----------------------------------------------
Generated text:  could not see her to the forest

Epoch  3 / 100, Training Step  2000 / 1000000 , Training Accuracy =  0.6645833849906921 , Training Loss =  1.0591737031936646 
-----------------------------------------------
Generated text:  Zunishmed the soldier to the fo

Epoch  3 / 100, Training Step  2100 / 1000000 , Training Accuracy =  0.667187511920929 , Training Loss =  1.060058832168579 
-----------------------------------------------
Generated text:  y the stars, and the soldier wa

Epoch  3 / 100, Training Step  2200 / 1000000 , Training Accuracy =  0.6796875596046448 , Training Loss =  0.9986894130706787 
-----------------------------------------------
Generated text:  zel and the sparrow said, ‚ÄòWh

Epoch  3 / 100, Training Step  2300 / 1000000 , Training Accuracy =  0.6760417222976685 , Training Loss =  1.0519403219223022 
-----------------------------------------------
Generated text:  x had brought her head out of t

Epoch  3 / 100, Training Step  2400 / 1000000 , Training Accuracy =  0.6911458969116211 , Training Loss =  0.986529529094696 
-----------------------------------------------
Generated text:  #time the moon came to a couply

Epoch  3 / 100, Training Step  2500 / 1000000 , Training Accuracy =  0.6723958849906921 , Training Loss =  1.0308905839920044 
-----------------------------------------------
Generated text:  g the morning the fairy had the

Epoch  3 / 100, Training Step  2600 / 1000000 , Training Accuracy =  0.651562511920929 , Training Loss =  1.0721160173416138 
-----------------------------------------------
Generated text:  2.  Information about the work 

Epoch  3 / 100, Training Step  2700 / 1000000 , Training Accuracy =  0.6692708730697632 , Training Loss =  1.046766996383667 
-----------------------------------------------
Generated text:  perform a little piece of wine 

Epoch  3 / 100, Training Step  2800 / 1000000 , Training Accuracy =  0.6630208492279053 , Training Loss =  1.065579891204834 
-----------------------------------------------
Generated text:  le to the ground, and said, ‚Äò

Epoch  3 / 100, Training Step  2900 / 1000000 , Training Accuracy =  0.6802083849906921 , Training Loss =  1.0348666906356812 
-----------------------------------------------
Generated text:  : ‚ÄòIf the bear say the first 

Epoch  3 / 100, Training Step  3000 / 1000000 , Training Accuracy =  0.6817708611488342 , Training Loss =  0.9952215552330017 
-----------------------------------------------
Generated text:  ª a feast was so pretty that th

Epoch  3 / 100, Training Step  3100 / 1000000 , Training Accuracy =  0.667187511920929 , Training Loss =  0.9988717436790466 
-----------------------------------------------
Generated text:  ?‚Äô ‚ÄòThat is the man who had

Epoch  3 / 100, Training Step  3200 / 1000000 , Training Accuracy =  0.682812511920929 , Training Loss =  1.0265896320343018 
-----------------------------------------------
Generated text:  2.  If you do not see the wind 

Epoch  3 / 100, Training Step  3300 / 1000000 , Training Accuracy =  0.6739583611488342 , Training Loss =  1.0136761665344238 
-----------------------------------------------
Generated text:  s the stones of the work of the

Epoch  3 / 100, Training Step  3400 / 1000000 , Training Accuracy =  0.6739583611488342 , Training Loss =  1.0032132863998413 
-----------------------------------------------
Generated text:  4 do set the boy to the bottom 

Epoch  3 / 100, Training Step  3500 / 1000000 , Training Accuracy =  0.6713541746139526 , Training Loss =  1.0297800302505493 
-----------------------------------------------
Generated text:  [LITTLE RED-CAP [LITTLE RED RID

Epoch  3 / 100, Training Step  3600 / 1000000 , Training Accuracy =  0.6843750476837158 , Training Loss =  0.9805589914321899 
-----------------------------------------------
Generated text:  ) with the princesses, and said

Epoch  3 / 100, Training Step  3700 / 1000000 , Training Accuracy =  0.6744791865348816 , Training Loss =  1.025304913520813 
-----------------------------------------------
Generated text:  **




THE FOUR CLEVER BROTHERS

Epoch  3 / 100, Training Step  3800 / 1000000 , Training Accuracy =  0.6588541865348816 , Training Loss =  1.0671874284744263 
-----------------------------------------------
Generated text:  ù down to the tower and went in

Epoch  3 / 100, Training Step  3900 / 1000000 , Training Accuracy =  0.6817708611488342 , Training Loss =  1.0214101076126099 
-----------------------------------------------
Generated text:  I will give you the shoemaker‚Ä

Epoch  3 / 100, Training Step  4000 / 1000000 , Training Accuracy =  0.6739583611488342 , Training Loss =  1.0158134698867798 
-----------------------------------------------
Generated text:  . The king was to be seen, and 

Epoch  3 / 100, Training Step  4100 / 1000000 , Training Accuracy =  0.675000011920929 , Training Loss =  1.0373421907424927 
-----------------------------------------------
Generated text:  E RED-CAP [LITTLE RED RIDING HO

Epoch  3 / 100, Training Step  4200 / 1000000 , Training Accuracy =  0.6822916865348816 , Training Loss =  1.0053995847702026 
-----------------------------------------------
Generated text:  The fox said, ‚ÄòI will soon fi

Epoch  3 / 100, Training Step  4300 / 1000000 , Training Accuracy =  0.6734375357627869 , Training Loss =  1.0358951091766357 
-----------------------------------------------
Generated text:  : ‚ÄòIf you will not go too muc

Epoch  3 / 100, Training Step  4400 / 1000000 , Training Accuracy =  0.6755208969116211 , Training Loss =  1.0127583742141724 
-----------------------------------------------
Generated text:  I will take the work was always

Epoch  3 / 100, Training Step  4500 / 1000000 , Training Accuracy =  0.6739583611488342 , Training Loss =  1.0335628986358643 
-----------------------------------------------
Generated text:  came to a country a great deal 

Epoch  3 / 100, Training Step  4600 / 1000000 , Training Accuracy =  0.6796875596046448 , Training Loss =  0.9967063665390015 
-----------------------------------------------
Generated text:  ô ‚ÄòI am sure I shall be bette

Epoch  3 / 100, Training Step  4700 / 1000000 , Training Accuracy =  0.6666666865348816 , Training Loss =  1.047682285308838 
-----------------------------------------------
Generated text:  ô ‚ÄòI am going to the bottom o

Epoch  3 / 100, Training Step  4800 / 1000000 , Training Accuracy =  0.6604167222976685 , Training Loss =  1.0213662385940552 
-----------------------------------------------
Generated text:  Now will bring me a silly green

Epoch  3 / 100, Training Step  4900 / 1000000 , Training Accuracy =  0.6697916984558105 , Training Loss =  1.0462390184402466 
-----------------------------------------------
Generated text:  @pglaf.org




THE WOLF AND THE

Epoch  3 / 100, Training Step  5000 / 1000000 , Training Accuracy =  0.6625000238418579 , Training Loss =  1.0680887699127197 
-----------------------------------------------
Generated text:  [LITTLE RED RIDING HOOD]

Once 

Epoch  3 / 100, Training Step  5100 / 1000000 , Training Accuracy =  0.6765625476837158 , Training Loss =  1.0473169088363647 
-----------------------------------------------
Generated text:  ÄòWhat does she wanted to go in

Epoch  3 / 100, Training Step  5200 / 1000000 , Training Accuracy =  0.6781250238418579 , Training Loss =  1.0067992210388184 
-----------------------------------------------
Generated text:  1.  Information about the world

Epoch  3 / 100, Training Step  5300 / 1000000 , Training Accuracy =  0.6635416746139526 , Training Loss =  1.043679118156433 
-----------------------------------------------
Generated text:  % and saw that the son was to b

Epoch  3 / 100, Training Step  5400 / 1000000 , Training Accuracy =  0.675000011920929 , Training Loss =  0.9901168346405029 
-----------------------------------------------
Generated text:  !‚Äô Then the king said, ‚ÄòI w

Epoch  3 / 100, Training Step  5500 / 1000000 , Training Accuracy =  0.6885417103767395 , Training Loss =  0.9957655072212219 
-----------------------------------------------
Generated text:  00) ocheese were some of the ca

Epoch  3 / 100, Training Step  5600 / 1000000 , Training Accuracy =  0.6734375357627869 , Training Loss =  1.0311228036880493 
-----------------------------------------------
Generated text:  o the window, and was a great t

Epoch  3 / 100, Training Step  5700 / 1000000 , Training Accuracy =  0.6807292103767395 , Training Loss =  1.024867296218872 
-----------------------------------------------
Generated text:  òI will give you a pretty girls

Epoch  3 / 100, Training Step  5800 / 1000000 , Training Accuracy =  0.6661458611488342 , Training Loss =  1.048609733581543 
-----------------------------------------------
Generated text:  You shall soon find the fire an

Epoch  3 / 100, Training Step  5900 / 1000000 , Training Accuracy =  0.6869791746139526 , Training Loss =  1.009102463722229 
-----------------------------------------------
Generated text:  UNTURT

A corner light heart do

Epoch  3 / 100, Training Step  6000 / 1000000 , Training Accuracy =  0.6765625476837158 , Training Loss =  1.0172696113586426 
-----------------------------------------------
Generated text:  UNTAINS TO EAT NUTS
        DOC

Epoch  3 / 100, Training Step  6100 / 1000000 , Training Accuracy =  0.6921875476837158 , Training Loss =  0.9618262052536011 
-----------------------------------------------
Generated text:  $1 to $5,000) are partels was c

Epoch  3 / 100, Training Step  6200 / 1000000 , Training Accuracy =  0.6942708492279053 , Training Loss =  0.9730686545372009 
-----------------------------------------------
Generated text:  ô ‚ÄòWhat do you see the beard 

Epoch  3 / 100, Training Step  6300 / 1000000 , Training Accuracy =  0.6776041984558105 , Training Loss =  1.0593085289001465 
-----------------------------------------------
Generated text:  re and said: ‚ÄòIf you are stro

Epoch  3 / 100, Training Step  6400 / 1000000 , Training Accuracy =  0.6760417222976685 , Training Loss =  1.0343176126480103 
-----------------------------------------------
Generated text:  0 desired her to the boat and t

Epoch  3 / 100, Training Step  6500 / 1000000 , Training Accuracy =  0.6635416746139526 , Training Loss =  1.045317530632019 
-----------------------------------------------
Generated text:  òWhat do you want to kill me?‚Ä

Epoch  3 / 100, Training Step  6600 / 1000000 , Training Accuracy =  0.682812511920929 , Training Loss =  1.040191650390625 
-----------------------------------------------
Generated text:  Ô the work was a great way off,

Epoch  3 / 100, Training Step  6700 / 1000000 , Training Accuracy =  0.682812511920929 , Training Loss =  0.9984917044639587 
-----------------------------------------------
Generated text:  You shall soon find the forest 

Epoch  3 / 100, Training Step  6800 / 1000000 , Training Accuracy =  0.6651042103767395 , Training Loss =  1.0429164171218872 
-----------------------------------------------
Generated text:  ked the shoes and said: ‚ÄòThat

Epoch  3 / 100, Training Step  6900 / 1000000 , Training Accuracy =  0.6682292222976685 , Training Loss =  1.0367120504379272 
-----------------------------------------------
Generated text:  VENTHY DOG ANKANT OF RRAGES

Th

Epoch  3 / 100, Training Step  7000 / 1000000 , Training Accuracy =  0.6864583492279053 , Training Loss =  1.015702724456787 
-----------------------------------------------
Generated text:  and the man was as well planed 

Epoch  3 / 100, Training Step  7100 / 1000000 , Training Accuracy =  0.6864583492279053 , Training Loss =  1.042379379272461 
-----------------------------------------------
Generated text:  For Gretel girls were all of pu

Epoch  3 / 100, Training Step  7200 / 1000000 , Training Accuracy =  0.6885417103767395 , Training Loss =  1.025970458984375 
-----------------------------------------------
Generated text:  7 standing by the fire and said

Epoch  3 / 100, Training Step  7300 / 1000000 , Training Accuracy =  0.6786458492279053 , Training Loss =  1.0158056020736694 
-----------------------------------------------
Generated text:  ! what a fine thing to do it, i

Epoch  3 / 100, Training Step  7400 / 1000000 , Training Accuracy =  0.6791666746139526 , Training Loss =  1.045667290687561 
-----------------------------------------------
Generated text:  ut the window and said, ‚ÄòThou

Epoch  3 / 100, Training Step  7500 / 1000000 , Training Accuracy =  0.6640625596046448 , Training Loss =  1.046449899673462 
-----------------------------------------------
Generated text:  x had been the flower, and the 

Epoch  3 / 100, Training Step  7600 / 1000000 , Training Accuracy =  0.6739583611488342 , Training Loss =  0.9927089214324951 
-----------------------------------------------
Generated text:  Zunished a tree where the straw

Epoch  3 / 100, Training Step  7700 / 1000000 , Training Accuracy =  0.6911458969116211 , Training Loss =  1.0191457271575928 
-----------------------------------------------
Generated text:  just as they were sitting on hi

Epoch  3 / 100, Training Step  7800 / 1000000 , Training Accuracy =  0.6692708730697632 , Training Loss =  1.0696884393692017 
-----------------------------------------------
Generated text:  : ‚ÄòI will give thee the stars

Epoch  3 / 100, Training Step  7900 / 1000000 , Training Accuracy =  0.6812500357627869 , Training Loss =  1.0263409614562988 
-----------------------------------------------
Generated text:   the windows and said: ‚ÄòIt is

Epoch  3 / 100, Training Step  8000 / 1000000 , Training Accuracy =  0.6817708611488342 , Training Loss =  1.038851022720337 
-----------------------------------------------
Generated text:  was the fire, but the soldier s

Epoch  3 / 100, Training Step  8100 / 1000000 , Training Accuracy =  0.6875000596046448 , Training Loss =  0.9974905252456665 
-----------------------------------------------
Generated text:  , and said, ‚ÄòI will give you 

Epoch  3 / 100, Training Step  8200 / 1000000 , Training Accuracy =  0.6911458969116211 , Training Loss =  0.9971619844436646 
-----------------------------------------------
Generated text:  Äô The prince took him to the b

Epoch  3 / 100, Training Step  8300 / 1000000 , Training Accuracy =  0.6927083730697632 , Training Loss =  0.9575247168540955 
-----------------------------------------------
Generated text:  /wards was a great way off, and

Epoch  3 / 100, Training Step  8400 / 1000000 , Training Accuracy =  0.6656250357627869 , Training Loss =  1.0567923784255981 
-----------------------------------------------
Generated text:  6-1816, you can get it to be a 

Epoch  3 / 100, Training Step  8500 / 1000000 , Training Accuracy =  0.6848958730697632 , Training Loss =  1.0247676372528076 
-----------------------------------------------
Generated text:  8
                             

Epoch  3 / 100, Training Step  8600 / 1000000 , Training Accuracy =  0.6859375238418579 , Training Loss =  0.992674708366394 
-----------------------------------------------
Generated text:  ÄòWhat do you will be a fine th

Epoch  4 / 100, Training Step  0 / 1000000 , Training Accuracy =  0.6953125596046448 , Training Loss =  0.9754601716995239 
-----------------------------------------------
Generated text:  @pglaf.org/morning, as he was t

Epoch  4 / 100, Training Step  100 / 1000000 , Training Accuracy =  0.6973958611488342 , Training Loss =  0.9571443200111389 
-----------------------------------------------
Generated text:  ø I shall be a good store! I ha

Epoch  4 / 100, Training Step  200 / 1000000 , Training Accuracy =  0.6796875596046448 , Training Loss =  1.0250593423843384 
-----------------------------------------------
Generated text:  Äô said the fisherman, ‚Äòthe w

Epoch  4 / 100, Training Step  300 / 1000000 , Training Accuracy =  0.6843750476837158 , Training Loss =  0.9862288236618042 
-----------------------------------------------
Generated text:  beautiful bird am I!‚Äô

Then h

Epoch  4 / 100, Training Step  400 / 1000000 , Training Accuracy =  0.6765625476837158 , Training Loss =  0.994756281375885 
-----------------------------------------------
Generated text:  ) with his wife was already had

Epoch  4 / 100, Training Step  500 / 1000000 , Training Accuracy =  0.6880208849906921 , Training Loss =  1.0219560861587524 
-----------------------------------------------
Generated text:  Äô said the old woman, ‚ÄòI am 

Epoch  4 / 100, Training Step  600 / 1000000 , Training Accuracy =  0.6713541746139526 , Training Loss =  1.0422600507736206 
-----------------------------------------------
Generated text:  And the king‚Äôs daughter was s

Epoch  4 / 100, Training Step  700 / 1000000 , Training Accuracy =  0.6864583492279053 , Training Loss =  0.9863625764846802 
-----------------------------------------------
Generated text:  E BROTHERS
GRIMMMF‚Äô AND PARTL

Epoch  4 / 100, Training Step  800 / 1000000 , Training Accuracy =  0.6802083849906921 , Training Loss =  0.9907460808753967 
-----------------------------------------------
Generated text:  ked at her and said, ‚ÄòI will 

Epoch  4 / 100, Training Step  900 / 1000000 , Training Accuracy =  0.6880208849906921 , Training Loss =  0.9763404130935669 
-----------------------------------------------
Generated text:  g the stars. I shall be a fine 

Epoch  4 / 100, Training Step  1000 / 1000000 , Training Accuracy =  0.6885417103767395 , Training Loss =  1.0037294626235962 
-----------------------------------------------
Generated text:  UNTERSE
PRAVEAT BROSES     THE 

Epoch  4 / 100, Training Step  1100 / 1000000 , Training Accuracy =  0.6843750476837158 , Training Loss =  1.0238375663757324 
-----------------------------------------------
Generated text:  s the second cat who had been s

Epoch  4 / 100, Training Step  1200 / 1000000 , Training Accuracy =  0.6723958849906921 , Training Loss =  1.0238999128341675 
-----------------------------------------------
Generated text:  òI will give you a ring on the 

Epoch  4 / 100, Training Step  1300 / 1000000 , Training Accuracy =  0.6729167103767395 , Training Loss =  1.0292516946792603 
-----------------------------------------------
Generated text:  Catherine was travelling on a c

Epoch  4 / 100, Training Step  1400 / 1000000 , Training Accuracy =  0.6963542103767395 , Training Loss =  0.976405143737793 
-----------------------------------------------
Generated text:  8
     THE FOX AND THE CAT
    

Epoch  4 / 100, Training Step  1500 / 1000000 , Training Accuracy =  0.6921875476837158 , Training Loss =  1.0113577842712402 
-----------------------------------------------
Generated text:  . The bean said to him: ‚ÄòWife

Epoch  4 / 100, Training Step  1600 / 1000000 , Training Accuracy =  0.6875000596046448 , Training Loss =  1.003488540649414 
-----------------------------------------------
Generated text:  /got upon the shoemaker‚Äôs sho

Epoch  4 / 100, Training Step  1700 / 1000000 , Training Accuracy =  0.6781250238418579 , Training Loss =  1.0232617855072021 
-----------------------------------------------
Generated text:  #time the second came into the 

Epoch  4 / 100, Training Step  1800 / 1000000 , Training Accuracy =  0.6979166865348816 , Training Loss =  0.9605093002319336 
-----------------------------------------------
Generated text:  g the solicitation return or th

Epoch  4 / 100, Training Step  1900 / 1000000 , Training Accuracy =  0.6885417103767395 , Training Loss =  0.9841426014900208 
-----------------------------------------------
Generated text:  x had to be a son or other work

Epoch  4 / 100, Training Step  2000 / 1000000 , Training Accuracy =  0.6718750596046448 , Training Loss =  1.0349488258361816 
-----------------------------------------------
Generated text:   the wolf was pleased with her 

Epoch  4 / 100, Training Step  2100 / 1000000 , Training Accuracy =  0.6729167103767395 , Training Loss =  1.0297789573669434 
-----------------------------------------------
Generated text:  % and went to the table togethe

Epoch  4 / 100, Training Step  2200 / 1000000 , Training Accuracy =  0.6880208849906921 , Training Loss =  0.9632335901260376 
-----------------------------------------------
Generated text:  quired and said: ‚ÄòWhat did yo

Epoch  4 / 100, Training Step  2300 / 1000000 , Training Accuracy =  0.6895833611488342 , Training Loss =  1.0227092504501343 
-----------------------------------------------
Generated text:  I will not be able to see you a

Epoch  4 / 100, Training Step  2400 / 1000000 , Training Accuracy =  0.6932291984558105 , Training Loss =  0.9581043720245361 
-----------------------------------------------
Generated text:  ª, and when they were all ready

Epoch  4 / 100, Training Step  2500 / 1000000 , Training Accuracy =  0.6953125596046448 , Training Loss =  0.9994043111801147 
-----------------------------------------------
Generated text:  ** This red her again as he cou

Epoch  4 / 100, Training Step  2600 / 1000000 , Training Accuracy =  0.6484375596046448 , Training Loss =  1.0579237937927246 
-----------------------------------------------
Generated text:  VENTURES OF CHANTICLEER AND PAR

Epoch  4 / 100, Training Step  2700 / 1000000 , Training Accuracy =  0.6833333969116211 , Training Loss =  1.0108445882797241 
-----------------------------------------------
Generated text:  ô said the fisherman, ‚Äòand I 

Epoch  4 / 100, Training Step  2800 / 1000000 , Training Accuracy =  0.6765625476837158 , Training Loss =  1.026287317276001 
-----------------------------------------------
Generated text:  úProject Gutenberg-tm electroni

Epoch  4 / 100, Training Step  2900 / 1000000 , Training Accuracy =  0.6812500357627869 , Training Loss =  1.000791072845459 
-----------------------------------------------
Generated text:   the stones of the forest, and 

Epoch  4 / 100, Training Step  3000 / 1000000 , Training Accuracy =  0.6822916865348816 , Training Loss =  0.9741994142532349 
-----------------------------------------------
Generated text:  Ô the same time the soldier to 

Epoch  4 / 100, Training Step  3100 / 1000000 , Training Accuracy =  0.6786458492279053 , Training Loss =  0.9789872765541077 
-----------------------------------------------
Generated text:  ù did not stay the wood for the

Epoch  4 / 100, Training Step  3200 / 1000000 , Training Accuracy =  0.6916667222976685 , Training Loss =  0.9883014559745789 
-----------------------------------------------
Generated text:  Cap, and said: ‚ÄòI will give y

Epoch  4 / 100, Training Step  3300 / 1000000 , Training Accuracy =  0.6812500357627869 , Training Loss =  0.9969872236251831 
-----------------------------------------------
Generated text:  ª, and said, ‚ÄòI will give you

Epoch  4 / 100, Training Step  3400 / 1000000 , Training Accuracy =  0.6843750476837158 , Training Loss =  0.97590172290802 
-----------------------------------------------
Generated text:  pened to his wife in the mornin

Epoch  4 / 100, Training Step  3500 / 1000000 , Training Accuracy =  0.6781250238418579 , Training Loss =  0.9925112128257751 
-----------------------------------------------
Generated text:  ù and the star-gazer said, ‚ÄòI

srun: Job step aborted: Waiting up to 32 seconds for job step to finish.
slurmstepd: error: *** JOB 2215397 ON r30n7 CANCELLED AT 2019-04-28T14:03:55 ***
slurmstepd: error: *** STEP 2215397.0 ON r30n7 CANCELLED AT 2019-04-28T14:03:55 ***
