/var/spool/slurm-llnl/slurmd/job2334987/slurm_script: line 20: cd: /home/lgpu0417/deep-learning/assignment_3/code/: Permission denied
 ------ Job mlp_pytorch is started ------- 
 
Traceback (most recent call last):
  File "a3_gan_template.py", line 366, in <module>
    main()
  File "a3_gan_template.py", line 329, in main
    g_loss, d_loss = train(dataloader, discriminator, generator, optimizer_G, optimizer_D)
  File "a3_gan_template.py", line 226, in train
    real_score = discriminator(real_imgs)
  File "/home/lgpu0293/.conda/envs/dl/lib/python3.7/site-packages/torch/nn/modules/module.py", line 489, in __call__
    result = self.forward(*input, **kwargs)
  File "a3_gan_template.py", line 163, in forward
    score = self.discriminator(img)
  File "/home/lgpu0293/.conda/envs/dl/lib/python3.7/site-packages/torch/nn/modules/module.py", line 489, in __call__
    result = self.forward(*input, **kwargs)
  File "/home/lgpu0293/.conda/envs/dl/lib/python3.7/site-packages/torch/nn/modules/container.py", line 92, in forward
    input = module(input)
  File "/home/lgpu0293/.conda/envs/dl/lib/python3.7/site-packages/torch/nn/modules/module.py", line 489, in __call__
    result = self.forward(*input, **kwargs)
  File "/home/lgpu0293/.conda/envs/dl/lib/python3.7/site-packages/torch/nn/modules/linear.py", line 67, in forward
    return F.linear(input, self.weight, self.bias)
  File "/home/lgpu0293/.conda/envs/dl/lib/python3.7/site-packages/torch/nn/functional.py", line 1352, in linear
    ret = torch.addmm(torch.jit._unwrap_optional(bias), input, weight.t())
RuntimeError: Expected object of backend CUDA but got backend CPU for argument #4 'mat1'
srun: error: r31n4: task 0: Exited with exit code 1
 
 ------ Job mlp_pytorch is finished -------
