/var/spool/slurm-llnl/slurmd/job2170406/slurm_script: line 19: cd: /home/lgpu0417/deep-learning/assignment_1/code/: Permission denied
 ------ Job mlp_pytorch is started ------- 
 
dnn_hidden_units : 100
learning_rate : 0.002
max_steps : 1500
batch_size : 200
eval_freq : 100
data_dir : ./cifar10/cifar-10-batches-py
optimizer : sgd
optimize : False

Step  0 
------------
Training Loss =  24.3021 , Train Accuracy =  0.12999999523162842 
Test Loss =  93.3539 , Test Accuracy =  0.12320000007748604

Step  100 
------------
Training Loss =  2.4995 , Train Accuracy =  0.33500000834465027 
Test Loss =  2.0748 , Test Accuracy =  0.3428000003099442

Step  200 
------------
Training Loss =  2.0379 , Train Accuracy =  0.3499999940395355 
Test Loss =  2.0214 , Test Accuracy =  0.3350000017881393

Step  300 
------------
Training Loss =  1.5903 , Train Accuracy =  0.46000000834465027 
Test Loss =  1.772 , Test Accuracy =  0.3762999999523163

Step  400 
------------
Training Loss =  1.7966 , Train Accuracy =  0.41999998688697815 
Test Loss =  1.6964 , Test Accuracy =  0.3956000000238419

Step  500 
------------
Training Loss =  1.8569 , Train Accuracy =  0.3799999952316284 
Test Loss =  1.8151 , Test Accuracy =  0.3695000004768372

Step  600 
------------
Training Loss =  1.7592 , Train Accuracy =  0.41999998688697815 
Test Loss =  1.6961 , Test Accuracy =  0.4081000006198883

Step  700 
------------
Training Loss =  1.7931 , Train Accuracy =  0.4000000059604645 
Test Loss =  1.8055 , Test Accuracy =  0.38249999940395357

Step  800 
------------
Training Loss =  1.5737 , Train Accuracy =  0.4300000071525574 
Test Loss =  1.5865 , Test Accuracy =  0.43710000038146973

Step  900 
------------
Training Loss =  1.6128 , Train Accuracy =  0.4699999988079071 
Test Loss =  1.7351 , Test Accuracy =  0.4128999996185303

Step  1000 
------------
Training Loss =  1.3886 , Train Accuracy =  0.5199999809265137 
Test Loss =  1.6626 , Test Accuracy =  0.42379999935626983

Step  1100 
------------
Training Loss =  1.5304 , Train Accuracy =  0.4749999940395355 
Test Loss =  1.8343 , Test Accuracy =  0.398299999833107

Step  1200 
------------
Training Loss =  1.5141 , Train Accuracy =  0.47999998927116394 
Test Loss =  1.7013 , Test Accuracy =  0.4105000001192093

Step  1300 
------------
Training Loss =  1.6903 , Train Accuracy =  0.375 
Test Loss =  1.714 , Test Accuracy =  0.4178000009059906

Step  1400 
------------
Training Loss =  1.4299 , Train Accuracy =  0.5199999809265137 
Test Loss =  1.6518 , Test Accuracy =  0.43680000126361845

Current Setup hyperparameters (setup  0  of  384 ):
----------------------
dnn_hidden_units =  600 
Batch size =  32 
Training rate =  1e-08 
Optimizer =  adam

Training Loss =  22.682 , Train Accuracy =  0.0938 
Test Loss =  21.0742 , Test Accuracy =  0.1083

Current Setup hyperparameters (setup  1  of  384 ):
----------------------
dnn_hidden_units =  600 
Batch size =  32 
Training rate =  1e-08 
Optimizer =  sgd

Training Loss =  23.5247 , Train Accuracy =  0.0312 
Test Loss =  20.9457 , Test Accuracy =  0.0998

Current Setup hyperparameters (setup  2  of  384 ):
----------------------
dnn_hidden_units =  600 
Batch size =  32 
Training rate =  3.34e-06 
Optimizer =  adam

Training Loss =  7.3399 , Train Accuracy =  0.25 
Test Loss =  6.0201 , Test Accuracy =  0.3101

Current Setup hyperparameters (setup  3  of  384 ):
----------------------
dnn_hidden_units =  600 
Batch size =  32 
Training rate =  3.34e-06 
Optimizer =  sgd

Training Loss =  9.6067 , Train Accuracy =  0.1875 
Test Loss =  7.9982 , Test Accuracy =  0.2484

Current Setup hyperparameters (setup  4  of  384 ):
----------------------
dnn_hidden_units =  600 
Batch size =  32 
Training rate =  6.6700000000000005e-06 
Optimizer =  adam

Training Loss =  5.6058 , Train Accuracy =  0.1875 
Test Loss =  5.2829 , Test Accuracy =  0.3356

Current Setup hyperparameters (setup  5  of  384 ):
----------------------
dnn_hidden_units =  600 
Batch size =  32 
Training rate =  6.6700000000000005e-06 
Optimizer =  sgd

Training Loss =  6.4536 , Train Accuracy =  0.25 
Test Loss =  6.7292 , Test Accuracy =  0.2773

Current Setup hyperparameters (setup  6  of  384 ):
----------------------
dnn_hidden_units =  600 
Batch size =  32 
Training rate =  1e-05 
Optimizer =  adam

Training Loss =  5.6504 , Train Accuracy =  0.3438 
Test Loss =  5.0772 , Test Accuracy =  0.3507

Current Setup hyperparameters (setup  7  of  384 ):
----------------------
dnn_hidden_units =  600 
Batch size =  32 
Training rate =  1e-05 
Optimizer =  sgd

Training Loss =  4.9656 , Train Accuracy =  0.4062 
Test Loss =  6.2373 , Test Accuracy =  0.2969

Current Setup hyperparameters (setup  8  of  384 ):
----------------------
dnn_hidden_units =  600 
Batch size =  64 
Training rate =  1e-08 
Optimizer =  adam

Training Loss =  21.6942 , Train Accuracy =  0.125 
Test Loss =  19.8734 , Test Accuracy =  0.1023

Current Setup hyperparameters (setup  9  of  384 ):
----------------------
dnn_hidden_units =  600 
Batch size =  64 
Training rate =  1e-08 
Optimizer =  sgd

Training Loss =  26.3382 , Train Accuracy =  0.0781 
Test Loss =  24.4339 , Test Accuracy =  0.0735

Current Setup hyperparameters (setup  10  of  384 ):
----------------------
dnn_hidden_units =  600 
Batch size =  64 
Training rate =  3.34e-06 
Optimizer =  adam

Training Loss =  5.5625 , Train Accuracy =  0.3438 
Test Loss =  5.5614 , Test Accuracy =  0.3159

Current Setup hyperparameters (setup  11  of  384 ):
----------------------
dnn_hidden_units =  600 
Batch size =  64 
Training rate =  3.34e-06 
Optimizer =  sgd

Training Loss =  8.0283 , Train Accuracy =  0.2812 
Test Loss =  7.6594 , Test Accuracy =  0.2543

Current Setup hyperparameters (setup  12  of  384 ):
----------------------
dnn_hidden_units =  600 
Batch size =  64 
Training rate =  6.6700000000000005e-06 
Optimizer =  adam

Training Loss =  4.6364 , Train Accuracy =  0.3281 
Test Loss =  4.8643 , Test Accuracy =  0.3534

Current Setup hyperparameters (setup  13  of  384 ):
----------------------
dnn_hidden_units =  600 
Batch size =  64 
Training rate =  6.6700000000000005e-06 
Optimizer =  sgd

Training Loss =  6.2521 , Train Accuracy =  0.3281 
Test Loss =  6.8254 , Test Accuracy =  0.2736

Current Setup hyperparameters (setup  14  of  384 ):
----------------------
dnn_hidden_units =  600 
Batch size =  64 
Training rate =  1e-05 
Optimizer =  adam

Training Loss =  3.3046 , Train Accuracy =  0.5312 
Test Loss =  4.5906 , Test Accuracy =  0.3563

Current Setup hyperparameters (setup  15  of  384 ):
----------------------
dnn_hidden_units =  600 
Batch size =  64 
Training rate =  1e-05 
Optimizer =  sgd

Training Loss =  7.3036 , Train Accuracy =  0.3125 
Test Loss =  6.0282 , Test Accuracy =  0.2945

Current Setup hyperparameters (setup  16  of  384 ):
----------------------
dnn_hidden_units =  600 
Batch size =  96 
Training rate =  1e-08 
Optimizer =  adam

Training Loss =  18.2652 , Train Accuracy =  0.0938 
Test Loss =  17.1263 , Test Accuracy =  0.1152

Current Setup hyperparameters (setup  17  of  384 ):
----------------------
dnn_hidden_units =  600 
Batch size =  96 
Training rate =  1e-08 
Optimizer =  sgd

Training Loss =  22.4872 , Train Accuracy =  0.0833 
Test Loss =  22.6448 , Test Accuracy =  0.1062

Current Setup hyperparameters (setup  18  of  384 ):
----------------------
dnn_hidden_units =  600 
Batch size =  96 
Training rate =  3.34e-06 
Optimizer =  adam

Training Loss =  5.9681 , Train Accuracy =  0.2917 
Test Loss =  5.3696 , Test Accuracy =  0.3358

Current Setup hyperparameters (setup  19  of  384 ):
----------------------
dnn_hidden_units =  600 
Batch size =  96 
Training rate =  3.34e-06 
Optimizer =  sgd

Training Loss =  8.8247 , Train Accuracy =  0.1875 
Test Loss =  7.8058 , Test Accuracy =  0.2519

Current Setup hyperparameters (setup  20  of  384 ):
----------------------
dnn_hidden_units =  600 
Batch size =  96 
Training rate =  6.6700000000000005e-06 
Optimizer =  adam

Training Loss =  5.6713 , Train Accuracy =  0.2292 
Test Loss =  4.6836 , Test Accuracy =  0.3542

Current Setup hyperparameters (setup  21  of  384 ):
----------------------
dnn_hidden_units =  600 
Batch size =  96 
Training rate =  6.6700000000000005e-06 
Optimizer =  sgd

Training Loss =  6.7976 , Train Accuracy =  0.2917 
Test Loss =  6.6197 , Test Accuracy =  0.2802

Current Setup hyperparameters (setup  22  of  384 ):
----------------------
dnn_hidden_units =  600 
Batch size =  96 
Training rate =  1e-05 
Optimizer =  adam

Training Loss =  5.0905 , Train Accuracy =  0.2812 
Test Loss =  4.2519 , Test Accuracy =  0.3769

Current Setup hyperparameters (setup  23  of  384 ):
----------------------
dnn_hidden_units =  600 
Batch size =  96 
Training rate =  1e-05 
Optimizer =  sgd

Training Loss =  7.2131 , Train Accuracy =  0.2604 
Test Loss =  6.1448 , Test Accuracy =  0.2963

Current Setup hyperparameters (setup  24  of  384 ):
----------------------
dnn_hidden_units =  600 
Batch size =  128 
Training rate =  1e-08 
Optimizer =  adam

Training Loss =  21.9003 , Train Accuracy =  0.0938 
Test Loss =  20.4413 , Test Accuracy =  0.1061

Current Setup hyperparameters (setup  25  of  384 ):
----------------------
dnn_hidden_units =  600 
Batch size =  128 
Training rate =  1e-08 
Optimizer =  sgd

Training Loss =  23.827 , Train Accuracy =  0.0781 
Test Loss =  23.5591 , Test Accuracy =  0.0995

Current Setup hyperparameters (setup  26  of  384 ):
----------------------
dnn_hidden_units =  600 
Batch size =  128 
Training rate =  3.34e-06 
Optimizer =  adam

Training Loss =  4.0906 , Train Accuracy =  0.4453 
Test Loss =  5.1034 , Test Accuracy =  0.3321

Current Setup hyperparameters (setup  27  of  384 ):
----------------------
dnn_hidden_units =  600 
Batch size =  128 
Training rate =  3.34e-06 
Optimizer =  sgd

Training Loss =  7.846 , Train Accuracy =  0.2188 
Test Loss =  7.7375 , Test Accuracy =  0.2426

Current Setup hyperparameters (setup  28  of  384 ):
----------------------
dnn_hidden_units =  600 
Batch size =  128 
Training rate =  6.6700000000000005e-06 
Optimizer =  adam

Training Loss =  4.132 , Train Accuracy =  0.3594 
Test Loss =  4.3816 , Test Accuracy =  0.3649

Current Setup hyperparameters (setup  29  of  384 ):
----------------------
dnn_hidden_units =  600 
Batch size =  128 
Training rate =  6.6700000000000005e-06 
Optimizer =  sgd

Training Loss =  6.4136 , Train Accuracy =  0.2812 
Test Loss =  6.5376 , Test Accuracy =  0.2761

Current Setup hyperparameters (setup  30  of  384 ):
----------------------
dnn_hidden_units =  600 
Batch size =  128 
Training rate =  1e-05 
Optimizer =  adam

Training Loss =  3.6451 , Train Accuracy =  0.4531 
Test Loss =  4.1431 , Test Accuracy =  0.3788

Current Setup hyperparameters (setup  31  of  384 ):
----------------------
dnn_hidden_units =  600 
Batch size =  128 
Training rate =  1e-05 
Optimizer =  sgd

Training Loss =  5.1923 , Train Accuracy =  0.4141 
Test Loss =  5.9355 , Test Accuracy =  0.2993

Current Setup hyperparameters (setup  32  of  384 ):
----------------------
dnn_hidden_units =  900,100 
Batch size =  32 
Training rate =  1e-08 
Optimizer =  adam

Training Loss =  8.5485 , Train Accuracy =  0.0 
Test Loss =  9.2119 , Test Accuracy =  0.0858

Current Setup hyperparameters (setup  33  of  384 ):
----------------------
dnn_hidden_units =  900,100 
Batch size =  32 
Training rate =  1e-08 
Optimizer =  sgd

Training Loss =  9.7936 , Train Accuracy =  0.125 
Test Loss =  10.3292 , Test Accuracy =  0.1161

Current Setup hyperparameters (setup  34  of  384 ):
----------------------
dnn_hidden_units =  900,100 
Batch size =  32 
Training rate =  3.34e-06 
Optimizer =  adam

Training Loss =  2.1265 , Train Accuracy =  0.2188 
Test Loss =  2.386 , Test Accuracy =  0.3292

Current Setup hyperparameters (setup  35  of  384 ):
----------------------
dnn_hidden_units =  900,100 
Batch size =  32 
Training rate =  3.34e-06 
Optimizer =  sgd

Training Loss =  4.5013 , Train Accuracy =  0.1562 
Test Loss =  3.9434 , Test Accuracy =  0.2015

Current Setup hyperparameters (setup  36  of  384 ):
----------------------
dnn_hidden_units =  900,100 
Batch size =  32 
Training rate =  6.6700000000000005e-06 
Optimizer =  adam

Training Loss =  1.9983 , Train Accuracy =  0.4062 
Test Loss =  2.0324 , Test Accuracy =  0.3582

Current Setup hyperparameters (setup  37  of  384 ):
----------------------
dnn_hidden_units =  900,100 
Batch size =  32 
Training rate =  6.6700000000000005e-06 
Optimizer =  sgd

Training Loss =  2.4403 , Train Accuracy =  0.3438 
Test Loss =  3.3702 , Test Accuracy =  0.2343

Current Setup hyperparameters (setup  38  of  384 ):
----------------------
dnn_hidden_units =  900,100 
Batch size =  32 
Training rate =  1e-05 
Optimizer =  adam

Training Loss =  2.0538 , Train Accuracy =  0.2812 
Test Loss =  1.9028 , Test Accuracy =  0.3693

Current Setup hyperparameters (setup  39  of  384 ):
----------------------
dnn_hidden_units =  900,100 
Batch size =  32 
Training rate =  1e-05 
Optimizer =  sgd

Training Loss =  3.2046 , Train Accuracy =  0.3125 
Test Loss =  3.043 , Test Accuracy =  0.2465

Current Setup hyperparameters (setup  40  of  384 ):
----------------------
dnn_hidden_units =  900,100 
Batch size =  64 
Training rate =  1e-08 
Optimizer =  adam

Training Loss =  7.5567 , Train Accuracy =  0.1562 
Test Loss =  8.3145 , Test Accuracy =  0.1148

Current Setup hyperparameters (setup  41  of  384 ):
----------------------
dnn_hidden_units =  900,100 
Batch size =  64 
Training rate =  1e-08 
Optimizer =  sgd

Training Loss =  11.9155 , Train Accuracy =  0.1719 
Test Loss =  10.7875 , Test Accuracy =  0.0961

Current Setup hyperparameters (setup  42  of  384 ):
----------------------
dnn_hidden_units =  900,100 
Batch size =  64 
Training rate =  3.34e-06 
Optimizer =  adam

Training Loss =  1.9061 , Train Accuracy =  0.4219 
Test Loss =  2.234 , Test Accuracy =  0.3391

Current Setup hyperparameters (setup  43  of  384 ):
----------------------
dnn_hidden_units =  900,100 
Batch size =  64 
Training rate =  3.34e-06 
Optimizer =  sgd

Training Loss =  3.2377 , Train Accuracy =  0.2812 
Test Loss =  3.6944 , Test Accuracy =  0.2164

Current Setup hyperparameters (setup  44  of  384 ):
----------------------
dnn_hidden_units =  900,100 
Batch size =  64 
Training rate =  6.6700000000000005e-06 
Optimizer =  adam

Training Loss =  1.5349 , Train Accuracy =  0.4531 
Test Loss =  1.9494 , Test Accuracy =  0.3783

Current Setup hyperparameters (setup  45  of  384 ):
----------------------
dnn_hidden_units =  900,100 
Batch size =  64 
Training rate =  6.6700000000000005e-06 
Optimizer =  sgd

Training Loss =  2.6861 , Train Accuracy =  0.2812 
Test Loss =  3.2137 , Test Accuracy =  0.2477

Current Setup hyperparameters (setup  46  of  384 ):
----------------------
dnn_hidden_units =  900,100 
Batch size =  64 
Training rate =  1e-05 
Optimizer =  adam

Training Loss =  1.4847 , Train Accuracy =  0.5 
Test Loss =  1.837 , Test Accuracy =  0.3976

Current Setup hyperparameters (setup  47  of  384 ):
----------------------
dnn_hidden_units =  900,100 
Batch size =  64 
Training rate =  1e-05 
Optimizer =  sgd

Training Loss =  3.3294 , Train Accuracy =  0.25 
Test Loss =  2.9647 , Test Accuracy =  0.2522

Current Setup hyperparameters (setup  48  of  384 ):
----------------------
dnn_hidden_units =  900,100 
Batch size =  96 
Training rate =  1e-08 
Optimizer =  adam

Training Loss =  7.5819 , Train Accuracy =  0.1458 
Test Loss =  8.1358 , Test Accuracy =  0.1037

Current Setup hyperparameters (setup  49  of  384 ):
----------------------
dnn_hidden_units =  900,100 
Batch size =  96 
Training rate =  1e-08 
Optimizer =  sgd

Training Loss =  8.7958 , Train Accuracy =  0.0833 
Test Loss =  9.2323 , Test Accuracy =  0.0872

Current Setup hyperparameters (setup  50  of  384 ):
----------------------
dnn_hidden_units =  900,100 
Batch size =  96 
Training rate =  3.34e-06 
Optimizer =  adam

Training Loss =  2.2964 , Train Accuracy =  0.3125 
Test Loss =  2.1929 , Test Accuracy =  0.3476

Current Setup hyperparameters (setup  51  of  384 ):
----------------------
dnn_hidden_units =  900,100 
Batch size =  96 
Training rate =  3.34e-06 
Optimizer =  sgd

Training Loss =  4.0813 , Train Accuracy =  0.2083 
Test Loss =  3.8091 , Test Accuracy =  0.2084

Current Setup hyperparameters (setup  52  of  384 ):
----------------------
dnn_hidden_units =  900,100 
Batch size =  96 
Training rate =  6.6700000000000005e-06 
Optimizer =  adam

Training Loss =  1.9886 , Train Accuracy =  0.3958 
Test Loss =  1.9502 , Test Accuracy =  0.3893

Current Setup hyperparameters (setup  53  of  384 ):
----------------------
dnn_hidden_units =  900,100 
Batch size =  96 
Training rate =  6.6700000000000005e-06 
Optimizer =  sgd

Training Loss =  3.5456 , Train Accuracy =  0.2292 
Test Loss =  3.4153 , Test Accuracy =  0.2271

Current Setup hyperparameters (setup  54  of  384 ):
----------------------
dnn_hidden_units =  900,100 
Batch size =  96 
Training rate =  1e-05 
Optimizer =  adam

Training Loss =  1.8784 , Train Accuracy =  0.3229 
Test Loss =  1.771 , Test Accuracy =  0.4043

Current Setup hyperparameters (setup  55  of  384 ):
----------------------
dnn_hidden_units =  900,100 
Batch size =  96 
Training rate =  1e-05 
Optimizer =  sgd

Training Loss =  3.1217 , Train Accuracy =  0.2396 
Test Loss =  3.1342 , Test Accuracy =  0.2548

Current Setup hyperparameters (setup  56  of  384 ):
----------------------
dnn_hidden_units =  900,100 
Batch size =  128 
Training rate =  1e-08 
Optimizer =  adam

Training Loss =  9.9295 , Train Accuracy =  0.0781 
Test Loss =  9.0172 , Test Accuracy =  0.1007

Current Setup hyperparameters (setup  57  of  384 ):
----------------------
dnn_hidden_units =  900,100 
Batch size =  128 
Training rate =  1e-08 
Optimizer =  sgd

Training Loss =  9.0748 , Train Accuracy =  0.0938 
Test Loss =  9.1824 , Test Accuracy =  0.1057

Current Setup hyperparameters (setup  58  of  384 ):
----------------------
dnn_hidden_units =  900,100 
Batch size =  128 
Training rate =  3.34e-06 
Optimizer =  adam

Training Loss =  1.934 , Train Accuracy =  0.4141 
Test Loss =  2.0498 , Test Accuracy =  0.3617

Current Setup hyperparameters (setup  59  of  384 ):
----------------------
dnn_hidden_units =  900,100 
Batch size =  128 
Training rate =  3.34e-06 
Optimizer =  sgd

Training Loss =  4.1674 , Train Accuracy =  0.2031 
Test Loss =  3.7711 , Test Accuracy =  0.2057

Current Setup hyperparameters (setup  60  of  384 ):
----------------------
dnn_hidden_units =  900,100 
Batch size =  128 
Training rate =  6.6700000000000005e-06 
Optimizer =  adam

Training Loss =  1.6291 , Train Accuracy =  0.5 
Test Loss =  1.8923 , Test Accuracy =  0.388

Current Setup hyperparameters (setup  61  of  384 ):
----------------------
dnn_hidden_units =  900,100 
Batch size =  128 
Training rate =  6.6700000000000005e-06 
Optimizer =  sgd

Training Loss =  3.227 , Train Accuracy =  0.3281 
Test Loss =  3.2491 , Test Accuracy =  0.2237

Current Setup hyperparameters (setup  62  of  384 ):
----------------------
dnn_hidden_units =  900,100 
Batch size =  128 
Training rate =  1e-05 
Optimizer =  adam

Training Loss =  1.5316 , Train Accuracy =  0.4766 
Test Loss =  1.8353 , Test Accuracy =  0.4013

Current Setup hyperparameters (setup  63  of  384 ):
----------------------
dnn_hidden_units =  900,100 
Batch size =  128 
Training rate =  1e-05 
Optimizer =  sgd

Training Loss =  3.139 , Train Accuracy =  0.25 
Test Loss =  3.0148 , Test Accuracy =  0.2624

Current Setup hyperparameters (setup  64  of  384 ):
----------------------
dnn_hidden_units =  500,400,800 
Batch size =  32 
Training rate =  1e-08 
Optimizer =  adam

Training Loss =  4.0409 , Train Accuracy =  0.125 
Test Loss =  3.9235 , Test Accuracy =  0.1006

Current Setup hyperparameters (setup  65  of  384 ):
----------------------
dnn_hidden_units =  500,400,800 
Batch size =  32 
Training rate =  1e-08 
Optimizer =  sgd

Training Loss =  4.2957 , Train Accuracy =  0.0312 
Test Loss =  4.0939 , Test Accuracy =  0.1076

Current Setup hyperparameters (setup  66  of  384 ):
----------------------
dnn_hidden_units =  500,400,800 
Batch size =  32 
Training rate =  3.34e-06 
Optimizer =  adam

Training Loss =  1.9474 , Train Accuracy =  0.2812 
Test Loss =  1.8549 , Test Accuracy =  0.3609

Current Setup hyperparameters (setup  67  of  384 ):
----------------------
dnn_hidden_units =  500,400,800 
Batch size =  32 
Training rate =  3.34e-06 
Optimizer =  sgd

Training Loss =  2.3499 , Train Accuracy =  0.25 
Test Loss =  2.6095 , Test Accuracy =  0.1724

Current Setup hyperparameters (setup  68  of  384 ):
----------------------
dnn_hidden_units =  500,400,800 
Batch size =  32 
Training rate =  6.6700000000000005e-06 
Optimizer =  adam

Training Loss =  1.9144 , Train Accuracy =  0.3438 
Test Loss =  1.7374 , Test Accuracy =  0.399

Current Setup hyperparameters (setup  69  of  384 ):
----------------------
dnn_hidden_units =  500,400,800 
Batch size =  32 
Training rate =  6.6700000000000005e-06 
Optimizer =  sgd

Training Loss =  2.5226 , Train Accuracy =  0.1875 
Test Loss =  2.4207 , Test Accuracy =  0.21

Current Setup hyperparameters (setup  70  of  384 ):
----------------------
dnn_hidden_units =  500,400,800 
Batch size =  32 
Training rate =  1e-05 
Optimizer =  adam

Training Loss =  1.7001 , Train Accuracy =  0.5 
Test Loss =  1.6856 , Test Accuracy =  0.4098

Current Setup hyperparameters (setup  71  of  384 ):
----------------------
dnn_hidden_units =  500,400,800 
Batch size =  32 
Training rate =  1e-05 
Optimizer =  sgd

Training Loss =  2.1887 , Train Accuracy =  0.2812 
Test Loss =  2.2801 , Test Accuracy =  0.237

Current Setup hyperparameters (setup  72  of  384 ):
----------------------
dnn_hidden_units =  500,400,800 
Batch size =  64 
Training rate =  1e-08 
Optimizer =  adam

Training Loss =  3.8331 , Train Accuracy =  0.1406 
Test Loss =  3.9923 , Test Accuracy =  0.1118

Current Setup hyperparameters (setup  73  of  384 ):
----------------------
dnn_hidden_units =  500,400,800 
Batch size =  64 
Training rate =  1e-08 
Optimizer =  sgd

Training Loss =  4.8296 , Train Accuracy =  0.1094 
Test Loss =  4.9499 , Test Accuracy =  0.0988

Current Setup hyperparameters (setup  74  of  384 ):
----------------------
dnn_hidden_units =  500,400,800 
Batch size =  64 
Training rate =  3.34e-06 
Optimizer =  adam

Training Loss =  1.6645 , Train Accuracy =  0.3906 
Test Loss =  1.7982 , Test Accuracy =  0.379

Current Setup hyperparameters (setup  75  of  384 ):
----------------------
dnn_hidden_units =  500,400,800 
Batch size =  64 
Training rate =  3.34e-06 
Optimizer =  sgd

Training Loss =  2.5966 , Train Accuracy =  0.25 
Test Loss =  2.6005 , Test Accuracy =  0.1729

Current Setup hyperparameters (setup  76  of  384 ):
----------------------
dnn_hidden_units =  500,400,800 
Batch size =  64 
Training rate =  6.6700000000000005e-06 
Optimizer =  adam

Training Loss =  1.4619 , Train Accuracy =  0.4688 
Test Loss =  1.6838 , Test Accuracy =  0.4142

Current Setup hyperparameters (setup  77  of  384 ):
----------------------
dnn_hidden_units =  500,400,800 
Batch size =  64 
Training rate =  6.6700000000000005e-06 
Optimizer =  sgd

Training Loss =  2.4776 , Train Accuracy =  0.25 
Test Loss =  2.4408 , Test Accuracy =  0.2093

Current Setup hyperparameters (setup  78  of  384 ):
----------------------
dnn_hidden_units =  500,400,800 
Batch size =  64 
Training rate =  1e-05 
Optimizer =  adam

Training Loss =  1.3645 , Train Accuracy =  0.4844 
Test Loss =  1.6177 , Test Accuracy =  0.4353

Current Setup hyperparameters (setup  79  of  384 ):
----------------------
dnn_hidden_units =  500,400,800 
Batch size =  64 
Training rate =  1e-05 
Optimizer =  sgd

Training Loss =  2.4606 , Train Accuracy =  0.2656 
Test Loss =  2.3439 , Test Accuracy =  0.221

Current Setup hyperparameters (setup  80  of  384 ):
----------------------
dnn_hidden_units =  500,400,800 
Batch size =  96 
Training rate =  1e-08 
Optimizer =  adam

Training Loss =  3.5987 , Train Accuracy =  0.0938 
Test Loss =  3.4306 , Test Accuracy =  0.1019

Current Setup hyperparameters (setup  81  of  384 ):
----------------------
dnn_hidden_units =  500,400,800 
Batch size =  96 
Training rate =  1e-08 
Optimizer =  sgd

Training Loss =  3.6306 , Train Accuracy =  0.0625 
Test Loss =  3.5528 , Test Accuracy =  0.0921

Current Setup hyperparameters (setup  82  of  384 ):
----------------------
dnn_hidden_units =  500,400,800 
Batch size =  96 
Training rate =  3.34e-06 
Optimizer =  adam

Training Loss =  1.8736 , Train Accuracy =  0.3854 
Test Loss =  1.7579 , Test Accuracy =  0.3894

Current Setup hyperparameters (setup  83  of  384 ):
----------------------
dnn_hidden_units =  500,400,800 
Batch size =  96 
Training rate =  3.34e-06 
Optimizer =  sgd

Training Loss =  2.7302 , Train Accuracy =  0.1979 
Test Loss =  2.5705 , Test Accuracy =  0.1752

Current Setup hyperparameters (setup  84  of  384 ):
----------------------
dnn_hidden_units =  500,400,800 
Batch size =  96 
Training rate =  6.6700000000000005e-06 
Optimizer =  adam

Training Loss =  1.8813 , Train Accuracy =  0.3646 
Test Loss =  1.6594 , Test Accuracy =  0.4183

Current Setup hyperparameters (setup  85  of  384 ):
----------------------
dnn_hidden_units =  500,400,800 
Batch size =  96 
Training rate =  6.6700000000000005e-06 
Optimizer =  sgd

Training Loss =  2.4177 , Train Accuracy =  0.2188 
Test Loss =  2.4559 , Test Accuracy =  0.2008

Current Setup hyperparameters (setup  86  of  384 ):
----------------------
dnn_hidden_units =  500,400,800 
Batch size =  96 
Training rate =  1e-05 
Optimizer =  adam

Training Loss =  1.803 , Train Accuracy =  0.3958 
Test Loss =  1.5861 , Test Accuracy =  0.4445

Current Setup hyperparameters (setup  87  of  384 ):
----------------------
dnn_hidden_units =  500,400,800 
Batch size =  96 
Training rate =  1e-05 
Optimizer =  sgd

Training Loss =  2.6011 , Train Accuracy =  0.1562 
Test Loss =  2.3024 , Test Accuracy =  0.2333

Current Setup hyperparameters (setup  88  of  384 ):
----------------------
dnn_hidden_units =  500,400,800 
Batch size =  128 
Training rate =  1e-08 
Optimizer =  adam

Training Loss =  4.2065 , Train Accuracy =  0.0781 
Test Loss =  4.0862 , Test Accuracy =  0.1086

Current Setup hyperparameters (setup  89  of  384 ):
----------------------
dnn_hidden_units =  500,400,800 
Batch size =  128 
Training rate =  1e-08 
Optimizer =  sgd

Training Loss =  4.387 , Train Accuracy =  0.0859 
Test Loss =  4.6794 , Test Accuracy =  0.0949

Current Setup hyperparameters (setup  90  of  384 ):
----------------------
dnn_hidden_units =  500,400,800 
Batch size =  128 
Training rate =  3.34e-06 
Optimizer =  adam

Training Loss =  1.6461 , Train Accuracy =  0.4531 
Test Loss =  1.7307 , Test Accuracy =  0.4022

Current Setup hyperparameters (setup  91  of  384 ):
----------------------
dnn_hidden_units =  500,400,800 
Batch size =  128 
Training rate =  3.34e-06 
Optimizer =  sgd

Training Loss =  2.6364 , Train Accuracy =  0.1719 
Test Loss =  2.5702 , Test Accuracy =  0.1779

Current Setup hyperparameters (setup  92  of  384 ):
----------------------
dnn_hidden_units =  500,400,800 
Batch size =  128 
Training rate =  6.6700000000000005e-06 
Optimizer =  adam

Training Loss =  1.5351 , Train Accuracy =  0.5 
Test Loss =  1.6366 , Test Accuracy =  0.4285

Current Setup hyperparameters (setup  93  of  384 ):
----------------------
dnn_hidden_units =  500,400,800 
Batch size =  128 
Training rate =  6.6700000000000005e-06 
Optimizer =  sgd

Training Loss =  2.3347 , Train Accuracy =  0.2266 
Test Loss =  2.4266 , Test Accuracy =  0.2148

Current Setup hyperparameters (setup  94  of  384 ):
----------------------
dnn_hidden_units =  500,400,800 
Batch size =  128 
Training rate =  1e-05 
Optimizer =  adam

Training Loss =  1.3387 , Train Accuracy =  0.5234 
Test Loss =  1.5821 , Test Accuracy =  0.4432

Current Setup hyperparameters (setup  95  of  384 ):
----------------------
dnn_hidden_units =  500,400,800 
Batch size =  128 
Training rate =  1e-05 
Optimizer =  sgd

Training Loss =  2.5551 , Train Accuracy =  0.1953 
Test Loss =  2.3559 , Test Accuracy =  0.2182

Current Setup hyperparameters (setup  96  of  384 ):
----------------------
dnn_hidden_units =  500,700,400,100 
Batch size =  32 
Training rate =  1e-08 
Optimizer =  adam

Training Loss =  2.4769 , Train Accuracy =  0.1562 
Test Loss =  2.6883 , Test Accuracy =  0.1024

Current Setup hyperparameters (setup  97  of  384 ):
----------------------
dnn_hidden_units =  500,700,400,100 
Batch size =  32 
Training rate =  1e-08 
Optimizer =  sgd

Training Loss =  2.5578 , Train Accuracy =  0.125 
Test Loss =  2.5362 , Test Accuracy =  0.0942

Current Setup hyperparameters (setup  98  of  384 ):
----------------------
dnn_hidden_units =  500,700,400,100 
Batch size =  32 
Training rate =  3.34e-06 
Optimizer =  adam

Training Loss =  1.8388 , Train Accuracy =  0.4062 
Test Loss =  1.7699 , Test Accuracy =  0.3736

Current Setup hyperparameters (setup  99  of  384 ):
----------------------
dnn_hidden_units =  500,700,400,100 
Batch size =  32 
Training rate =  3.34e-06 
Optimizer =  sgd

Training Loss =  2.3437 , Train Accuracy =  0.125 
Test Loss =  2.4209 , Test Accuracy =  0.1224

Current Setup hyperparameters (setup  100  of  384 ):
----------------------
dnn_hidden_units =  500,700,400,100 
Batch size =  32 
Training rate =  6.6700000000000005e-06 
Optimizer =  adam

Training Loss =  1.5743 , Train Accuracy =  0.4688 
Test Loss =  1.6623 , Test Accuracy =  0.4198

Current Setup hyperparameters (setup  101  of  384 ):
----------------------
dnn_hidden_units =  500,700,400,100 
Batch size =  32 
Training rate =  6.6700000000000005e-06 
Optimizer =  sgd

Training Loss =  2.1733 , Train Accuracy =  0.2812 
Test Loss =  2.3005 , Test Accuracy =  0.1644

Current Setup hyperparameters (setup  102  of  384 ):
----------------------
dnn_hidden_units =  500,700,400,100 
Batch size =  32 
Training rate =  1e-05 
Optimizer =  adam

Training Loss =  1.6575 , Train Accuracy =  0.4375 
Test Loss =  1.5973 , Test Accuracy =  0.4465

Current Setup hyperparameters (setup  103  of  384 ):
----------------------
dnn_hidden_units =  500,700,400,100 
Batch size =  32 
Training rate =  1e-05 
Optimizer =  sgd

Training Loss =  2.1596 , Train Accuracy =  0.1875 
Test Loss =  2.2496 , Test Accuracy =  0.1868

Current Setup hyperparameters (setup  104  of  384 ):
----------------------
dnn_hidden_units =  500,700,400,100 
Batch size =  64 
Training rate =  1e-08 
Optimizer =  adam

Training Loss =  2.8056 , Train Accuracy =  0.1094 
Test Loss =  2.6743 , Test Accuracy =  0.0993

Current Setup hyperparameters (setup  105  of  384 ):
----------------------
dnn_hidden_units =  500,700,400,100 
Batch size =  64 
Training rate =  1e-08 
Optimizer =  sgd

Training Loss =  2.356 , Train Accuracy =  0.1562 
Test Loss =  2.4903 , Test Accuracy =  0.1125

Current Setup hyperparameters (setup  106  of  384 ):
----------------------
dnn_hidden_units =  500,700,400,100 
Batch size =  64 
Training rate =  3.34e-06 
Optimizer =  adam

Training Loss =  1.572 , Train Accuracy =  0.5312 
Test Loss =  1.6987 , Test Accuracy =  0.4058

Current Setup hyperparameters (setup  107  of  384 ):
----------------------
dnn_hidden_units =  500,700,400,100 
Batch size =  64 
Training rate =  3.34e-06 
Optimizer =  sgd

Training Loss =  2.4168 , Train Accuracy =  0.1875 
Test Loss =  2.4107 , Test Accuracy =  0.1337

Current Setup hyperparameters (setup  108  of  384 ):
----------------------
dnn_hidden_units =  500,700,400,100 
Batch size =  64 
Training rate =  6.6700000000000005e-06 
Optimizer =  adam

Training Loss =  1.4469 , Train Accuracy =  0.4531 
Test Loss =  1.5998 , Test Accuracy =  0.4389

Current Setup hyperparameters (setup  109  of  384 ):
----------------------
dnn_hidden_units =  500,700,400,100 
Batch size =  64 
Training rate =  6.6700000000000005e-06 
Optimizer =  sgd

Training Loss =  2.3356 , Train Accuracy =  0.1406 
Test Loss =  2.2858 , Test Accuracy =  0.1554

Current Setup hyperparameters (setup  110  of  384 ):
----------------------
dnn_hidden_units =  500,700,400,100 
Batch size =  64 
Training rate =  1e-05 
Optimizer =  adam

Training Loss =  1.358 , Train Accuracy =  0.5 
Test Loss =  1.5572 , Test Accuracy =  0.454

Current Setup hyperparameters (setup  111  of  384 ):
----------------------
dnn_hidden_units =  500,700,400,100 
Batch size =  64 
Training rate =  1e-05 
Optimizer =  sgd

Training Loss =  2.2569 , Train Accuracy =  0.1875 
Test Loss =  2.2168 , Test Accuracy =  0.1891

Current Setup hyperparameters (setup  112  of  384 ):
----------------------
dnn_hidden_units =  500,700,400,100 
Batch size =  96 
Training rate =  1e-08 
Optimizer =  adam

Training Loss =  2.7367 , Train Accuracy =  0.0625 
Test Loss =  2.575 , Test Accuracy =  0.119

Current Setup hyperparameters (setup  113  of  384 ):
----------------------
dnn_hidden_units =  500,700,400,100 
Batch size =  96 
Training rate =  1e-08 
Optimizer =  sgd

Training Loss =  2.5265 , Train Accuracy =  0.1146 
Test Loss =  2.5718 , Test Accuracy =  0.0972

Current Setup hyperparameters (setup  114  of  384 ):
----------------------
dnn_hidden_units =  500,700,400,100 
Batch size =  96 
Training rate =  3.34e-06 
Optimizer =  adam

Training Loss =  1.6861 , Train Accuracy =  0.3958 
Test Loss =  1.6732 , Test Accuracy =  0.4122

Current Setup hyperparameters (setup  115  of  384 ):
----------------------
dnn_hidden_units =  500,700,400,100 
Batch size =  96 
Training rate =  3.34e-06 
Optimizer =  sgd

Training Loss =  2.34 , Train Accuracy =  0.1667 
Test Loss =  2.3709 , Test Accuracy =  0.1489

Current Setup hyperparameters (setup  116  of  384 ):
----------------------
dnn_hidden_units =  500,700,400,100 
Batch size =  96 
Training rate =  6.6700000000000005e-06 
Optimizer =  adam

Training Loss =  1.8139 , Train Accuracy =  0.3854 
Test Loss =  1.57 , Test Accuracy =  0.458

Current Setup hyperparameters (setup  117  of  384 ):
----------------------
dnn_hidden_units =  500,700,400,100 
Batch size =  96 
Training rate =  6.6700000000000005e-06 
Optimizer =  sgd

Training Loss =  2.3687 , Train Accuracy =  0.1458 
Test Loss =  2.2774 , Test Accuracy =  0.1646

Current Setup hyperparameters (setup  118  of  384 ):
----------------------
dnn_hidden_units =  500,700,400,100 
Batch size =  96 
Training rate =  1e-05 
Optimizer =  adam

Training Loss =  1.7141 , Train Accuracy =  0.4688 
Test Loss =  1.5222 , Test Accuracy =  0.4625

Current Setup hyperparameters (setup  119  of  384 ):
----------------------
dnn_hidden_units =  500,700,400,100 
Batch size =  96 
Training rate =  1e-05 
Optimizer =  sgd

Training Loss =  2.2393 , Train Accuracy =  0.2292 
Test Loss =  2.2808 , Test Accuracy =  0.1707

Current Setup hyperparameters (setup  120  of  384 ):
----------------------
dnn_hidden_units =  500,700,400,100 
Batch size =  128 
Training rate =  1e-08 
Optimizer =  adam

Training Loss =  2.8989 , Train Accuracy =  0.0625 
Test Loss =  2.8171 , Test Accuracy =  0.1018

Current Setup hyperparameters (setup  121  of  384 ):
----------------------
dnn_hidden_units =  500,700,400,100 
Batch size =  128 
Training rate =  1e-08 
Optimizer =  sgd

Training Loss =  2.607 , Train Accuracy =  0.0859 
Test Loss =  2.6409 , Test Accuracy =  0.0966

Current Setup hyperparameters (setup  122  of  384 ):
----------------------
dnn_hidden_units =  500,700,400,100 
Batch size =  128 
Training rate =  3.34e-06 
Optimizer =  adam

Training Loss =  1.5842 , Train Accuracy =  0.4844 
Test Loss =  1.6432 , Test Accuracy =  0.423

Current Setup hyperparameters (setup  123  of  384 ):
----------------------
dnn_hidden_units =  500,700,400,100 
Batch size =  128 
Training rate =  3.34e-06 
Optimizer =  sgd

Training Loss =  2.5151 , Train Accuracy =  0.1094 
Test Loss =  2.4412 , Test Accuracy =  0.1172

Current Setup hyperparameters (setup  124  of  384 ):
----------------------
dnn_hidden_units =  500,700,400,100 
Batch size =  128 
Training rate =  6.6700000000000005e-06 
Optimizer =  adam

Training Loss =  1.4975 , Train Accuracy =  0.5 
Test Loss =  1.5632 , Test Accuracy =  0.4567

Current Setup hyperparameters (setup  125  of  384 ):
----------------------
dnn_hidden_units =  500,700,400,100 
Batch size =  128 
Training rate =  6.6700000000000005e-06 
Optimizer =  sgd

Training Loss =  2.3164 , Train Accuracy =  0.1562 
Test Loss =  2.3219 , Test Accuracy =  0.1516

Current Setup hyperparameters (setup  126  of  384 ):
----------------------
dnn_hidden_units =  500,700,400,100 
Batch size =  128 
Training rate =  1e-05 
Optimizer =  adam

Training Loss =  1.3811 , Train Accuracy =  0.5078 
Test Loss =  1.4982 , Test Accuracy =  0.4684

Current Setup hyperparameters (setup  127  of  384 ):
----------------------
dnn_hidden_units =  500,700,400,100 
Batch size =  128 
Training rate =  1e-05 
Optimizer =  sgd

Training Loss =  2.2471 , Train Accuracy =  0.1875 
Test Loss =  2.2455 , Test Accuracy =  0.1868

Current Setup hyperparameters (setup  128  of  384 ):
----------------------
dnn_hidden_units =  600 
Batch size =  32 
Training rate =  1e-08 
Optimizer =  adam

Training Loss =  19.153 , Train Accuracy =  0.0625 
Test Loss =  20.3838 , Test Accuracy =  0.1228

Current Setup hyperparameters (setup  129  of  384 ):
----------------------
dnn_hidden_units =  600 
Batch size =  32 
Training rate =  1e-08 
Optimizer =  sgd

Training Loss =  27.888 , Train Accuracy =  0.0938 
Test Loss =  21.054 , Test Accuracy =  0.0971

Current Setup hyperparameters (setup  130  of  384 ):
----------------------
dnn_hidden_units =  600 
Batch size =  32 
Training rate =  3.34e-06 
Optimizer =  adam

Training Loss =  5.5261 , Train Accuracy =  0.4062 
Test Loss =  5.9974 , Test Accuracy =  0.3057

Current Setup hyperparameters (setup  131  of  384 ):
----------------------
dnn_hidden_units =  600 
Batch size =  32 
Training rate =  3.34e-06 
Optimizer =  sgd

Training Loss =  7.5141 , Train Accuracy =  0.2188 
Test Loss =  7.9225 , Test Accuracy =  0.2509

Current Setup hyperparameters (setup  132  of  384 ):
----------------------
dnn_hidden_units =  600 
Batch size =  32 
Training rate =  6.6700000000000005e-06 
Optimizer =  adam

Training Loss =  4.8663 , Train Accuracy =  0.3125 
Test Loss =  5.2928 , Test Accuracy =  0.3389

Current Setup hyperparameters (setup  133  of  384 ):
----------------------
dnn_hidden_units =  600 
Batch size =  32 
Training rate =  6.6700000000000005e-06 
Optimizer =  sgd

Training Loss =  6.3847 , Train Accuracy =  0.3438 
Test Loss =  6.8073 , Test Accuracy =  0.2845

Current Setup hyperparameters (setup  134  of  384 ):
----------------------
dnn_hidden_units =  600 
Batch size =  32 
Training rate =  1e-05 
Optimizer =  adam

Training Loss =  4.915 , Train Accuracy =  0.375 
Test Loss =  5.0682 , Test Accuracy =  0.3516

Current Setup hyperparameters (setup  135  of  384 ):
----------------------
dnn_hidden_units =  600 
Batch size =  32 
Training rate =  1e-05 
Optimizer =  sgd

Training Loss =  5.4622 , Train Accuracy =  0.2188 
Test Loss =  6.022 , Test Accuracy =  0.2996

Current Setup hyperparameters (setup  136  of  384 ):
----------------------
dnn_hidden_units =  600 
Batch size =  64 
Training rate =  1e-08 
Optimizer =  adam

Training Loss =  20.0521 , Train Accuracy =  0.1406 
Test Loss =  20.8739 , Test Accuracy =  0.1173

Current Setup hyperparameters (setup  137  of  384 ):
----------------------
dnn_hidden_units =  600 
Batch size =  64 
Training rate =  1e-08 
Optimizer =  sgd

Training Loss =  26.0418 , Train Accuracy =  0.0781 
Test Loss =  23.2205 , Test Accuracy =  0.1002

Current Setup hyperparameters (setup  138  of  384 ):
----------------------
dnn_hidden_units =  600 
Batch size =  64 
Training rate =  3.34e-06 
Optimizer =  adam

Training Loss =  4.9525 , Train Accuracy =  0.4062 
Test Loss =  5.4817 , Test Accuracy =  0.3195

Current Setup hyperparameters (setup  139  of  384 ):
----------------------
dnn_hidden_units =  600 
Batch size =  64 
Training rate =  3.34e-06 
Optimizer =  sgd

Training Loss =  9.0819 , Train Accuracy =  0.2188 
Test Loss =  7.6361 , Test Accuracy =  0.2552

Current Setup hyperparameters (setup  140  of  384 ):
----------------------
dnn_hidden_units =  600 
Batch size =  64 
Training rate =  6.6700000000000005e-06 
Optimizer =  adam

Training Loss =  4.0947 , Train Accuracy =  0.3594 
Test Loss =  4.8091 , Test Accuracy =  0.3482

Current Setup hyperparameters (setup  141  of  384 ):
----------------------
dnn_hidden_units =  600 
Batch size =  64 
Training rate =  6.6700000000000005e-06 
Optimizer =  sgd

Training Loss =  7.3197 , Train Accuracy =  0.2656 
Test Loss =  6.7468 , Test Accuracy =  0.267

Current Setup hyperparameters (setup  142  of  384 ):
----------------------
dnn_hidden_units =  600 
Batch size =  64 
Training rate =  1e-05 
Optimizer =  adam

Training Loss =  4.266 , Train Accuracy =  0.4531 
Test Loss =  4.5806 , Test Accuracy =  0.3605

Current Setup hyperparameters (setup  143  of  384 ):
----------------------
dnn_hidden_units =  600 
Batch size =  64 
Training rate =  1e-05 
Optimizer =  sgd

Training Loss =  6.4462 , Train Accuracy =  0.3281 
Test Loss =  6.2117 , Test Accuracy =  0.2893

Current Setup hyperparameters (setup  144  of  384 ):
----------------------
dnn_hidden_units =  600 
Batch size =  96 
Training rate =  1e-08 
Optimizer =  adam

Training Loss =  16.7239 , Train Accuracy =  0.1354 
Test Loss =  20.262 , Test Accuracy =  0.1088

Current Setup hyperparameters (setup  145  of  384 ):
----------------------
dnn_hidden_units =  600 
Batch size =  96 
Training rate =  1e-08 
Optimizer =  sgd

Training Loss =  20.1287 , Train Accuracy =  0.125 
Test Loss =  21.5322 , Test Accuracy =  0.0861

Current Setup hyperparameters (setup  146  of  384 ):
----------------------
dnn_hidden_units =  600 
Batch size =  96 
Training rate =  3.34e-06 
Optimizer =  adam

Training Loss =  6.0821 , Train Accuracy =  0.25 
Test Loss =  5.3027 , Test Accuracy =  0.3312

Current Setup hyperparameters (setup  147  of  384 ):
----------------------
dnn_hidden_units =  600 
Batch size =  96 
Training rate =  3.34e-06 
Optimizer =  sgd

Training Loss =  9.1395 , Train Accuracy =  0.2292 
Test Loss =  7.8111 , Test Accuracy =  0.2375

Current Setup hyperparameters (setup  148  of  384 ):
----------------------
dnn_hidden_units =  600 
Batch size =  96 
Training rate =  6.6700000000000005e-06 
Optimizer =  adam

Training Loss =  4.8588 , Train Accuracy =  0.3542 
Test Loss =  4.6376 , Test Accuracy =  0.3556

Current Setup hyperparameters (setup  149  of  384 ):
----------------------
dnn_hidden_units =  600 
Batch size =  96 
Training rate =  6.6700000000000005e-06 
Optimizer =  sgd

Training Loss =  6.8875 , Train Accuracy =  0.2604 
Test Loss =  6.6941 , Test Accuracy =  0.2791

Current Setup hyperparameters (setup  150  of  384 ):
----------------------
dnn_hidden_units =  600 
Batch size =  96 
Training rate =  1e-05 
Optimizer =  adam

Training Loss =  4.2734 , Train Accuracy =  0.3438 
Test Loss =  4.3133 , Test Accuracy =  0.3609

Current Setup hyperparameters (setup  151  of  384 ):
----------------------
dnn_hidden_units =  600 
Batch size =  96 
Training rate =  1e-05 
Optimizer =  sgd

Training Loss =  7.0186 , Train Accuracy =  0.2604 
Test Loss =  6.05 , Test Accuracy =  0.2966

Current Setup hyperparameters (setup  152  of  384 ):
----------------------
dnn_hidden_units =  600 
Batch size =  128 
Training rate =  1e-08 
Optimizer =  adam

Training Loss =  21.0065 , Train Accuracy =  0.0703 
Test Loss =  20.6027 , Test Accuracy =  0.1005

Current Setup hyperparameters (setup  153  of  384 ):
----------------------
dnn_hidden_units =  600 
Batch size =  128 
Training rate =  1e-08 
Optimizer =  sgd

Training Loss =  19.0031 , Train Accuracy =  0.0938 
Test Loss =  19.2139 , Test Accuracy =  0.0983

Current Setup hyperparameters (setup  154  of  384 ):
----------------------
dnn_hidden_units =  600 
Batch size =  128 
Training rate =  3.34e-06 
Optimizer =  adam

Training Loss =  5.3265 , Train Accuracy =  0.3359 
Test Loss =  4.9425 , Test Accuracy =  0.3321

Current Setup hyperparameters (setup  155  of  384 ):
----------------------
dnn_hidden_units =  600 
Batch size =  128 
Training rate =  3.34e-06 
Optimizer =  sgd

Training Loss =  8.0694 , Train Accuracy =  0.25 
Test Loss =  7.7641 , Test Accuracy =  0.2521

Current Setup hyperparameters (setup  156  of  384 ):
----------------------
dnn_hidden_units =  600 
Batch size =  128 
Training rate =  6.6700000000000005e-06 
Optimizer =  adam

Training Loss =  3.8776 , Train Accuracy =  0.4297 
Test Loss =  4.3801 , Test Accuracy =  0.3664

Current Setup hyperparameters (setup  157  of  384 ):
----------------------
dnn_hidden_units =  600 
Batch size =  128 
Training rate =  6.6700000000000005e-06 
Optimizer =  sgd

Training Loss =  5.2606 , Train Accuracy =  0.2578 
Test Loss =  6.6879 , Test Accuracy =  0.2817

Current Setup hyperparameters (setup  158  of  384 ):
----------------------
dnn_hidden_units =  600 
Batch size =  128 
Training rate =  1e-05 
Optimizer =  adam

Training Loss =  3.7952 , Train Accuracy =  0.3906 
Test Loss =  4.0171 , Test Accuracy =  0.3806

Current Setup hyperparameters (setup  159  of  384 ):
----------------------
dnn_hidden_units =  600 
Batch size =  128 
Training rate =  1e-05 
Optimizer =  sgd

Training Loss =  5.7162 , Train Accuracy =  0.3438 
Test Loss =  6.0573 , Test Accuracy =  0.3003

Current Setup hyperparameters (setup  160  of  384 ):
----------------------
dnn_hidden_units =  900,100 
Batch size =  32 
Training rate =  1e-08 
Optimizer =  adam

Training Loss =  8.3362 , Train Accuracy =  0.0938 
Test Loss =  9.0484 , Test Accuracy =  0.0973

Current Setup hyperparameters (setup  161  of  384 ):
----------------------
dnn_hidden_units =  900,100 
Batch size =  32 
Training rate =  1e-08 
Optimizer =  sgd

Training Loss =  11.9129 , Train Accuracy =  0.0625 
Test Loss =  9.6528 , Test Accuracy =  0.0959

Current Setup hyperparameters (setup  162  of  384 ):
----------------------
dnn_hidden_units =  900,100 
Batch size =  32 
Training rate =  3.34e-06 
Optimizer =  adam

Training Loss =  1.8475 , Train Accuracy =  0.4062 
Test Loss =  2.4125 , Test Accuracy =  0.3314

Current Setup hyperparameters (setup  163  of  384 ):
----------------------
dnn_hidden_units =  900,100 
Batch size =  32 
Training rate =  3.34e-06 
Optimizer =  sgd

Training Loss =  3.8296 , Train Accuracy =  0.2188 
Test Loss =  3.7185 , Test Accuracy =  0.2097

Current Setup hyperparameters (setup  164  of  384 ):
----------------------
dnn_hidden_units =  900,100 
Batch size =  32 
Training rate =  6.6700000000000005e-06 
Optimizer =  adam

Training Loss =  2.3584 , Train Accuracy =  0.2188 
Test Loss =  2.1137 , Test Accuracy =  0.3569

Current Setup hyperparameters (setup  165  of  384 ):
----------------------
dnn_hidden_units =  900,100 
Batch size =  32 
Training rate =  6.6700000000000005e-06 
Optimizer =  sgd

Training Loss =  3.5181 , Train Accuracy =  0.2188 
Test Loss =  3.1879 , Test Accuracy =  0.2252

Current Setup hyperparameters (setup  166  of  384 ):
----------------------
dnn_hidden_units =  900,100 
Batch size =  32 
Training rate =  1e-05 
Optimizer =  adam

Training Loss =  2.4632 , Train Accuracy =  0.3438 
Test Loss =  1.9803 , Test Accuracy =  0.3728

Current Setup hyperparameters (setup  167  of  384 ):
----------------------
dnn_hidden_units =  900,100 
Batch size =  32 
Training rate =  1e-05 
Optimizer =  sgd

Training Loss =  3.2071 , Train Accuracy =  0.1875 
Test Loss =  2.8923 , Test Accuracy =  0.2453

Current Setup hyperparameters (setup  168  of  384 ):
----------------------
dnn_hidden_units =  900,100 
Batch size =  64 
Training rate =  1e-08 
Optimizer =  adam

Training Loss =  10.1824 , Train Accuracy =  0.0938 
Test Loss =  8.5037 , Test Accuracy =  0.1119

Current Setup hyperparameters (setup  169  of  384 ):
----------------------
dnn_hidden_units =  900,100 
Batch size =  64 
Training rate =  1e-08 
Optimizer =  sgd

Training Loss =  10.3114 , Train Accuracy =  0.125 
Test Loss =  8.8311 , Test Accuracy =  0.1163

Current Setup hyperparameters (setup  170  of  384 ):
----------------------
dnn_hidden_units =  900,100 
Batch size =  64 
Training rate =  3.34e-06 
Optimizer =  adam

Training Loss =  2.0134 , Train Accuracy =  0.3594 
Test Loss =  2.2171 , Test Accuracy =  0.3438

Current Setup hyperparameters (setup  171  of  384 ):
----------------------
dnn_hidden_units =  900,100 
Batch size =  64 
Training rate =  3.34e-06 
Optimizer =  sgd

Training Loss =  4.5412 , Train Accuracy =  0.1406 
Test Loss =  3.8982 , Test Accuracy =  0.1957

Current Setup hyperparameters (setup  172  of  384 ):
----------------------
dnn_hidden_units =  900,100 
Batch size =  64 
Training rate =  6.6700000000000005e-06 
Optimizer =  adam

Training Loss =  1.6998 , Train Accuracy =  0.4219 
Test Loss =  1.9231 , Test Accuracy =  0.3804

Current Setup hyperparameters (setup  173  of  384 ):
----------------------
dnn_hidden_units =  900,100 
Batch size =  64 
Training rate =  6.6700000000000005e-06 
Optimizer =  sgd

Training Loss =  2.9789 , Train Accuracy =  0.2344 
Test Loss =  3.2514 , Test Accuracy =  0.2318

Current Setup hyperparameters (setup  174  of  384 ):
----------------------
dnn_hidden_units =  900,100 
Batch size =  64 
Training rate =  1e-05 
Optimizer =  adam

Training Loss =  1.3884 , Train Accuracy =  0.4688 
Test Loss =  1.8263 , Test Accuracy =  0.3925

Current Setup hyperparameters (setup  175  of  384 ):
----------------------
dnn_hidden_units =  900,100 
Batch size =  64 
Training rate =  1e-05 
Optimizer =  sgd

Training Loss =  2.8484 , Train Accuracy =  0.2969 
Test Loss =  3.1311 , Test Accuracy =  0.2481

Current Setup hyperparameters (setup  176  of  384 ):
----------------------
dnn_hidden_units =  900,100 
Batch size =  96 
Training rate =  1e-08 
Optimizer =  adam

Training Loss =  6.4051 , Train Accuracy =  0.1354 
Test Loss =  6.8219 , Test Accuracy =  0.1008

Current Setup hyperparameters (setup  177  of  384 ):
----------------------
dnn_hidden_units =  900,100 
Batch size =  96 
Training rate =  1e-08 
Optimizer =  sgd

Training Loss =  10.1345 , Train Accuracy =  0.0625 
Test Loss =  11.1161 , Test Accuracy =  0.0908

Current Setup hyperparameters (setup  178  of  384 ):
----------------------
dnn_hidden_units =  900,100 
Batch size =  96 
Training rate =  3.34e-06 
Optimizer =  adam

Training Loss =  2.646 , Train Accuracy =  0.2708 
Test Loss =  2.156 , Test Accuracy =  0.3493

Current Setup hyperparameters (setup  179  of  384 ):
----------------------
dnn_hidden_units =  900,100 
Batch size =  96 
Training rate =  3.34e-06 
Optimizer =  sgd

Training Loss =  4.39 , Train Accuracy =  0.1562 
Test Loss =  3.8199 , Test Accuracy =  0.2075

Current Setup hyperparameters (setup  180  of  384 ):
----------------------
dnn_hidden_units =  900,100 
Batch size =  96 
Training rate =  6.6700000000000005e-06 
Optimizer =  adam

Training Loss =  2.0153 , Train Accuracy =  0.4062 
Test Loss =  1.8859 , Test Accuracy =  0.3887

Current Setup hyperparameters (setup  181  of  384 ):
----------------------
dnn_hidden_units =  900,100 
Batch size =  96 
Training rate =  6.6700000000000005e-06 
Optimizer =  sgd

Training Loss =  3.3097 , Train Accuracy =  0.1875 
Test Loss =  3.3843 , Test Accuracy =  0.2271

Current Setup hyperparameters (setup  182  of  384 ):
----------------------
dnn_hidden_units =  900,100 
Batch size =  96 
Training rate =  1e-05 
Optimizer =  adam

Training Loss =  1.8264 , Train Accuracy =  0.4167 
Test Loss =  1.7901 , Test Accuracy =  0.4091

Current Setup hyperparameters (setup  183  of  384 ):
----------------------
dnn_hidden_units =  900,100 
Batch size =  96 
Training rate =  1e-05 
Optimizer =  sgd

Training Loss =  3.191 , Train Accuracy =  0.2396 
Test Loss =  3.0558 , Test Accuracy =  0.2518

Current Setup hyperparameters (setup  184  of  384 ):
----------------------
dnn_hidden_units =  900,100 
Batch size =  128 
Training rate =  1e-08 
Optimizer =  adam

Training Loss =  8.1336 , Train Accuracy =  0.1328 
Test Loss =  8.7989 , Test Accuracy =  0.1089

Current Setup hyperparameters (setup  185  of  384 ):
----------------------
dnn_hidden_units =  900,100 
Batch size =  128 
Training rate =  1e-08 
Optimizer =  sgd

Training Loss =  9.6025 , Train Accuracy =  0.0547 
Test Loss =  9.3576 , Test Accuracy =  0.1027

Current Setup hyperparameters (setup  186  of  384 ):
----------------------
dnn_hidden_units =  900,100 
Batch size =  128 
Training rate =  3.34e-06 
Optimizer =  adam

Training Loss =  1.9797 , Train Accuracy =  0.3906 
Test Loss =  2.114 , Test Accuracy =  0.3559

Current Setup hyperparameters (setup  187  of  384 ):
----------------------
dnn_hidden_units =  900,100 
Batch size =  128 
Training rate =  3.34e-06 
Optimizer =  sgd

Training Loss =  3.5967 , Train Accuracy =  0.2422 
Test Loss =  3.8002 , Test Accuracy =  0.1936

Current Setup hyperparameters (setup  188  of  384 ):
----------------------
dnn_hidden_units =  900,100 
Batch size =  128 
Training rate =  6.6700000000000005e-06 
Optimizer =  adam

Training Loss =  1.5691 , Train Accuracy =  0.5156 
Test Loss =  1.89 , Test Accuracy =  0.3947

Current Setup hyperparameters (setup  189  of  384 ):
----------------------
dnn_hidden_units =  900,100 
Batch size =  128 
Training rate =  6.6700000000000005e-06 
Optimizer =  sgd

Training Loss =  3.4993 , Train Accuracy =  0.3125 
Test Loss =  3.3178 , Test Accuracy =  0.2379

Current Setup hyperparameters (setup  190  of  384 ):
----------------------
dnn_hidden_units =  900,100 
Batch size =  128 
Training rate =  1e-05 
Optimizer =  adam

Training Loss =  1.3633 , Train Accuracy =  0.5156 
Test Loss =  1.7658 , Test Accuracy =  0.4173

Current Setup hyperparameters (setup  191  of  384 ):
----------------------
dnn_hidden_units =  900,100 
Batch size =  128 
Training rate =  1e-05 
Optimizer =  sgd

Training Loss =  3.2433 , Train Accuracy =  0.2578 
Test Loss =  3.1228 , Test Accuracy =  0.254

Current Setup hyperparameters (setup  192  of  384 ):
----------------------
dnn_hidden_units =  400,200,900 
Batch size =  32 
Training rate =  1e-08 
Optimizer =  adam

Training Loss =  3.6397 , Train Accuracy =  0.1562 
Test Loss =  4.3221 , Test Accuracy =  0.107

Current Setup hyperparameters (setup  193  of  384 ):
----------------------
dnn_hidden_units =  400,200,900 
Batch size =  32 
Training rate =  1e-08 
Optimizer =  sgd

Training Loss =  4.3063 , Train Accuracy =  0.0312 
Test Loss =  3.9917 , Test Accuracy =  0.0926

Current Setup hyperparameters (setup  194  of  384 ):
----------------------
dnn_hidden_units =  400,200,900 
Batch size =  32 
Training rate =  3.34e-06 
Optimizer =  adam

Training Loss =  1.9087 , Train Accuracy =  0.2812 
Test Loss =  1.8636 , Test Accuracy =  0.3586

Current Setup hyperparameters (setup  195  of  384 ):
----------------------
dnn_hidden_units =  400,200,900 
Batch size =  32 
Training rate =  3.34e-06 
Optimizer =  sgd

Training Loss =  2.2492 , Train Accuracy =  0.25 
Test Loss =  2.6781 , Test Accuracy =  0.1526

Current Setup hyperparameters (setup  196  of  384 ):
----------------------
dnn_hidden_units =  400,200,900 
Batch size =  32 
Training rate =  6.6700000000000005e-06 
Optimizer =  adam

Training Loss =  1.9315 , Train Accuracy =  0.3125 
Test Loss =  1.7565 , Test Accuracy =  0.3912

Current Setup hyperparameters (setup  197  of  384 ):
----------------------
dnn_hidden_units =  400,200,900 
Batch size =  32 
Training rate =  6.6700000000000005e-06 
Optimizer =  sgd

Training Loss =  2.3404 , Train Accuracy =  0.1562 
Test Loss =  2.4433 , Test Accuracy =  0.2045

Current Setup hyperparameters (setup  198  of  384 ):
----------------------
dnn_hidden_units =  400,200,900 
Batch size =  32 
Training rate =  1e-05 
Optimizer =  adam

Training Loss =  1.928 , Train Accuracy =  0.375 
Test Loss =  1.6985 , Test Accuracy =  0.4085

Current Setup hyperparameters (setup  199  of  384 ):
----------------------
dnn_hidden_units =  400,200,900 
Batch size =  32 
Training rate =  1e-05 
Optimizer =  sgd

Training Loss =  1.9936 , Train Accuracy =  0.4062 
Test Loss =  2.3321 , Test Accuracy =  0.2235

Current Setup hyperparameters (setup  200  of  384 ):
----------------------
dnn_hidden_units =  400,200,900 
Batch size =  64 
Training rate =  1e-08 
Optimizer =  adam

Training Loss =  4.5819 , Train Accuracy =  0.0781 
Test Loss =  4.5719 , Test Accuracy =  0.1104

Current Setup hyperparameters (setup  201  of  384 ):
----------------------
dnn_hidden_units =  400,200,900 
Batch size =  64 
Training rate =  1e-08 
Optimizer =  sgd

Training Loss =  3.6983 , Train Accuracy =  0.1094 
Test Loss =  3.8583 , Test Accuracy =  0.1091

Current Setup hyperparameters (setup  202  of  384 ):
----------------------
dnn_hidden_units =  400,200,900 
Batch size =  64 
Training rate =  3.34e-06 
Optimizer =  adam

Training Loss =  1.6035 , Train Accuracy =  0.4219 
Test Loss =  1.8397 , Test Accuracy =  0.3659

Current Setup hyperparameters (setup  203  of  384 ):
----------------------
srun: Job step aborted: Waiting up to 32 seconds for job step to finish.
slurmstepd: error: *** JOB 2170406 ON r30n5 CANCELLED AT 2019-04-21T13:16:25 DUE TO TIME LIMIT ***
slurmstepd: error: *** STEP 2170406.0 ON r30n5 CANCELLED AT 2019-04-21T13:16:25 DUE TO TIME LIMIT ***
