/var/spool/slurm-llnl/slurmd/job2171007/slurm_script: line 19: cd: /home/lgpu0417/deep-learning/assignment_1/code/: Permission denied
 ------ Job mlp_pytorch is started ------- 
 
dnn_hidden_units : 100
learning_rate : 0.002
max_steps : 1500
batch_size : 200
eval_freq : 100
data_dir : ./cifar10/cifar-10-batches-py
optimizer : sgd
optimize : False
b_norm : False

Step  0 
------------
Training Loss =  2.4354 , Train Accuracy =  0.07999999821186066 
Test Loss =  2.4208 , Test Accuracy =  0.1031999996304512

Step  100 
------------
Training Loss =  2.0452 , Train Accuracy =  0.2549999952316284 
Test Loss =  2.0213 , Test Accuracy =  0.29869999825954435

Step  200 
------------
Training Loss =  1.9937 , Train Accuracy =  0.29499998688697815 
Test Loss =  1.9748 , Test Accuracy =  0.32239999920129775

Step  300 
------------
Training Loss =  1.9553 , Train Accuracy =  0.33000001311302185 
Test Loss =  1.9505 , Test Accuracy =  0.3380999994277954

Step  400 
------------
Training Loss =  1.8803 , Train Accuracy =  0.38499999046325684 
Test Loss =  1.9292 , Test Accuracy =  0.3502000004053116

Step  500 
------------
Training Loss =  1.9064 , Train Accuracy =  0.36500000953674316 
Test Loss =  1.9122 , Test Accuracy =  0.3607000011205673

Step  600 
------------
Training Loss =  1.8613 , Train Accuracy =  0.4050000011920929 
Test Loss =  1.8963 , Test Accuracy =  0.3679999989271164

Step  700 
------------
Training Loss =  1.9324 , Train Accuracy =  0.35499998927116394 
Test Loss =  1.8839 , Test Accuracy =  0.3754000002145767

Step  800 
------------
Training Loss =  1.9047 , Train Accuracy =  0.3499999940395355 
Test Loss =  1.8709 , Test Accuracy =  0.3827999997138977

Step  900 
------------
Training Loss =  1.8576 , Train Accuracy =  0.38999998569488525 
Test Loss =  1.8586 , Test Accuracy =  0.3886000001430511

Step  1000 
------------
Training Loss =  1.7768 , Train Accuracy =  0.46000000834465027 
Test Loss =  1.8473 , Test Accuracy =  0.3963999992609024

Step  1100 
------------
Training Loss =  1.851 , Train Accuracy =  0.4050000011920929 
Test Loss =  1.8344 , Test Accuracy =  0.4025

Step  1200 
------------
Training Loss =  1.8135 , Train Accuracy =  0.4350000023841858 
Test Loss =  1.8258 , Test Accuracy =  0.40519999861717226

Step  1300 
------------
Training Loss =  1.8732 , Train Accuracy =  0.3700000047683716 
Test Loss =  1.8168 , Test Accuracy =  0.4081999987363815

Step  1400 
------------
Training Loss =  1.8077 , Train Accuracy =  0.3799999952316284 
Test Loss =  1.8045 , Test Accuracy =  0.41510000109672546
No of setups:  162

Current Setup hyperparameters (setup  0  of  162 ):
----------------------
dnn_hidden_units =  256 
Batch size =  128 
Training rate =  1e-07 
Optimizer =  adam 
Batch Normalization = True

Training Loss =  2.2542 , Train Accuracy =  0.1484 
Test Loss =  2.3131 , Test Accuracy =  0.1395

Current best = setup 0 , Test accuracy =  0.1395

Current Setup hyperparameters (setup  1  of  162 ):
----------------------
dnn_hidden_units =  256 
Batch size =  128 
Training rate =  1e-07 
Optimizer =  sgd 
Batch Normalization = True

Training Loss =  2.5734 , Train Accuracy =  0.0547 
Test Loss =  2.5503 , Test Accuracy =  0.0861

Current best = setup 0 , Test accuracy =  0.1395

Current Setup hyperparameters (setup  2  of  162 ):
----------------------
dnn_hidden_units =  256 
Batch size =  128 
Training rate =  5.05e-06 
Optimizer =  adam 
Batch Normalization = True

Training Loss =  1.8987 , Train Accuracy =  0.3438 
Test Loss =  1.8937 , Test Accuracy =  0.3732

Current best = setup 2 , Test accuracy =  0.3732

Current Setup hyperparameters (setup  3  of  162 ):
----------------------
dnn_hidden_units =  256 
Batch size =  128 
Training rate =  5.05e-06 
Optimizer =  sgd 
Batch Normalization = True

Training Loss =  2.2694 , Train Accuracy =  0.1641 
Test Loss =  2.3159 , Test Accuracy =  0.1567

Current best = setup 2 , Test accuracy =  0.3732

Current Setup hyperparameters (setup  4  of  162 ):
----------------------
dnn_hidden_units =  256 
Batch size =  128 
Training rate =  1e-05 
Optimizer =  adam 
Batch Normalization = True

Training Loss =  1.7988 , Train Accuracy =  0.3438 
Test Loss =  1.835 , Test Accuracy =  0.3925

Current best = setup 4 , Test accuracy =  0.3925

Current Setup hyperparameters (setup  5  of  162 ):
----------------------
dnn_hidden_units =  256 
Batch size =  128 
Training rate =  1e-05 
Optimizer =  sgd 
Batch Normalization = True

Training Loss =  2.3095 , Train Accuracy =  0.1484 
Test Loss =  2.2985 , Test Accuracy =  0.1441

Current best = setup 4 , Test accuracy =  0.3925

Current Setup hyperparameters (setup  6  of  162 ):
----------------------
dnn_hidden_units =  256 
Batch size =  256 
Training rate =  1e-07 
Optimizer =  adam 
Batch Normalization = True

Training Loss =  2.2112 , Train Accuracy =  0.168 
Test Loss =  2.2151 , Test Accuracy =  0.2029

Current best = setup 4 , Test accuracy =  0.3925

Current Setup hyperparameters (setup  7  of  162 ):
----------------------
dnn_hidden_units =  256 
Batch size =  256 
Training rate =  1e-07 
Optimizer =  sgd 
Batch Normalization = True

Training Loss =  2.5687 , Train Accuracy =  0.1016 
Test Loss =  2.4911 , Test Accuracy =  0.1166

Current best = setup 4 , Test accuracy =  0.3925

Current Setup hyperparameters (setup  8  of  162 ):
----------------------
dnn_hidden_units =  256 
Batch size =  256 
Training rate =  5.05e-06 
Optimizer =  adam 
Batch Normalization = True

Training Loss =  1.6943 , Train Accuracy =  0.4336 
Test Loss =  1.7847 , Test Accuracy =  0.3922

Current best = setup 4 , Test accuracy =  0.3925

Current Setup hyperparameters (setup  9  of  162 ):
----------------------
dnn_hidden_units =  256 
Batch size =  256 
Training rate =  5.05e-06 
Optimizer =  sgd 
Batch Normalization = True

Training Loss =  2.2897 , Train Accuracy =  0.1836 
Test Loss =  2.3254 , Test Accuracy =  0.1377

Current best = setup 4 , Test accuracy =  0.3925

Current Setup hyperparameters (setup  10  of  162 ):
----------------------
dnn_hidden_units =  256 
Batch size =  256 
Training rate =  1e-05 
Optimizer =  adam 
Batch Normalization = True

Training Loss =  1.8132 , Train Accuracy =  0.4062 
Test Loss =  1.8138 , Test Accuracy =  0.3996

Current best = setup 10 , Test accuracy =  0.3996

Current Setup hyperparameters (setup  11  of  162 ):
----------------------
dnn_hidden_units =  256 
Batch size =  256 
Training rate =  1e-05 
Optimizer =  sgd 
Batch Normalization = True

Training Loss =  2.2559 , Train Accuracy =  0.1562 
Test Loss =  2.2544 , Test Accuracy =  0.1775

Current best = setup 10 , Test accuracy =  0.3996

Current Setup hyperparameters (setup  12  of  162 ):
----------------------
dnn_hidden_units =  256 
Batch size =  384 
Training rate =  1e-07 
Optimizer =  adam 
Batch Normalization = True

Training Loss =  2.3258 , Train Accuracy =  0.1536 
Test Loss =  2.3196 , Test Accuracy =  0.152

Current best = setup 10 , Test accuracy =  0.3996

Current Setup hyperparameters (setup  13  of  162 ):
----------------------
dnn_hidden_units =  256 
Batch size =  384 
Training rate =  1e-07 
Optimizer =  sgd 
Batch Normalization = True

Training Loss =  2.4162 , Train Accuracy =  0.1224 
Test Loss =  2.4418 , Test Accuracy =  0.0954

Current best = setup 10 , Test accuracy =  0.3996

Current Setup hyperparameters (setup  14  of  162 ):
----------------------
dnn_hidden_units =  256 
Batch size =  384 
Training rate =  5.05e-06 
Optimizer =  adam 
Batch Normalization = True

Training Loss =  1.8042 , Train Accuracy =  0.3958 
Test Loss =  1.8275 , Test Accuracy =  0.4081

Current best = setup 14 , Test accuracy =  0.4081

Current Setup hyperparameters (setup  15  of  162 ):
----------------------
dnn_hidden_units =  256 
Batch size =  384 
Training rate =  5.05e-06 
Optimizer =  sgd 
Batch Normalization = True

Training Loss =  2.3396 , Train Accuracy =  0.1589 
Test Loss =  2.3761 , Test Accuracy =  0.1218

Current best = setup 14 , Test accuracy =  0.4081

Current Setup hyperparameters (setup  16  of  162 ):
----------------------
dnn_hidden_units =  256 
Batch size =  384 
Training rate =  1e-05 
Optimizer =  adam 
Batch Normalization = True

Training Loss =  1.7119 , Train Accuracy =  0.4583 
Test Loss =  1.7814 , Test Accuracy =  0.4211

Current best = setup 16 , Test accuracy =  0.4211

Current Setup hyperparameters (setup  17  of  162 ):
----------------------
dnn_hidden_units =  256 
Batch size =  384 
Training rate =  1e-05 
Optimizer =  sgd 
Batch Normalization = True

Training Loss =  2.2873 , Train Accuracy =  0.1615 
Test Loss =  2.3096 , Test Accuracy =  0.1431

Current best = setup 16 , Test accuracy =  0.4211

Current Setup hyperparameters (setup  18  of  162 ):
----------------------
dnn_hidden_units =  128,512 
Batch size =  128 
Training rate =  1e-07 
Optimizer =  adam 
Batch Normalization = True

Training Loss =  2.4365 , Train Accuracy =  0.0781 
Test Loss =  2.3495 , Test Accuracy =  0.1275

Current best = setup 16 , Test accuracy =  0.4211

Current Setup hyperparameters (setup  19  of  162 ):
----------------------
dnn_hidden_units =  128,512 
Batch size =  128 
Training rate =  1e-07 
Optimizer =  sgd 
Batch Normalization = True

Training Loss =  2.4684 , Train Accuracy =  0.0938 
Test Loss =  2.4387 , Test Accuracy =  0.1072

Current best = setup 16 , Test accuracy =  0.4211

Current Setup hyperparameters (setup  20  of  162 ):
----------------------
dnn_hidden_units =  128,512 
Batch size =  128 
Training rate =  5.05e-06 
Optimizer =  adam 
Batch Normalization = True

Training Loss =  1.8617 , Train Accuracy =  0.3984 
Test Loss =  1.8793 , Test Accuracy =  0.3548

Current best = setup 16 , Test accuracy =  0.4211

Current Setup hyperparameters (setup  21  of  162 ):
----------------------
dnn_hidden_units =  128,512 
Batch size =  128 
Training rate =  5.05e-06 
Optimizer =  sgd 
Batch Normalization = True

Training Loss =  2.2978 , Train Accuracy =  0.1797 
Test Loss =  2.3877 , Test Accuracy =  0.1181

Current best = setup 16 , Test accuracy =  0.4211

Current Setup hyperparameters (setup  22  of  162 ):
----------------------
dnn_hidden_units =  128,512 
Batch size =  128 
Training rate =  1e-05 
Optimizer =  adam 
Batch Normalization = True

Training Loss =  1.921 , Train Accuracy =  0.375 
Test Loss =  1.8884 , Test Accuracy =  0.3754

Current best = setup 16 , Test accuracy =  0.4211

Current Setup hyperparameters (setup  23  of  162 ):
----------------------
dnn_hidden_units =  128,512 
Batch size =  128 
Training rate =  1e-05 
Optimizer =  sgd 
Batch Normalization = True

Training Loss =  2.3268 , Train Accuracy =  0.1797 
Test Loss =  2.3453 , Test Accuracy =  0.1608

Current best = setup 16 , Test accuracy =  0.4211

Current Setup hyperparameters (setup  24  of  162 ):
----------------------
dnn_hidden_units =  128,512 
Batch size =  256 
Training rate =  1e-07 
Optimizer =  adam 
Batch Normalization = True

Training Loss =  2.3385 , Train Accuracy =  0.1797 
Test Loss =  2.2997 , Test Accuracy =  0.1653

Current best = setup 16 , Test accuracy =  0.4211

Current Setup hyperparameters (setup  25  of  162 ):
----------------------
dnn_hidden_units =  128,512 
Batch size =  256 
Training rate =  1e-07 
Optimizer =  sgd 
Batch Normalization = True

Training Loss =  2.509 , Train Accuracy =  0.0547 
Test Loss =  2.48 , Test Accuracy =  0.0821

Current best = setup 16 , Test accuracy =  0.4211

Current Setup hyperparameters (setup  26  of  162 ):
----------------------
dnn_hidden_units =  128,512 
Batch size =  256 
Training rate =  5.05e-06 
Optimizer =  adam 
Batch Normalization = True

Training Loss =  1.8404 , Train Accuracy =  0.4102 
Test Loss =  1.8738 , Test Accuracy =  0.3832

Current best = setup 16 , Test accuracy =  0.4211

Current Setup hyperparameters (setup  27  of  162 ):
----------------------
dnn_hidden_units =  128,512 
Batch size =  256 
Training rate =  5.05e-06 
Optimizer =  sgd 
Batch Normalization = True

Training Loss =  2.4382 , Train Accuracy =  0.1133 
Test Loss =  2.3769 , Test Accuracy =  0.1355

Current best = setup 16 , Test accuracy =  0.4211

Current Setup hyperparameters (setup  28  of  162 ):
----------------------
dnn_hidden_units =  128,512 
Batch size =  256 
Training rate =  1e-05 
Optimizer =  adam 
Batch Normalization = True

Training Loss =  1.8402 , Train Accuracy =  0.457 
Test Loss =  1.9168 , Test Accuracy =  0.3894

Current best = setup 16 , Test accuracy =  0.4211

Current Setup hyperparameters (setup  29  of  162 ):
----------------------
dnn_hidden_units =  128,512 
Batch size =  256 
Training rate =  1e-05 
Optimizer =  sgd 
Batch Normalization = True

Training Loss =  2.2877 , Train Accuracy =  0.1172 
Test Loss =  2.3223 , Test Accuracy =  0.1399

Current best = setup 16 , Test accuracy =  0.4211

Current Setup hyperparameters (setup  30  of  162 ):
----------------------
dnn_hidden_units =  128,512 
Batch size =  384 
Training rate =  1e-07 
Optimizer =  adam 
Batch Normalization = True

Training Loss =  2.3029 , Train Accuracy =  0.125 
Test Loss =  2.303 , Test Accuracy =  0.1374

Current best = setup 16 , Test accuracy =  0.4211

Current Setup hyperparameters (setup  31  of  162 ):
----------------------
dnn_hidden_units =  128,512 
Batch size =  384 
Training rate =  1e-07 
Optimizer =  sgd 
Batch Normalization = True

Training Loss =  2.4231 , Train Accuracy =  0.0911 
Test Loss =  2.4296 , Test Accuracy =  0.1076

Current best = setup 16 , Test accuracy =  0.4211

Current Setup hyperparameters (setup  32  of  162 ):
----------------------
dnn_hidden_units =  128,512 
Batch size =  384 
Training rate =  5.05e-06 
Optimizer =  adam 
Batch Normalization = True

Training Loss =  1.8296 , Train Accuracy =  0.3984 
Test Loss =  1.8419 , Test Accuracy =  0.3952

Current best = setup 16 , Test accuracy =  0.4211

Current Setup hyperparameters (setup  33  of  162 ):
----------------------
dnn_hidden_units =  128,512 
Batch size =  384 
Training rate =  5.05e-06 
Optimizer =  sgd 
Batch Normalization = True

Training Loss =  2.3717 , Train Accuracy =  0.1068 
Test Loss =  2.3343 , Test Accuracy =  0.1204

Current best = setup 16 , Test accuracy =  0.4211

Current Setup hyperparameters (setup  34  of  162 ):
----------------------
dnn_hidden_units =  128,512 
Batch size =  384 
Training rate =  1e-05 
Optimizer =  adam 
Batch Normalization = True

Training Loss =  1.7442 , Train Accuracy =  0.4818 
Test Loss =  1.8413 , Test Accuracy =  0.3883

Current best = setup 16 , Test accuracy =  0.4211

Current Setup hyperparameters (setup  35  of  162 ):
----------------------
dnn_hidden_units =  128,512 
Batch size =  384 
Training rate =  1e-05 
Optimizer =  sgd 
Batch Normalization = True

Training Loss =  2.3307 , Train Accuracy =  0.138 
Test Loss =  2.3257 , Test Accuracy =  0.1398

Current best = setup 16 , Test accuracy =  0.4211

Current Setup hyperparameters (setup  36  of  162 ):
----------------------
dnn_hidden_units =  128,512,384 
Batch size =  128 
Training rate =  1e-07 
Optimizer =  adam 
Batch Normalization = True

Training Loss =  2.3664 , Train Accuracy =  0.1016 
Test Loss =  2.4134 , Test Accuracy =  0.1254

Current best = setup 16 , Test accuracy =  0.4211

Current Setup hyperparameters (setup  37  of  162 ):
----------------------
dnn_hidden_units =  128,512,384 
Batch size =  128 
Training rate =  1e-07 
Optimizer =  sgd 
Batch Normalization = True

Training Loss =  2.3965 , Train Accuracy =  0.1562 
Test Loss =  2.4278 , Test Accuracy =  0.0973

Current best = setup 16 , Test accuracy =  0.4211

Current Setup hyperparameters (setup  38  of  162 ):
----------------------
dnn_hidden_units =  128,512,384 
Batch size =  128 
Training rate =  5.05e-06 
Optimizer =  adam 
Batch Normalization = True

Training Loss =  1.9165 , Train Accuracy =  0.3125 
Test Loss =  1.9423 , Test Accuracy =  0.3463

Current best = setup 16 , Test accuracy =  0.4211

Current Setup hyperparameters (setup  39  of  162 ):
----------------------
dnn_hidden_units =  128,512,384 
Batch size =  128 
Training rate =  5.05e-06 
Optimizer =  sgd 
Batch Normalization = True

Training Loss =  2.4702 , Train Accuracy =  0.1094 
Test Loss =  2.4515 , Test Accuracy =  0.1062

Current best = setup 16 , Test accuracy =  0.4211

Current Setup hyperparameters (setup  40  of  162 ):
----------------------
dnn_hidden_units =  128,512,384 
Batch size =  128 
Training rate =  1e-05 
Optimizer =  adam 
Batch Normalization = True

Training Loss =  1.8076 , Train Accuracy =  0.4219 
Test Loss =  1.8052 , Test Accuracy =  0.3853

Current best = setup 16 , Test accuracy =  0.4211

Current Setup hyperparameters (setup  41  of  162 ):
----------------------
dnn_hidden_units =  128,512,384 
Batch size =  128 
Training rate =  1e-05 
Optimizer =  sgd 
Batch Normalization = True

Training Loss =  2.3314 , Train Accuracy =  0.2344 
Test Loss =  2.3335 , Test Accuracy =  0.1664

Current best = setup 16 , Test accuracy =  0.4211

Current Setup hyperparameters (setup  42  of  162 ):
----------------------
dnn_hidden_units =  128,512,384 
Batch size =  256 
Training rate =  1e-07 
Optimizer =  adam 
Batch Normalization = True

Training Loss =  2.3268 , Train Accuracy =  0.1172 
Test Loss =  2.3564 , Test Accuracy =  0.1305

Current best = setup 16 , Test accuracy =  0.4211

Current Setup hyperparameters (setup  43  of  162 ):
----------------------
dnn_hidden_units =  128,512,384 
Batch size =  256 
Training rate =  1e-07 
Optimizer =  sgd 
Batch Normalization = True

Training Loss =  2.4158 , Train Accuracy =  0.1094 
Test Loss =  2.4237 , Test Accuracy =  0.0961

Current best = setup 16 , Test accuracy =  0.4211

Current Setup hyperparameters (setup  44  of  162 ):
----------------------
dnn_hidden_units =  128,512,384 
Batch size =  256 
Training rate =  5.05e-06 
Optimizer =  adam 
Batch Normalization = True

Training Loss =  1.8104 , Train Accuracy =  0.4219 
Test Loss =  1.8589 , Test Accuracy =  0.3802

Current best = setup 16 , Test accuracy =  0.4211

Current Setup hyperparameters (setup  45  of  162 ):
----------------------
dnn_hidden_units =  128,512,384 
Batch size =  256 
Training rate =  5.05e-06 
Optimizer =  sgd 
Batch Normalization = True

Training Loss =  2.3387 , Train Accuracy =  0.1484 
Test Loss =  2.3401 , Test Accuracy =  0.1566

Current best = setup 16 , Test accuracy =  0.4211

Current Setup hyperparameters (setup  46  of  162 ):
----------------------
dnn_hidden_units =  128,512,384 
Batch size =  256 
Training rate =  1e-05 
Optimizer =  adam 
Batch Normalization = True

Training Loss =  1.7825 , Train Accuracy =  0.4062 
Test Loss =  1.8298 , Test Accuracy =  0.3757

Current best = setup 16 , Test accuracy =  0.4211

Current Setup hyperparameters (setup  47  of  162 ):
----------------------
dnn_hidden_units =  128,512,384 
Batch size =  256 
Training rate =  1e-05 
Optimizer =  sgd 
Batch Normalization = True

Training Loss =  2.3335 , Train Accuracy =  0.1406 
Test Loss =  2.3056 , Test Accuracy =  0.1413

Current best = setup 16 , Test accuracy =  0.4211

Current Setup hyperparameters (setup  48  of  162 ):
----------------------
dnn_hidden_units =  128,512,384 
Batch size =  384 
Training rate =  1e-07 
Optimizer =  adam 
Batch Normalization = True

Training Loss =  2.3955 , Train Accuracy =  0.112 
Test Loss =  2.3823 , Test Accuracy =  0.1293

Current best = setup 16 , Test accuracy =  0.4211

Current Setup hyperparameters (setup  49  of  162 ):
----------------------
dnn_hidden_units =  128,512,384 
Batch size =  384 
Training rate =  1e-07 
Optimizer =  sgd 
Batch Normalization = True

Training Loss =  2.4118 , Train Accuracy =  0.0964 
Test Loss =  2.4166 , Test Accuracy =  0.0957

Current best = setup 16 , Test accuracy =  0.4211

Current Setup hyperparameters (setup  50  of  162 ):
----------------------
dnn_hidden_units =  128,512,384 
Batch size =  384 
Training rate =  5.05e-06 
Optimizer =  adam 
Batch Normalization = True

Training Loss =  1.8233 , Train Accuracy =  0.401 
Test Loss =  1.8743 , Test Accuracy =  0.3899

Current best = setup 16 , Test accuracy =  0.4211

Current Setup hyperparameters (setup  51  of  162 ):
----------------------
dnn_hidden_units =  128,512,384 
Batch size =  384 
Training rate =  5.05e-06 
Optimizer =  sgd 
Batch Normalization = True

Training Loss =  2.4982 , Train Accuracy =  0.112 
Test Loss =  2.4228 , Test Accuracy =  0.1265

Current best = setup 16 , Test accuracy =  0.4211

Current Setup hyperparameters (setup  52  of  162 ):
----------------------
dnn_hidden_units =  128,512,384 
Batch size =  384 
Training rate =  1e-05 
Optimizer =  adam 
Batch Normalization = True

Training Loss =  1.6132 , Train Accuracy =  0.4714 
Test Loss =  1.6773 , Test Accuracy =  0.4428

Current best = setup 52 , Test accuracy =  0.4428

Current Setup hyperparameters (setup  53  of  162 ):
----------------------
dnn_hidden_units =  128,512,384 
Batch size =  384 
Training rate =  1e-05 
Optimizer =  sgd 
Batch Normalization = True

Training Loss =  2.2979 , Train Accuracy =  0.1458 
Test Loss =  2.3394 , Test Accuracy =  0.1587

Current best = setup 52 , Test accuracy =  0.4428

Current Setup hyperparameters (setup  54  of  162 ):
----------------------
dnn_hidden_units =  512 
Batch size =  128 
Training rate =  1e-07 
Optimizer =  adam 
Batch Normalization = True

Training Loss =  2.3303 , Train Accuracy =  0.1797 
Test Loss =  2.2579 , Test Accuracy =  0.1847

Current best = setup 52 , Test accuracy =  0.4428

Current Setup hyperparameters (setup  55  of  162 ):
----------------------
dnn_hidden_units =  512 
Batch size =  128 
Training rate =  1e-07 
Optimizer =  sgd 
Batch Normalization = True

Training Loss =  2.3637 , Train Accuracy =  0.1484 
Test Loss =  2.4164 , Test Accuracy =  0.1009

Current best = setup 52 , Test accuracy =  0.4428

Current Setup hyperparameters (setup  56  of  162 ):
----------------------
dnn_hidden_units =  512 
Batch size =  128 
Training rate =  5.05e-06 
Optimizer =  adam 
Batch Normalization = True

Training Loss =  1.8245 , Train Accuracy =  0.3906 
Test Loss =  1.8322 , Test Accuracy =  0.3918

Current best = setup 52 , Test accuracy =  0.4428

Current Setup hyperparameters (setup  57  of  162 ):
----------------------
dnn_hidden_units =  512 
Batch size =  128 
Training rate =  5.05e-06 
Optimizer =  sgd 
Batch Normalization = True

Training Loss =  2.4366 , Train Accuracy =  0.1641 
Test Loss =  2.4083 , Test Accuracy =  0.1172

Current best = setup 52 , Test accuracy =  0.4428

Current Setup hyperparameters (setup  58  of  162 ):
----------------------
dnn_hidden_units =  512 
Batch size =  128 
Training rate =  1e-05 
Optimizer =  adam 
Batch Normalization = True

Training Loss =  1.9264 , Train Accuracy =  0.3359 
Test Loss =  1.9273 , Test Accuracy =  0.3672

Current best = setup 52 , Test accuracy =  0.4428

Current Setup hyperparameters (setup  59  of  162 ):
----------------------
dnn_hidden_units =  512 
Batch size =  128 
Training rate =  1e-05 
Optimizer =  sgd 
Batch Normalization = True

Training Loss =  2.2881 , Train Accuracy =  0.1641 
Test Loss =  2.2306 , Test Accuracy =  0.1873

Current best = setup 52 , Test accuracy =  0.4428

Current Setup hyperparameters (setup  60  of  162 ):
----------------------
dnn_hidden_units =  512 
Batch size =  256 
Training rate =  1e-07 
Optimizer =  adam 
Batch Normalization = True

Training Loss =  2.2953 , Train Accuracy =  0.1562 
Test Loss =  2.3053 , Test Accuracy =  0.1535

Current best = setup 52 , Test accuracy =  0.4428

Current Setup hyperparameters (setup  61  of  162 ):
----------------------
dnn_hidden_units =  512 
Batch size =  256 
Training rate =  1e-07 
Optimizer =  sgd 
Batch Normalization = True

Training Loss =  2.521 , Train Accuracy =  0.1055 
Test Loss =  2.4849 , Test Accuracy =  0.1127

Current best = setup 52 , Test accuracy =  0.4428

Current Setup hyperparameters (setup  62  of  162 ):
----------------------
dnn_hidden_units =  512 
Batch size =  256 
Training rate =  5.05e-06 
Optimizer =  adam 
Batch Normalization = True

Training Loss =  1.7058 , Train Accuracy =  0.4844 
Test Loss =  1.8091 , Test Accuracy =  0.4006

Current best = setup 52 , Test accuracy =  0.4428

Current Setup hyperparameters (setup  63  of  162 ):
----------------------
dnn_hidden_units =  512 
Batch size =  256 
Training rate =  5.05e-06 
Optimizer =  sgd 
Batch Normalization = True

Training Loss =  2.333 , Train Accuracy =  0.1367 
Test Loss =  2.3547 , Test Accuracy =  0.127

Current best = setup 52 , Test accuracy =  0.4428

Current Setup hyperparameters (setup  64  of  162 ):
----------------------
dnn_hidden_units =  512 
Batch size =  256 
Training rate =  1e-05 
Optimizer =  adam 
Batch Normalization = True

Training Loss =  1.615 , Train Accuracy =  0.5742 
Test Loss =  1.7545 , Test Accuracy =  0.4378

Current best = setup 52 , Test accuracy =  0.4428

Current Setup hyperparameters (setup  65  of  162 ):
----------------------
dnn_hidden_units =  512 
Batch size =  256 
Training rate =  1e-05 
Optimizer =  sgd 
Batch Normalization = True

Training Loss =  2.2816 , Train Accuracy =  0.168 
Test Loss =  2.2798 , Test Accuracy =  0.1613

Current best = setup 52 , Test accuracy =  0.4428

Current Setup hyperparameters (setup  66  of  162 ):
----------------------
dnn_hidden_units =  512 
Batch size =  384 
Training rate =  1e-07 
Optimizer =  adam 
Batch Normalization = True

Training Loss =  2.2428 , Train Accuracy =  0.1823 
Test Loss =  2.235 , Test Accuracy =  0.1828

Current best = setup 52 , Test accuracy =  0.4428

Current Setup hyperparameters (setup  67  of  162 ):
----------------------
dnn_hidden_units =  512 
Batch size =  384 
Training rate =  1e-07 
Optimizer =  sgd 
Batch Normalization = True

Training Loss =  2.4403 , Train Accuracy =  0.1016 
Test Loss =  2.4255 , Test Accuracy =  0.1011

Current best = setup 52 , Test accuracy =  0.4428

Current Setup hyperparameters (setup  68  of  162 ):
----------------------
dnn_hidden_units =  512 
Batch size =  384 
Training rate =  5.05e-06 
Optimizer =  adam 
Batch Normalization = True

Training Loss =  1.7906 , Train Accuracy =  0.4609 
Test Loss =  1.8594 , Test Accuracy =  0.3895

Current best = setup 52 , Test accuracy =  0.4428

Current Setup hyperparameters (setup  69  of  162 ):
----------------------
dnn_hidden_units =  512 
Batch size =  384 
Training rate =  5.05e-06 
Optimizer =  sgd 
Batch Normalization = True

Training Loss =  2.3073 , Train Accuracy =  0.1432 
Test Loss =  2.3567 , Test Accuracy =  0.1252

Current best = setup 52 , Test accuracy =  0.4428

Current Setup hyperparameters (setup  70  of  162 ):
----------------------
dnn_hidden_units =  512 
Batch size =  384 
Training rate =  1e-05 
Optimizer =  adam 
Batch Normalization = True

Training Loss =  1.725 , Train Accuracy =  0.4792 
Test Loss =  1.7686 , Test Accuracy =  0.4414

Current best = setup 52 , Test accuracy =  0.4428

Current Setup hyperparameters (setup  71  of  162 ):
----------------------
dnn_hidden_units =  512 
Batch size =  384 
Training rate =  1e-05 
Optimizer =  sgd 
Batch Normalization = True

Training Loss =  2.2772 , Train Accuracy =  0.151 
Test Loss =  2.2616 , Test Accuracy =  0.18

Current best = setup 52 , Test accuracy =  0.4428

Current Setup hyperparameters (setup  72  of  162 ):
----------------------
dnn_hidden_units =  128,512 
Batch size =  128 
Training rate =  1e-07 
Optimizer =  adam 
Batch Normalization = True

Training Loss =  2.3085 , Train Accuracy =  0.1641 
Test Loss =  2.3203 , Test Accuracy =  0.1545

Current best = setup 52 , Test accuracy =  0.4428

Current Setup hyperparameters (setup  73  of  162 ):
----------------------
dnn_hidden_units =  128,512 
Batch size =  128 
Training rate =  1e-07 
Optimizer =  sgd 
Batch Normalization = True

Training Loss =  2.4165 , Train Accuracy =  0.0938 
Test Loss =  2.4099 , Test Accuracy =  0.1024

Current best = setup 52 , Test accuracy =  0.4428

Current Setup hyperparameters (setup  74  of  162 ):
----------------------
dnn_hidden_units =  128,512 
Batch size =  128 
Training rate =  5.05e-06 
Optimizer =  adam 
Batch Normalization = True

Training Loss =  1.9239 , Train Accuracy =  0.3359 
Test Loss =  1.935 , Test Accuracy =  0.3458

Current best = setup 52 , Test accuracy =  0.4428

Current Setup hyperparameters (setup  75  of  162 ):
----------------------
dnn_hidden_units =  128,512 
Batch size =  128 
Training rate =  5.05e-06 
Optimizer =  sgd 
Batch Normalization = True

Training Loss =  2.3963 , Train Accuracy =  0.0859 
Test Loss =  2.3349 , Test Accuracy =  0.1302

Current best = setup 52 , Test accuracy =  0.4428

Current Setup hyperparameters (setup  76  of  162 ):
----------------------
dnn_hidden_units =  128,512 
Batch size =  128 
Training rate =  1e-05 
Optimizer =  adam 
Batch Normalization = True

Training Loss =  1.7391 , Train Accuracy =  0.4297 
Test Loss =  1.8265 , Test Accuracy =  0.3904

Current best = setup 52 , Test accuracy =  0.4428

Current Setup hyperparameters (setup  77  of  162 ):
----------------------
dnn_hidden_units =  128,512 
Batch size =  128 
Training rate =  1e-05 
Optimizer =  sgd 
Batch Normalization = True

Training Loss =  2.2938 , Train Accuracy =  0.1641 
Test Loss =  2.2867 , Test Accuracy =  0.1551

Current best = setup 52 , Test accuracy =  0.4428

Current Setup hyperparameters (setup  78  of  162 ):
----------------------
dnn_hidden_units =  128,512 
Batch size =  256 
Training rate =  1e-07 
Optimizer =  adam 
Batch Normalization = True

Training Loss =  2.3358 , Train Accuracy =  0.1211 
Test Loss =  2.3754 , Test Accuracy =  0.1229

Current best = setup 52 , Test accuracy =  0.4428

Current Setup hyperparameters (setup  79  of  162 ):
----------------------
dnn_hidden_units =  128,512 
Batch size =  256 
Training rate =  1e-07 
Optimizer =  sgd 
Batch Normalization = True

Training Loss =  2.4452 , Train Accuracy =  0.082 
Test Loss =  2.4677 , Test Accuracy =  0.1132

Current best = setup 52 , Test accuracy =  0.4428

Current Setup hyperparameters (setup  80  of  162 ):
----------------------
dnn_hidden_units =  128,512 
Batch size =  256 
Training rate =  5.05e-06 
Optimizer =  adam 
Batch Normalization = True

Training Loss =  2.0077 , Train Accuracy =  0.3555 
Test Loss =  2.0151 , Test Accuracy =  0.3428

Current best = setup 52 , Test accuracy =  0.4428

Current Setup hyperparameters (setup  81  of  162 ):
----------------------
dnn_hidden_units =  128,512 
Batch size =  256 
Training rate =  5.05e-06 
Optimizer =  sgd 
Batch Normalization = True

Training Loss =  2.3611 , Train Accuracy =  0.1328 
Test Loss =  2.3524 , Test Accuracy =  0.1217

Current best = setup 52 , Test accuracy =  0.4428

Current Setup hyperparameters (setup  82  of  162 ):
----------------------
dnn_hidden_units =  128,512 
Batch size =  256 
Training rate =  1e-05 
Optimizer =  adam 
Batch Normalization = True

Training Loss =  1.7626 , Train Accuracy =  0.4297 
Test Loss =  1.7827 , Test Accuracy =  0.4207

Current best = setup 52 , Test accuracy =  0.4428

Current Setup hyperparameters (setup  83  of  162 ):
----------------------
dnn_hidden_units =  128,512 
Batch size =  256 
Training rate =  1e-05 
Optimizer =  sgd 
Batch Normalization = True

Training Loss =  2.3107 , Train Accuracy =  0.1328 
Test Loss =  2.2873 , Test Accuracy =  0.149

Current best = setup 52 , Test accuracy =  0.4428

Current Setup hyperparameters (setup  84  of  162 ):
----------------------
dnn_hidden_units =  128,512 
Batch size =  384 
Training rate =  1e-07 
Optimizer =  adam 
Batch Normalization = True

Training Loss =  2.3077 , Train Accuracy =  0.1745 
Test Loss =  2.3471 , Test Accuracy =  0.1464

Current best = setup 52 , Test accuracy =  0.4428

Current Setup hyperparameters (setup  85  of  162 ):
----------------------
dnn_hidden_units =  128,512 
Batch size =  384 
Training rate =  1e-07 
Optimizer =  sgd 
Batch Normalization = True

Training Loss =  2.4337 , Train Accuracy =  0.099 
Test Loss =  2.4421 , Test Accuracy =  0.0979

Current best = setup 52 , Test accuracy =  0.4428

Current Setup hyperparameters (setup  86  of  162 ):
----------------------
dnn_hidden_units =  128,512 
Batch size =  384 
Training rate =  5.05e-06 
Optimizer =  adam 
Batch Normalization = True

Training Loss =  1.7701 , Train Accuracy =  0.4219 
Test Loss =  1.8447 , Test Accuracy =  0.366

Current best = setup 52 , Test accuracy =  0.4428

Current Setup hyperparameters (setup  87  of  162 ):
----------------------
dnn_hidden_units =  128,512 
Batch size =  384 
Training rate =  5.05e-06 
Optimizer =  sgd 
Batch Normalization = True

Training Loss =  2.3908 , Train Accuracy =  0.1224 
Test Loss =  2.3666 , Test Accuracy =  0.1259

Current best = setup 52 , Test accuracy =  0.4428

Current Setup hyperparameters (setup  88  of  162 ):
----------------------
dnn_hidden_units =  128,512 
Batch size =  384 
Training rate =  1e-05 
Optimizer =  adam 
Batch Normalization = True

Training Loss =  1.853 , Train Accuracy =  0.3932 
Test Loss =  1.8318 , Test Accuracy =  0.4039

Current best = setup 52 , Test accuracy =  0.4428

Current Setup hyperparameters (setup  89  of  162 ):
----------------------
dnn_hidden_units =  128,512 
Batch size =  384 
Training rate =  1e-05 
Optimizer =  sgd 
Batch Normalization = True

Training Loss =  2.2594 , Train Accuracy =  0.1745 
Test Loss =  2.247 , Test Accuracy =  0.1837

Current best = setup 52 , Test accuracy =  0.4428

Current Setup hyperparameters (setup  90  of  162 ):
----------------------
dnn_hidden_units =  512,128,384 
Batch size =  128 
Training rate =  1e-07 
Optimizer =  adam 
Batch Normalization = True

Training Loss =  2.3292 , Train Accuracy =  0.1406 
Test Loss =  2.3342 , Test Accuracy =  0.1457

Current best = setup 52 , Test accuracy =  0.4428

Current Setup hyperparameters (setup  91  of  162 ):
----------------------
dnn_hidden_units =  512,128,384 
Batch size =  128 
Training rate =  1e-07 
Optimizer =  sgd 
Batch Normalization = True

Training Loss =  2.4392 , Train Accuracy =  0.1016 
Test Loss =  2.5534 , Test Accuracy =  0.0839

Current best = setup 52 , Test accuracy =  0.4428

Current Setup hyperparameters (setup  92  of  162 ):
----------------------
dnn_hidden_units =  512,128,384 
Batch size =  128 
Training rate =  5.05e-06 
Optimizer =  adam 
Batch Normalization = True

Training Loss =  1.9075 , Train Accuracy =  0.3125 
Test Loss =  1.9601 , Test Accuracy =  0.3248

Current best = setup 52 , Test accuracy =  0.4428

Current Setup hyperparameters (setup  93  of  162 ):
----------------------
dnn_hidden_units =  512,128,384 
Batch size =  128 
Training rate =  5.05e-06 
Optimizer =  sgd 
Batch Normalization = True

Training Loss =  2.3441 , Train Accuracy =  0.1094 
Test Loss =  2.3507 , Test Accuracy =  0.1164

Current best = setup 52 , Test accuracy =  0.4428

Current Setup hyperparameters (setup  94  of  162 ):
----------------------
dnn_hidden_units =  512,128,384 
Batch size =  128 
Training rate =  1e-05 
Optimizer =  adam 
Batch Normalization = True

Training Loss =  1.6697 , Train Accuracy =  0.5078 
Test Loss =  1.7544 , Test Accuracy =  0.4241

Current best = setup 52 , Test accuracy =  0.4428

Current Setup hyperparameters (setup  95  of  162 ):
----------------------
dnn_hidden_units =  512,128,384 
Batch size =  128 
Training rate =  1e-05 
Optimizer =  sgd 
Batch Normalization = True

Training Loss =  2.2486 , Train Accuracy =  0.1562 
Test Loss =  2.2909 , Test Accuracy =  0.1767

Current best = setup 52 , Test accuracy =  0.4428

Current Setup hyperparameters (setup  96  of  162 ):
----------------------
dnn_hidden_units =  512,128,384 
Batch size =  256 
Training rate =  1e-07 
Optimizer =  adam 
Batch Normalization = True

Training Loss =  2.2338 , Train Accuracy =  0.1797 
Test Loss =  2.2634 , Test Accuracy =  0.1772

Current best = setup 52 , Test accuracy =  0.4428

Current Setup hyperparameters (setup  97  of  162 ):
----------------------
dnn_hidden_units =  512,128,384 
Batch size =  256 
Training rate =  1e-07 
Optimizer =  sgd 
Batch Normalization = True

Training Loss =  2.4644 , Train Accuracy =  0.0898 
Test Loss =  2.436 , Test Accuracy =  0.0976

Current best = setup 52 , Test accuracy =  0.4428

Current Setup hyperparameters (setup  98  of  162 ):
----------------------
dnn_hidden_units =  512,128,384 
Batch size =  256 
Training rate =  5.05e-06 
Optimizer =  adam 
Batch Normalization = True

Training Loss =  1.8411 , Train Accuracy =  0.3945 
Test Loss =  1.8917 , Test Accuracy =  0.3659

Current best = setup 52 , Test accuracy =  0.4428

Current Setup hyperparameters (setup  99  of  162 ):
----------------------
dnn_hidden_units =  512,128,384 
Batch size =  256 
Training rate =  5.05e-06 
Optimizer =  sgd 
Batch Normalization = True

Training Loss =  2.3743 , Train Accuracy =  0.1484 
Test Loss =  2.3636 , Test Accuracy =  0.1398

Current best = setup 52 , Test accuracy =  0.4428

Current Setup hyperparameters (setup  100  of  162 ):
----------------------
dnn_hidden_units =  512,128,384 
Batch size =  256 
Training rate =  1e-05 
Optimizer =  adam 
Batch Normalization = True

Training Loss =  1.7365 , Train Accuracy =  0.4492 
Test Loss =  1.8026 , Test Accuracy =  0.4072

Current best = setup 52 , Test accuracy =  0.4428

Current Setup hyperparameters (setup  101  of  162 ):
----------------------
dnn_hidden_units =  512,128,384 
Batch size =  256 
Training rate =  1e-05 
Optimizer =  sgd 
Batch Normalization = True

Training Loss =  2.3297 , Train Accuracy =  0.1328 
Test Loss =  2.3296 , Test Accuracy =  0.1409

Current best = setup 52 , Test accuracy =  0.4428

Current Setup hyperparameters (setup  102  of  162 ):
----------------------
dnn_hidden_units =  512,128,384 
Batch size =  384 
Training rate =  1e-07 
Optimizer =  adam 
Batch Normalization = True

Training Loss =  2.3129 , Train Accuracy =  0.1458 
Test Loss =  2.2687 , Test Accuracy =  0.1782

Current best = setup 52 , Test accuracy =  0.4428

Current Setup hyperparameters (setup  103  of  162 ):
----------------------
dnn_hidden_units =  512,128,384 
Batch size =  384 
Training rate =  1e-07 
Optimizer =  sgd 
Batch Normalization = True

Training Loss =  2.442 , Train Accuracy =  0.0911 
Test Loss =  2.4179 , Test Accuracy =  0.1046

Current best = setup 52 , Test accuracy =  0.4428

Current Setup hyperparameters (setup  104  of  162 ):
----------------------
dnn_hidden_units =  512,128,384 
Batch size =  384 
Training rate =  5.05e-06 
Optimizer =  adam 
Batch Normalization = True

Training Loss =  1.8921 , Train Accuracy =  0.4297 
Test Loss =  1.942 , Test Accuracy =  0.4047

Current best = setup 52 , Test accuracy =  0.4428

Current Setup hyperparameters (setup  105  of  162 ):
----------------------
dnn_hidden_units =  512,128,384 
Batch size =  384 
Training rate =  5.05e-06 
Optimizer =  sgd 
Batch Normalization = True

Training Loss =  2.3221 , Train Accuracy =  0.1589 
Test Loss =  2.3556 , Test Accuracy =  0.1287

Current best = setup 52 , Test accuracy =  0.4428

Current Setup hyperparameters (setup  106  of  162 ):
----------------------
dnn_hidden_units =  512,128,384 
Batch size =  384 
Training rate =  1e-05 
Optimizer =  adam 
Batch Normalization = True

Training Loss =  1.5545 , Train Accuracy =  0.487 
Test Loss =  1.6775 , Test Accuracy =  0.4465

Current best = setup 106 , Test accuracy =  0.4465

Current Setup hyperparameters (setup  107  of  162 ):
----------------------
dnn_hidden_units =  512,128,384 
Batch size =  384 
Training rate =  1e-05 
Optimizer =  sgd 
Batch Normalization = True

Training Loss =  2.3413 , Train Accuracy =  0.1198 
Test Loss =  2.3219 , Test Accuracy =  0.1435

Current best = setup 106 , Test accuracy =  0.4465

Current Setup hyperparameters (setup  108  of  162 ):
----------------------
dnn_hidden_units =  512 
Batch size =  128 
Training rate =  1e-07 
Optimizer =  adam 
Batch Normalization = True

Training Loss =  2.2439 , Train Accuracy =  0.1953 
Test Loss =  2.2609 , Test Accuracy =  0.1736

Current best = setup 106 , Test accuracy =  0.4465

Current Setup hyperparameters (setup  109  of  162 ):
----------------------
dnn_hidden_units =  512 
Batch size =  128 
Training rate =  1e-07 
Optimizer =  sgd 
Batch Normalization = True

Training Loss =  2.5937 , Train Accuracy =  0.0547 
Test Loss =  2.4986 , Test Accuracy =  0.1054

Current best = setup 106 , Test accuracy =  0.4465

Current Setup hyperparameters (setup  110  of  162 ):
----------------------
dnn_hidden_units =  512 
Batch size =  128 
Training rate =  5.05e-06 
Optimizer =  adam 
Batch Normalization = True

Training Loss =  1.754 , Train Accuracy =  0.4219 
Test Loss =  1.7785 , Test Accuracy =  0.4054

Current best = setup 106 , Test accuracy =  0.4465

Current Setup hyperparameters (setup  111  of  162 ):
----------------------
dnn_hidden_units =  512 
Batch size =  128 
Training rate =  5.05e-06 
Optimizer =  sgd 
Batch Normalization = True

Training Loss =  2.326 , Train Accuracy =  0.1406 
Test Loss =  2.3117 , Test Accuracy =  0.1407

Current best = setup 106 , Test accuracy =  0.4465

Current Setup hyperparameters (setup  112  of  162 ):
----------------------
dnn_hidden_units =  512 
Batch size =  128 
Training rate =  1e-05 
Optimizer =  adam 
Batch Normalization = True

Training Loss =  1.7988 , Train Accuracy =  0.4688 
Test Loss =  1.8868 , Test Accuracy =  0.3847

Current best = setup 106 , Test accuracy =  0.4465

Current Setup hyperparameters (setup  113  of  162 ):
----------------------
dnn_hidden_units =  512 
Batch size =  128 
Training rate =  1e-05 
Optimizer =  sgd 
Batch Normalization = True

Training Loss =  2.2393 , Train Accuracy =  0.1406 
Test Loss =  2.2742 , Test Accuracy =  0.1485

Current best = setup 106 , Test accuracy =  0.4465

Current Setup hyperparameters (setup  114  of  162 ):
----------------------
dnn_hidden_units =  512 
Batch size =  256 
Training rate =  1e-07 
Optimizer =  adam 
Batch Normalization = True

Training Loss =  2.2001 , Train Accuracy =  0.2383 
Test Loss =  2.2153 , Test Accuracy =  0.1937

Current best = setup 106 , Test accuracy =  0.4465

Current Setup hyperparameters (setup  115  of  162 ):
----------------------
dnn_hidden_units =  512 
Batch size =  256 
Training rate =  1e-07 
Optimizer =  sgd 
Batch Normalization = True

Training Loss =  2.4823 , Train Accuracy =  0.0977 
Test Loss =  2.4675 , Test Accuracy =  0.0915

Current best = setup 106 , Test accuracy =  0.4465

Current Setup hyperparameters (setup  116  of  162 ):
----------------------
dnn_hidden_units =  512 
Batch size =  256 
Training rate =  5.05e-06 
Optimizer =  adam 
Batch Normalization = True

Training Loss =  1.6637 , Train Accuracy =  0.4766 
Test Loss =  1.7398 , Test Accuracy =  0.4307

Current best = setup 106 , Test accuracy =  0.4465

Current Setup hyperparameters (setup  117  of  162 ):
----------------------
dnn_hidden_units =  512 
Batch size =  256 
Training rate =  5.05e-06 
Optimizer =  sgd 
Batch Normalization = True

Training Loss =  2.261 , Train Accuracy =  0.168 
Test Loss =  2.2545 , Test Accuracy =  0.164

Current best = setup 106 , Test accuracy =  0.4465

Current Setup hyperparameters (setup  118  of  162 ):
----------------------
dnn_hidden_units =  512 
Batch size =  256 
Training rate =  1e-05 
Optimizer =  adam 
Batch Normalization = True

Training Loss =  1.8523 , Train Accuracy =  0.4102 
Test Loss =  1.8615 , Test Accuracy =  0.4151

Current best = setup 106 , Test accuracy =  0.4465

Current Setup hyperparameters (setup  119  of  162 ):
----------------------
dnn_hidden_units =  512 
Batch size =  256 
Training rate =  1e-05 
Optimizer =  sgd 
Batch Normalization = True

Training Loss =  2.2553 , Train Accuracy =  0.168 
Test Loss =  2.2729 , Test Accuracy =  0.1417

Current best = setup 106 , Test accuracy =  0.4465

Current Setup hyperparameters (setup  120  of  162 ):
----------------------
dnn_hidden_units =  512 
Batch size =  384 
Training rate =  1e-07 
Optimizer =  adam 
Batch Normalization = True

Training Loss =  2.2407 , Train Accuracy =  0.2135 
Test Loss =  2.1685 , Test Accuracy =  0.2281

Current best = setup 106 , Test accuracy =  0.4465

Current Setup hyperparameters (setup  121  of  162 ):
----------------------
dnn_hidden_units =  512 
Batch size =  384 
Training rate =  1e-07 
Optimizer =  sgd 
Batch Normalization = True

Training Loss =  2.4688 , Train Accuracy =  0.0833 
Test Loss =  2.4374 , Test Accuracy =  0.1028

Current best = setup 106 , Test accuracy =  0.4465

Current Setup hyperparameters (setup  122  of  162 ):
----------------------
dnn_hidden_units =  512 
Batch size =  384 
Training rate =  5.05e-06 
Optimizer =  adam 
Batch Normalization = True

Training Loss =  1.7999 , Train Accuracy =  0.4323 
Test Loss =  1.8622 , Test Accuracy =  0.4015

Current best = setup 106 , Test accuracy =  0.4465

Current Setup hyperparameters (setup  123  of  162 ):
----------------------
dnn_hidden_units =  512 
Batch size =  384 
Training rate =  5.05e-06 
Optimizer =  sgd 
Batch Normalization = True

Training Loss =  2.2812 , Train Accuracy =  0.1432 
Test Loss =  2.3386 , Test Accuracy =  0.1269

Current best = setup 106 , Test accuracy =  0.4465

Current Setup hyperparameters (setup  124  of  162 ):
----------------------
dnn_hidden_units =  512 
Batch size =  384 
Training rate =  1e-05 
Optimizer =  adam 
Batch Normalization = True

Training Loss =  1.7935 , Train Accuracy =  0.4557 
Test Loss =  1.8696 , Test Accuracy =  0.406

Current best = setup 106 , Test accuracy =  0.4465

Current Setup hyperparameters (setup  125  of  162 ):
----------------------
dnn_hidden_units =  512 
Batch size =  384 
Training rate =  1e-05 
Optimizer =  sgd 
Batch Normalization = True

Training Loss =  2.2414 , Train Accuracy =  0.2005 
Test Loss =  2.2459 , Test Accuracy =  0.1872

Current best = setup 106 , Test accuracy =  0.4465

Current Setup hyperparameters (setup  126  of  162 ):
----------------------
dnn_hidden_units =  128,256 
Batch size =  128 
Training rate =  1e-07 
Optimizer =  adam 
Batch Normalization = True

Training Loss =  2.5109 , Train Accuracy =  0.1172 
Test Loss =  2.4375 , Test Accuracy =  0.1332

Current best = setup 106 , Test accuracy =  0.4465

Current Setup hyperparameters (setup  127  of  162 ):
----------------------
dnn_hidden_units =  128,256 
Batch size =  128 
Training rate =  1e-07 
Optimizer =  sgd 
Batch Normalization = True

Training Loss =  2.5076 , Train Accuracy =  0.0781 
Test Loss =  2.5277 , Test Accuracy =  0.0992

Current best = setup 106 , Test accuracy =  0.4465

Current Setup hyperparameters (setup  128  of  162 ):
----------------------
dnn_hidden_units =  128,256 
Batch size =  128 
Training rate =  5.05e-06 
Optimizer =  adam 
Batch Normalization = True

Training Loss =  2.0139 , Train Accuracy =  0.2891 
Test Loss =  2.044 , Test Accuracy =  0.2956

Current best = setup 106 , Test accuracy =  0.4465

Current Setup hyperparameters (setup  129  of  162 ):
----------------------
dnn_hidden_units =  128,256 
Batch size =  128 
Training rate =  5.05e-06 
Optimizer =  sgd 
Batch Normalization = True

Training Loss =  2.4544 , Train Accuracy =  0.0938 
Test Loss =  2.371 , Test Accuracy =  0.1289

Current best = setup 106 , Test accuracy =  0.4465

Current Setup hyperparameters (setup  130  of  162 ):
----------------------
dnn_hidden_units =  128,256 
Batch size =  128 
Training rate =  1e-05 
Optimizer =  adam 
Batch Normalization = True

Training Loss =  1.9315 , Train Accuracy =  0.3594 
Test Loss =  1.9496 , Test Accuracy =  0.3696

Current best = setup 106 , Test accuracy =  0.4465

Current Setup hyperparameters (setup  131  of  162 ):
----------------------
dnn_hidden_units =  128,256 
Batch size =  128 
Training rate =  1e-05 
Optimizer =  sgd 
Batch Normalization = True

Training Loss =  2.2552 , Train Accuracy =  0.1797 
Test Loss =  2.2835 , Test Accuracy =  0.179

Current best = setup 106 , Test accuracy =  0.4465

Current Setup hyperparameters (setup  132  of  162 ):
----------------------
dnn_hidden_units =  128,256 
Batch size =  256 
Training rate =  1e-07 
Optimizer =  adam 
Batch Normalization = True

Training Loss =  2.2982 , Train Accuracy =  0.1445 
Test Loss =  2.2883 , Test Accuracy =  0.1592

Current best = setup 106 , Test accuracy =  0.4465

Current Setup hyperparameters (setup  133  of  162 ):
----------------------
dnn_hidden_units =  128,256 
Batch size =  256 
Training rate =  1e-07 
Optimizer =  sgd 
Batch Normalization = True

Training Loss =  2.5568 , Train Accuracy =  0.0859 
Test Loss =  2.5353 , Test Accuracy =  0.0858

Current best = setup 106 , Test accuracy =  0.4465

Current Setup hyperparameters (setup  134  of  162 ):
----------------------
dnn_hidden_units =  128,256 
Batch size =  256 
Training rate =  5.05e-06 
Optimizer =  adam 
Batch Normalization = True

Training Loss =  1.9724 , Train Accuracy =  0.3594 
Test Loss =  2.01 , Test Accuracy =  0.3304

Current best = setup 106 , Test accuracy =  0.4465

Current Setup hyperparameters (setup  135  of  162 ):
----------------------
dnn_hidden_units =  128,256 
Batch size =  256 
Training rate =  5.05e-06 
Optimizer =  sgd 
Batch Normalization = True

Training Loss =  2.3916 , Train Accuracy =  0.1406 
Test Loss =  2.3981 , Test Accuracy =  0.1395

Current best = setup 106 , Test accuracy =  0.4465

Current Setup hyperparameters (setup  136  of  162 ):
----------------------
dnn_hidden_units =  128,256 
Batch size =  256 
Training rate =  1e-05 
Optimizer =  adam 
Batch Normalization = True

Training Loss =  1.7959 , Train Accuracy =  0.3867 
Test Loss =  1.816 , Test Accuracy =  0.3948

Current best = setup 106 , Test accuracy =  0.4465

Current Setup hyperparameters (setup  137  of  162 ):
----------------------
dnn_hidden_units =  128,256 
Batch size =  256 
Training rate =  1e-05 
Optimizer =  sgd 
Batch Normalization = True

Training Loss =  2.2002 , Train Accuracy =  0.1992 
Test Loss =  2.2594 , Test Accuracy =  0.1801

Current best = setup 106 , Test accuracy =  0.4465

Current Setup hyperparameters (setup  138  of  162 ):
----------------------
dnn_hidden_units =  128,256 
Batch size =  384 
Training rate =  1e-07 
Optimizer =  adam 
Batch Normalization = True

Training Loss =  2.3656 , Train Accuracy =  0.1198 
Test Loss =  2.3517 , Test Accuracy =  0.1246

Current best = setup 106 , Test accuracy =  0.4465

Current Setup hyperparameters (setup  139  of  162 ):
----------------------
dnn_hidden_units =  128,256 
Batch size =  384 
Training rate =  1e-07 
Optimizer =  sgd 
Batch Normalization = True

Training Loss =  2.4021 , Train Accuracy =  0.0859 
Test Loss =  2.4198 , Test Accuracy =  0.1094

Current best = setup 106 , Test accuracy =  0.4465

Current Setup hyperparameters (setup  140  of  162 ):
----------------------
dnn_hidden_units =  128,256 
Batch size =  384 
Training rate =  5.05e-06 
Optimizer =  adam 
Batch Normalization = True

Training Loss =  1.9752 , Train Accuracy =  0.3255 
Test Loss =  2.0094 , Test Accuracy =  0.3153

Current best = setup 106 , Test accuracy =  0.4465

Current Setup hyperparameters (setup  141  of  162 ):
----------------------
dnn_hidden_units =  128,256 
Batch size =  384 
Training rate =  5.05e-06 
Optimizer =  sgd 
Batch Normalization = True

Training Loss =  2.3575 , Train Accuracy =  0.125 
Test Loss =  2.3635 , Test Accuracy =  0.1338

Current best = setup 106 , Test accuracy =  0.4465

Current Setup hyperparameters (setup  142  of  162 ):
----------------------
dnn_hidden_units =  128,256 
Batch size =  384 
Training rate =  1e-05 
Optimizer =  adam 
Batch Normalization = True

Training Loss =  1.7756 , Train Accuracy =  0.3828 
Test Loss =  1.799 , Test Accuracy =  0.4006

Current best = setup 106 , Test accuracy =  0.4465

Current Setup hyperparameters (setup  143  of  162 ):
----------------------
dnn_hidden_units =  128,256 
Batch size =  384 
Training rate =  1e-05 
Optimizer =  sgd 
Batch Normalization = True

Training Loss =  2.3119 , Train Accuracy =  0.1406 
Test Loss =  2.3648 , Test Accuracy =  0.1215

Current best = setup 106 , Test accuracy =  0.4465

Current Setup hyperparameters (setup  144  of  162 ):
----------------------
dnn_hidden_units =  256,128,512 
Batch size =  128 
Training rate =  1e-07 
Optimizer =  adam 
Batch Normalization = True

Training Loss =  2.2633 , Train Accuracy =  0.1953 
Test Loss =  2.3137 , Test Accuracy =  0.1537

Current best = setup 106 , Test accuracy =  0.4465

Current Setup hyperparameters (setup  145  of  162 ):
----------------------
dnn_hidden_units =  256,128,512 
Batch size =  128 
Training rate =  1e-07 
Optimizer =  sgd 
Batch Normalization = True

Training Loss =  2.3689 , Train Accuracy =  0.1016 
Test Loss =  2.3374 , Test Accuracy =  0.1288

Current best = setup 106 , Test accuracy =  0.4465

Current Setup hyperparameters (setup  146  of  162 ):
----------------------
dnn_hidden_units =  256,128,512 
Batch size =  128 
Training rate =  5.05e-06 
Optimizer =  adam 
Batch Normalization = True

Training Loss =  1.9111 , Train Accuracy =  0.3828 
Test Loss =  1.8864 , Test Accuracy =  0.3675

Current best = setup 106 , Test accuracy =  0.4465

Current Setup hyperparameters (setup  147  of  162 ):
----------------------
dnn_hidden_units =  256,128,512 
Batch size =  128 
Training rate =  5.05e-06 
Optimizer =  sgd 
Batch Normalization = True

Training Loss =  2.3447 , Train Accuracy =  0.0859 
Test Loss =  2.3265 , Test Accuracy =  0.1069

Current best = setup 106 , Test accuracy =  0.4465

Current Setup hyperparameters (setup  148  of  162 ):
----------------------
dnn_hidden_units =  256,128,512 
Batch size =  128 
Training rate =  1e-05 
Optimizer =  adam 
Batch Normalization = True

Training Loss =  1.7313 , Train Accuracy =  0.4375 
Test Loss =  1.7732 , Test Accuracy =  0.4099

Current best = setup 106 , Test accuracy =  0.4465

Current Setup hyperparameters (setup  149  of  162 ):
----------------------
dnn_hidden_units =  256,128,512 
Batch size =  128 
Training rate =  1e-05 
Optimizer =  sgd 
Batch Normalization = True

Training Loss =  2.3677 , Train Accuracy =  0.1641 
Test Loss =  2.3058 , Test Accuracy =  0.1571

Current best = setup 106 , Test accuracy =  0.4465

Current Setup hyperparameters (setup  150  of  162 ):
----------------------
dnn_hidden_units =  256,128,512 
Batch size =  256 
Training rate =  1e-07 
Optimizer =  adam 
Batch Normalization = True

Training Loss =  2.2952 , Train Accuracy =  0.1797 
Test Loss =  2.3527 , Test Accuracy =  0.1366

Current best = setup 106 , Test accuracy =  0.4465

Current Setup hyperparameters (setup  151  of  162 ):
----------------------
dnn_hidden_units =  256,128,512 
Batch size =  256 
Training rate =  1e-07 
Optimizer =  sgd 
Batch Normalization = True

Training Loss =  2.4053 , Train Accuracy =  0.1172 
Test Loss =  2.4203 , Test Accuracy =  0.1141

Current best = setup 106 , Test accuracy =  0.4465

Current Setup hyperparameters (setup  152  of  162 ):
----------------------
dnn_hidden_units =  256,128,512 
Batch size =  256 
Training rate =  5.05e-06 
Optimizer =  adam 
Batch Normalization = True

Training Loss =  1.9733 , Train Accuracy =  0.3398 
Test Loss =  1.9554 , Test Accuracy =  0.3358

Current best = setup 106 , Test accuracy =  0.4465

Current Setup hyperparameters (setup  153  of  162 ):
----------------------
dnn_hidden_units =  256,128,512 
Batch size =  256 
Training rate =  5.05e-06 
Optimizer =  sgd 
Batch Normalization = True

Training Loss =  2.4068 , Train Accuracy =  0.1289 
Test Loss =  2.4179 , Test Accuracy =  0.1184

Current best = setup 106 , Test accuracy =  0.4465

Current Setup hyperparameters (setup  154  of  162 ):
----------------------
dnn_hidden_units =  256,128,512 
Batch size =  256 
Training rate =  1e-05 
Optimizer =  adam 
Batch Normalization = True

Training Loss =  1.708 , Train Accuracy =  0.4609 
Test Loss =  1.8042 , Test Accuracy =  0.41

Current best = setup 106 , Test accuracy =  0.4465

Current Setup hyperparameters (setup  155  of  162 ):
----------------------
dnn_hidden_units =  256,128,512 
Batch size =  256 
Training rate =  1e-05 
Optimizer =  sgd 
Batch Normalization = True

Training Loss =  2.2765 , Train Accuracy =  0.1758 
Test Loss =  2.2956 , Test Accuracy =  0.1581

Current best = setup 106 , Test accuracy =  0.4465

Current Setup hyperparameters (setup  156  of  162 ):
----------------------
dnn_hidden_units =  256,128,512 
Batch size =  384 
Training rate =  1e-07 
Optimizer =  adam 
Batch Normalization = True

Training Loss =  2.3102 , Train Accuracy =  0.151 
Test Loss =  2.3573 , Test Accuracy =  0.1493

Current best = setup 106 , Test accuracy =  0.4465

Current Setup hyperparameters (setup  157  of  162 ):
----------------------
dnn_hidden_units =  256,128,512 
Batch size =  384 
Training rate =  1e-07 
Optimizer =  sgd 
Batch Normalization = True

Training Loss =  2.5623 , Train Accuracy =  0.099 
Test Loss =  2.553 , Test Accuracy =  0.0994

Current best = setup 106 , Test accuracy =  0.4465

Current Setup hyperparameters (setup  158  of  162 ):
----------------------
dnn_hidden_units =  256,128,512 
Batch size =  384 
Training rate =  5.05e-06 
Optimizer =  adam 
Batch Normalization = True

Training Loss =  1.8824 , Train Accuracy =  0.3776 
Test Loss =  1.9544 , Test Accuracy =  0.3558

Current best = setup 106 , Test accuracy =  0.4465

Current Setup hyperparameters (setup  159  of  162 ):
----------------------
dnn_hidden_units =  256,128,512 
Batch size =  384 
Training rate =  5.05e-06 
Optimizer =  sgd 
Batch Normalization = True

Training Loss =  2.3973 , Train Accuracy =  0.1042 
Test Loss =  2.3671 , Test Accuracy =  0.1275

Current best = setup 106 , Test accuracy =  0.4465

Current Setup hyperparameters (setup  160  of  162 ):
----------------------
dnn_hidden_units =  256,128,512 
Batch size =  384 
Training rate =  1e-05 
Optimizer =  adam 
Batch Normalization = True

Training Loss =  1.6893 , Train Accuracy =  0.487 
Test Loss =  1.7801 , Test Accuracy =  0.4367

Current best = setup 106 , Test accuracy =  0.4465

Current Setup hyperparameters (setup  161  of  162 ):
----------------------
dnn_hidden_units =  256,128,512 
Batch size =  384 
Training rate =  1e-05 
Optimizer =  sgd 
Batch Normalization = True

Training Loss =  2.2798 , Train Accuracy =  0.1745 
Test Loss =  2.2794 , Test Accuracy =  0.1644

Current best = setup 106 , Test accuracy =  0.4465

Best Setup hyperparameters:
----------------------
dnn_hidden_units =  512,128,384 
Batch size =  384 
Training rate =  1e-05 
Optimizer =  adam 
Batch Normalization = True
Traceback (most recent call last):
  File "train_mlp_pytorch.py", line 397, in <module>
    n_hidden, b_size, eta, opt = get_best_setup(setups)
TypeError: cannot unpack non-iterable NoneType object
srun: error: r31n6: task 0: Exited with exit code 1
 
 ------ Job mlp_pytorch is finished -------
